[1.100s] Invoking command in '/home/zyme/ros_ws/mini_pepper/build/champ_description': CMAKE_PREFIX_PATH=${CMAKE_PREFIX_PATH}:/home/zyme/ros_ws/mini_pepper/install/mini_pupper_driver:/opt/ros/humble /usr/bin/cmake /home/zyme/ros_ws/mini_pepper/src/champ/champ/champ_description -DCMAKE_INSTALL_PREFIX=/home/zyme/ros_ws/mini_pepper/install/champ_description
[1.996s] -- The C compiler identification is GNU 11.4.0
[1.998s] -- The CXX compiler identification is GNU 11.4.0
[1.999s] -- Detecting C compiler ABI info
[1.999s] -- Detecting C compiler ABI info - done
[1.999s] -- Check for working C compiler: /usr/bin/cc - skipped
[1.999s] -- Detecting C compile features
[2.000s] -- Detecting C compile features - done
[2.000s] -- Detecting CXX compiler ABI info
[2.000s] -- Detecting CXX compiler ABI info - done
[2.008s] -- Check for working CXX compiler: /usr/bin/c++ - skipped
[2.008s] -- Detecting CXX compile features
[2.009s] -- Detecting CXX compile features - done
[2.009s] -- Found ament_cmake: 1.3.6 (/opt/ros/humble/share/ament_cmake/cmake)
[2.174s] -- Found Python3: /usr/bin/python3.10 (found version "3.10.12") found components: Interpreter 
[2.442s] -- Found ament_lint_auto: 0.12.9 (/opt/ros/humble/share/ament_lint_auto/cmake)
[2.632s] -- Configuring done
[2.640s] -- Generating done
[2.642s] -- Build files have been written to: /home/zyme/ros_ws/mini_pepper/build/champ_description
[2.661s] Invoked command in '/home/zyme/ros_ws/mini_pepper/build/champ_description' returned '0': CMAKE_PREFIX_PATH=${CMAKE_PREFIX_PATH}:/home/zyme/ros_ws/mini_pepper/install/mini_pupper_driver:/opt/ros/humble /usr/bin/cmake /home/zyme/ros_ws/mini_pepper/src/champ/champ/champ_description -DCMAKE_INSTALL_PREFIX=/home/zyme/ros_ws/mini_pepper/install/champ_description
[2.662s] Invoking command in '/home/zyme/ros_ws/mini_pepper/build/champ_description': CMAKE_PREFIX_PATH=${CMAKE_PREFIX_PATH}:/home/zyme/ros_ws/mini_pepper/install/mini_pupper_driver:/opt/ros/humble /usr/bin/cmake --build /home/zyme/ros_ws/mini_pepper/build/champ_description -- -j12 -l12
[2.766s] Invoked command in '/home/zyme/ros_ws/mini_pepper/build/champ_description' returned '0': CMAKE_PREFIX_PATH=${CMAKE_PREFIX_PATH}:/home/zyme/ros_ws/mini_pepper/install/mini_pupper_driver:/opt/ros/humble /usr/bin/cmake --build /home/zyme/ros_ws/mini_pepper/build/champ_description -- -j12 -l12
[2.836s] Invoking command in '/home/zyme/ros_ws/mini_pepper/build/champ_description': CMAKE_PREFIX_PATH=${CMAKE_PREFIX_PATH}:/home/zyme/ros_ws/mini_pepper/install/mini_pupper_driver:/opt/ros/humble /usr/bin/cmake --install /home/zyme/ros_ws/mini_pepper/build/champ_description
[2.854s] -- Install configuration: ""
[2.854s] -- Installing: /home/zyme/ros_ws/mini_pepper/install/champ_description/share/champ_description/launch
[2.854s] -- Installing: /home/zyme/ros_ws/mini_pepper/install/champ_description/share/champ_description/launch/view_urdf.launch
[2.855s] -- Installing: /home/zyme/ros_ws/mini_pepper/install/champ_description/share/champ_description/launch/description.launch.py
[2.855s] -- Installing: /home/zyme/ros_ws/mini_pepper/install/champ_description/share/champ_description/launch/description.launch
[2.856s] -- Installing: /home/zyme/ros_ws/mini_pepper/install/champ_description/share/champ_description/rviz
[2.856s] -- Installing: /home/zyme/ros_ws/mini_pepper/install/champ_description/share/champ_description/rviz/urdf_viewer.rviz
[2.856s] -- Installing: /home/zyme/ros_ws/mini_pepper/install/champ_description/share/champ_description/meshes
[2.856s] -- Installing: /home/zyme/ros_ws/mini_pepper/install/champ_description/share/champ_description/meshes/lower_leg.stl
[2.857s] -- Installing: /home/zyme/ros_ws/mini_pepper/install/champ_description/share/champ_description/meshes/base.stl
[2.862s] -- Installing: /home/zyme/ros_ws/mini_pepper/install/champ_description/share/champ_description/meshes/lower_leg_simple.stl
[2.862s] -- Installing: /home/zyme/ros_ws/mini_pepper/install/champ_description/share/champ_description/meshes/base_simple.stl
[2.865s] -- Installing: /home/zyme/ros_ws/mini_pepper/install/champ_description/share/champ_description/meshes/hip.stl
[2.865s] -- Installing: /home/zyme/ros_ws/mini_pepper/install/champ_description/share/champ_description/meshes/asus_camera_simple.dae
[2.865s] -- Installing: /home/zyme/ros_ws/mini_pepper/install/champ_description/share/champ_description/meshes/arm
[2.865s] -- Installing: /home/zyme/ros_ws/mini_pepper/install/champ_description/share/champ_description/meshes/arm/wrist2.stl
[2.866s] -- Installing: /home/zyme/ros_ws/mini_pepper/install/champ_description/share/champ_description/meshes/arm/base.stl
[2.868s] -- Installing: /home/zyme/ros_ws/mini_pepper/install/champ_description/share/champ_description/meshes/arm/upper_arm.stl
[2.868s] -- Installing: /home/zyme/ros_ws/mini_pepper/install/champ_description/share/champ_description/meshes/arm/wrist1.stl
[2.869s] -- Installing: /home/zyme/ros_ws/mini_pepper/install/champ_description/share/champ_description/meshes/arm/lower_arm.stl
[2.869s] -- Installing: /home/zyme/ros_ws/mini_pepper/install/champ_description/share/champ_description/meshes/upper_leg.stl
[2.869s] -- Installing: /home/zyme/ros_ws/mini_pepper/install/champ_description/share/champ_description/meshes/upper_leg_simple.stl
[2.870s] -- Installing: /home/zyme/ros_ws/mini_pepper/install/champ_description/share/champ_description/meshes/hokuyo_utm_30lx.dae
[2.870s] -- Installing: /home/zyme/ros_ws/mini_pepper/install/champ_description/share/champ_description/urdf
[2.871s] -- Installing: /home/zyme/ros_ws/mini_pepper/install/champ_description/share/champ_description/urdf/champ_arm.urdf
[2.871s] -- Installing: /home/zyme/ros_ws/mini_pepper/install/champ_description/share/champ_description/urdf/champ.urdf
[2.872s] -- Installing: /home/zyme/ros_ws/mini_pepper/install/champ_description/share/champ_description/urdf/asus_camera.urdf.xacro
[2.872s] -- Installing: /home/zyme/ros_ws/mini_pepper/install/champ_description/share/champ_description/urdf/accessories.urdf.xacro
[2.873s] -- Installing: /home/zyme/ros_ws/mini_pepper/install/champ_description/share/champ_description/urdf/gen_urdf
[2.873s] -- Installing: /home/zyme/ros_ws/mini_pepper/install/champ_description/share/champ_description/urdf/champ.urdf.xacro
[2.874s] -- Installing: /home/zyme/ros_ws/mini_pepper/install/champ_description/share/champ_description/urdf/hokuyo_utm30lx.urdf.xacro
[2.874s] -- Installing: /home/zyme/ros_ws/mini_pepper/install/champ_description/share/champ_description/urdf/properties.urdf.xacro
[2.874s] -- Installing: /home/zyme/ros_ws/mini_pepper/install/champ_description/share/champ_description/urdf/leg.urdf.xacro
[2.876s] -- Installing: /home/zyme/ros_ws/mini_pepper/install/champ_description/share/champ_description/urdf/champ_velodyne.urdf
[2.876s] -- Installing: /home/zyme/ros_ws/mini_pepper/install/champ_description/share/ament_index/resource_index/package_run_dependencies/champ_description
[2.877s] -- Installing: /home/zyme/ros_ws/mini_pepper/install/champ_description/share/ament_index/resource_index/parent_prefix_path/champ_description
[2.878s] -- Installing: /home/zyme/ros_ws/mini_pepper/install/champ_description/share/champ_description/environment/ament_prefix_path.sh
[2.878s] -- Installing: /home/zyme/ros_ws/mini_pepper/install/champ_description/share/champ_description/environment/ament_prefix_path.dsv
[2.890s] -- Installing: /home/zyme/ros_ws/mini_pepper/install/champ_description/share/champ_description/environment/path.sh
[2.890s] -- Installing: /home/zyme/ros_ws/mini_pepper/install/champ_description/share/champ_description/environment/path.dsv
[2.892s] -- Installing: /home/zyme/ros_ws/mini_pepper/install/champ_description/share/champ_description/local_setup.bash
[2.893s] -- Installing: /home/zyme/ros_ws/mini_pepper/install/champ_description/share/champ_description/local_setup.sh
[2.893s] -- Installing: /home/zyme/ros_ws/mini_pepper/install/champ_description/share/champ_description/local_setup.zsh
[2.893s] -- Installing: /home/zyme/ros_ws/mini_pepper/install/champ_description/share/champ_description/local_setup.dsv
[2.894s] -- Installing: /home/zyme/ros_ws/mini_pepper/install/champ_description/share/champ_description/package.dsv
[2.894s] -- Installing: /home/zyme/ros_ws/mini_pepper/install/champ_description/share/ament_index/resource_index/packages/champ_description
[2.894s] -- Installing: /home/zyme/ros_ws/mini_pepper/install/champ_description/share/champ_description/cmake/champ_descriptionConfig.cmake
[2.896s] -- Installing: /home/zyme/ros_ws/mini_pepper/install/champ_description/share/champ_description/cmake/champ_descriptionConfig-version.cmake
[2.897s] -- Installing: /home/zyme/ros_ws/mini_pepper/install/champ_description/share/champ_description/package.xml
[3.015s] Invoked command in '/home/zyme/ros_ws/mini_pepper/build/champ_description' returned '0': CMAKE_PREFIX_PATH=${CMAKE_PREFIX_PATH}:/home/zyme/ros_ws/mini_pepper/install/mini_pupper_driver:/opt/ros/humble /usr/bin/cmake --install /home/zyme/ros_ws/mini_pepper/build/champ_description
