[1.065s] Invoking command in '/home/zyme/ros_ws/mini_pepper/build/mini_pupper_navigation': CMAKE_PREFIX_PATH=${CMAKE_PREFIX_PATH}:/home/zyme/ros_ws/mini_pepper/install/mini_pupper_driver:/opt/ros/humble /usr/bin/cmake /home/zyme/ros_ws/mini_pepper/src/mini_pupper_ros/mini_pupper_navigation -DCMAKE_INSTALL_PREFIX=/home/zyme/ros_ws/mini_pepper/install/mini_pupper_navigation
[1.712s] -- The C compiler identification is GNU 11.4.0
[1.712s] -- The CXX compiler identification is GNU 11.4.0
[1.712s] -- Detecting C compiler ABI info
[1.712s] -- Detecting C compiler ABI info - done
[1.713s] -- Check for working C compiler: /usr/bin/cc - skipped
[1.713s] -- Detecting C compile features
[1.713s] -- Detecting C compile features - done
[1.713s] -- Detecting CXX compiler ABI info
[1.785s] -- Detecting CXX compiler ABI info - done
[1.807s] -- Check for working CXX compiler: /usr/bin/c++ - skipped
[1.808s] -- Detecting CXX compile features
[1.808s] -- Detecting CXX compile features - done
[1.816s] -- Found ament_cmake: 1.3.6 (/opt/ros/humble/share/ament_cmake/cmake)
[2.157s] -- Found Python3: /usr/bin/python3.10 (found version "3.10.12") found components: Interpreter 
[2.346s] -- Found ament_lint_auto: 0.12.9 (/opt/ros/humble/share/ament_lint_auto/cmake)
[2.515s] -- Added test 'copyright' to check source files copyright and LICENSE
[2.524s] -- Added test 'flake8' to check Python code syntax and style conventions
[2.526s] -- Added test 'lint_cmake' to check CMake code style
[2.529s] -- Added test 'pep257' to check Python code against some of the docstring style conventions in PEP 257
[2.534s] -- Added test 'xmllint' to check XML markup files
[2.539s] -- Configuring done
[2.544s] -- Generating done
[2.548s] -- Build files have been written to: /home/zyme/ros_ws/mini_pepper/build/mini_pupper_navigation
[2.810s] Invoked command in '/home/zyme/ros_ws/mini_pepper/build/mini_pupper_navigation' returned '0': CMAKE_PREFIX_PATH=${CMAKE_PREFIX_PATH}:/home/zyme/ros_ws/mini_pepper/install/mini_pupper_driver:/opt/ros/humble /usr/bin/cmake /home/zyme/ros_ws/mini_pepper/src/mini_pupper_ros/mini_pupper_navigation -DCMAKE_INSTALL_PREFIX=/home/zyme/ros_ws/mini_pepper/install/mini_pupper_navigation
[2.812s] Invoking command in '/home/zyme/ros_ws/mini_pepper/build/mini_pupper_navigation': CMAKE_PREFIX_PATH=${CMAKE_PREFIX_PATH}:/home/zyme/ros_ws/mini_pepper/install/mini_pupper_driver:/opt/ros/humble /usr/bin/cmake --build /home/zyme/ros_ws/mini_pepper/build/mini_pupper_navigation -- -j12 -l12
[3.001s] Invoked command in '/home/zyme/ros_ws/mini_pepper/build/mini_pupper_navigation' returned '0': CMAKE_PREFIX_PATH=${CMAKE_PREFIX_PATH}:/home/zyme/ros_ws/mini_pepper/install/mini_pupper_driver:/opt/ros/humble /usr/bin/cmake --build /home/zyme/ros_ws/mini_pepper/build/mini_pupper_navigation -- -j12 -l12
[3.085s] Invoking command in '/home/zyme/ros_ws/mini_pepper/build/mini_pupper_navigation': CMAKE_PREFIX_PATH=${CMAKE_PREFIX_PATH}:/home/zyme/ros_ws/mini_pepper/install/mini_pupper_driver:/opt/ros/humble /usr/bin/cmake --install /home/zyme/ros_ws/mini_pepper/build/mini_pupper_navigation
[3.172s] -- Install configuration: ""
[3.173s] -- Installing: /home/zyme/ros_ws/mini_pepper/install/mini_pupper_navigation/share/mini_pupper_navigation/launch
[3.173s] -- Installing: /home/zyme/ros_ws/mini_pepper/install/mini_pupper_navigation/share/mini_pupper_navigation/launch/localization.launch.py
[3.174s] -- Installing: /home/zyme/ros_ws/mini_pepper/install/mini_pupper_navigation/share/mini_pupper_navigation/launch/navigation.launch.py
[3.174s] -- Installing: /home/zyme/ros_ws/mini_pepper/install/mini_pupper_navigation/share/mini_pupper_navigation/launch/slam.launch.py
[3.175s] -- Installing: /home/zyme/ros_ws/mini_pepper/install/mini_pupper_navigation/share/mini_pupper_navigation/launch/bringup.launch.py
[3.175s] -- Installing: /home/zyme/ros_ws/mini_pepper/install/mini_pupper_navigation/share/mini_pupper_navigation/config
[3.175s] -- Installing: /home/zyme/ros_ws/mini_pepper/install/mini_pupper_navigation/share/mini_pupper_navigation/config/nav2
[3.175s] -- Installing: /home/zyme/ros_ws/mini_pepper/install/mini_pupper_navigation/share/mini_pupper_navigation/config/nav2/mini_pupper.yaml
[3.176s] -- Installing: /home/zyme/ros_ws/mini_pepper/install/mini_pupper_navigation/share/mini_pupper_navigation/config/cartographer
[3.176s] -- Installing: /home/zyme/ros_ws/mini_pepper/install/mini_pupper_navigation/share/mini_pupper_navigation/config/cartographer/nav.lua
[3.176s] -- Installing: /home/zyme/ros_ws/mini_pepper/install/mini_pupper_navigation/share/mini_pupper_navigation/config/cartographer/slam.lua
[3.176s] -- Installing: /home/zyme/ros_ws/mini_pepper/install/mini_pupper_navigation/share/mini_pupper_navigation/maps
[3.177s] -- Installing: /home/zyme/ros_ws/mini_pepper/install/mini_pupper_navigation/share/mini_pupper_navigation/maps/cartographer_map.pgm
[3.177s] -- Installing: /home/zyme/ros_ws/mini_pepper/install/mini_pupper_navigation/share/mini_pupper_navigation/maps/map.yaml
[3.177s] -- Installing: /home/zyme/ros_ws/mini_pepper/install/mini_pupper_navigation/share/mini_pupper_navigation/maps/cartographer_map.yaml
[3.177s] -- Installing: /home/zyme/ros_ws/mini_pepper/install/mini_pupper_navigation/share/mini_pupper_navigation/maps/playground.pgm
[3.177s] -- Installing: /home/zyme/ros_ws/mini_pepper/install/mini_pupper_navigation/share/mini_pupper_navigation/maps/cartographer_map.pbstream
[3.178s] -- Installing: /home/zyme/ros_ws/mini_pepper/install/mini_pupper_navigation/share/mini_pupper_navigation/maps/playground.yaml
[3.178s] -- Installing: /home/zyme/ros_ws/mini_pepper/install/mini_pupper_navigation/share/mini_pupper_navigation/maps/map.pgm
[3.178s] -- Installing: /home/zyme/ros_ws/mini_pepper/install/mini_pupper_navigation/share/mini_pupper_navigation/rviz
[3.178s] -- Installing: /home/zyme/ros_ws/mini_pepper/install/mini_pupper_navigation/share/mini_pupper_navigation/rviz/mini_pupper_nav.rviz
[3.179s] -- Installing: /home/zyme/ros_ws/mini_pepper/install/mini_pupper_navigation/share/ament_index/resource_index/package_run_dependencies/mini_pupper_navigation
[3.179s] -- Installing: /home/zyme/ros_ws/mini_pepper/install/mini_pupper_navigation/share/ament_index/resource_index/parent_prefix_path/mini_pupper_navigation
[3.179s] -- Installing: /home/zyme/ros_ws/mini_pepper/install/mini_pupper_navigation/share/mini_pupper_navigation/environment/ament_prefix_path.sh
[3.179s] -- Installing: /home/zyme/ros_ws/mini_pepper/install/mini_pupper_navigation/share/mini_pupper_navigation/environment/ament_prefix_path.dsv
[3.179s] -- Installing: /home/zyme/ros_ws/mini_pepper/install/mini_pupper_navigation/share/mini_pupper_navigation/environment/path.sh
[3.180s] -- Installing: /home/zyme/ros_ws/mini_pepper/install/mini_pupper_navigation/share/mini_pupper_navigation/environment/path.dsv
[3.180s] -- Installing: /home/zyme/ros_ws/mini_pepper/install/mini_pupper_navigation/share/mini_pupper_navigation/local_setup.bash
[3.180s] -- Installing: /home/zyme/ros_ws/mini_pepper/install/mini_pupper_navigation/share/mini_pupper_navigation/local_setup.sh
[3.181s] -- Installing: /home/zyme/ros_ws/mini_pepper/install/mini_pupper_navigation/share/mini_pupper_navigation/local_setup.zsh
[3.181s] -- Installing: /home/zyme/ros_ws/mini_pepper/install/mini_pupper_navigation/share/mini_pupper_navigation/local_setup.dsv
[3.181s] -- Installing: /home/zyme/ros_ws/mini_pepper/install/mini_pupper_navigation/share/mini_pupper_navigation/package.dsv
[3.181s] -- Installing: /home/zyme/ros_ws/mini_pepper/install/mini_pupper_navigation/share/ament_index/resource_index/packages/mini_pupper_navigation
[3.181s] -- Installing: /home/zyme/ros_ws/mini_pepper/install/mini_pupper_navigation/share/mini_pupper_navigation/cmake/mini_pupper_navigationConfig.cmake
[3.182s] -- Installing: /home/zyme/ros_ws/mini_pepper/install/mini_pupper_navigation/share/mini_pupper_navigation/cmake/mini_pupper_navigationConfig-version.cmake
[3.182s] -- Installing: /home/zyme/ros_ws/mini_pepper/install/mini_pupper_navigation/share/mini_pupper_navigation/package.xml
[3.265s] Invoked command in '/home/zyme/ros_ws/mini_pepper/build/mini_pupper_navigation' returned '0': CMAKE_PREFIX_PATH=${CMAKE_PREFIX_PATH}:/home/zyme/ros_ws/mini_pepper/install/mini_pupper_driver:/opt/ros/humble /usr/bin/cmake --install /home/zyme/ros_ws/mini_pepper/build/mini_pupper_navigation
