[0.239s] Invoking command in '/home/zyme/ros_ws/mini_pepper/build/champ_bringup': CMAKE_PREFIX_PATH=/home/zyme/ros_ws/mini_pepper/install/champ_base:/home/zyme/ros_ws/mini_pepper/install/champ_msgs:/home/zyme/ros_ws/mini_pepper/install/champ_description:/home/zyme/ros_ws/mini_pepper/install/champ:/home/zyme/ros_ws/mini_pepper/install/mini_pupper_navigation:/home/zyme/ros_ws/mini_pepper/install/mini_pupper_gazebo:/home/zyme/ros_ws/mini_pepper/install/mini_pupper_description:/home/zyme/ros_ws/mini_pepper/install/mini_pupper_bringup:/home/zyme/ros_ws/mini_pepper/install/ldlidar_stl_ros2:/home/zyme/ros_ws/mini_pepper/install/champ_teleop:/home/zyme/ros_ws/mini_pepper/install/champ_navigation:/home/zyme/ros_ws/mini_pepper/install/champ_gazebo:/home/zyme/ros_ws/mini_pepper/install/champ_bringup:/home/zyme/ros_ws/mini_pepper/install/champ_config:/home/zyme/ros_ws/robot_localization/install/robot_localization:/home/zyme/ros_ws/navfuse/install/navfuse:/home/zyme/ros_ws/microros_ws/install/micro_ros_setup:/home/zyme/ros_ws/microros_ws/install/micro_ros_agent:/home/zyme/ros_ws/microros_ws/install/micro_ros_msgs:/home/zyme/ros_ws/mini_pepper/install/mini_pupper_driver:/opt/ros/humble PATH=/home/zyme/ros_ws/mini_pepper/install/champ_base/bin:/home/zyme/ros_ws/mini_pepper/install/champ_gazebo/bin:/opt/ros/humble/bin:/home/zyme/.local/bin:/usr/local/sbin:/usr/local/bin:/usr/sbin:/usr/bin:/sbin:/bin:/usr/games:/usr/local/games:/snap/bin /usr/bin/cmake /home/zyme/ros_ws/mini_pepper/src/champ/champ/champ_bringup -DCMAKE_INSTALL_PREFIX=/home/zyme/ros_ws/mini_pepper/install/champ_bringup
[0.333s] -- The C compiler identification is GNU 11.4.0
[0.390s] -- The CXX compiler identification is GNU 11.4.0
[0.400s] -- Detecting C compiler ABI info
[0.473s] -- Detecting C compiler ABI info - done
[0.480s] -- Check for working C compiler: /usr/bin/cc - skipped
[0.481s] -- Detecting C compile features
[0.481s] -- Detecting C compile features - done
[0.485s] -- Detecting CXX compiler ABI info
[0.569s] -- Detecting CXX compiler ABI info - done
[0.577s] -- Check for working CXX compiler: /usr/bin/c++ - skipped
[0.577s] -- Detecting CXX compile features
[0.578s] -- Detecting CXX compile features - done
[0.592s] -- Found ament_cmake: 1.3.6 (/opt/ros/humble/share/ament_cmake/cmake)
[0.815s] -- Found Python3: /usr/bin/python3.10 (found version "3.10.12") found components: Interpreter 
[1.098s] -- Configuring done
[1.102s] -- Generating done
[1.103s] -- Build files have been written to: /home/zyme/ros_ws/mini_pepper/build/champ_bringup
[1.108s] Invoked command in '/home/zyme/ros_ws/mini_pepper/build/champ_bringup' returned '0': CMAKE_PREFIX_PATH=/home/zyme/ros_ws/mini_pepper/install/champ_base:/home/zyme/ros_ws/mini_pepper/install/champ_msgs:/home/zyme/ros_ws/mini_pepper/install/champ_description:/home/zyme/ros_ws/mini_pepper/install/champ:/home/zyme/ros_ws/mini_pepper/install/mini_pupper_navigation:/home/zyme/ros_ws/mini_pepper/install/mini_pupper_gazebo:/home/zyme/ros_ws/mini_pepper/install/mini_pupper_description:/home/zyme/ros_ws/mini_pepper/install/mini_pupper_bringup:/home/zyme/ros_ws/mini_pepper/install/ldlidar_stl_ros2:/home/zyme/ros_ws/mini_pepper/install/champ_teleop:/home/zyme/ros_ws/mini_pepper/install/champ_navigation:/home/zyme/ros_ws/mini_pepper/install/champ_gazebo:/home/zyme/ros_ws/mini_pepper/install/champ_bringup:/home/zyme/ros_ws/mini_pepper/install/champ_config:/home/zyme/ros_ws/robot_localization/install/robot_localization:/home/zyme/ros_ws/navfuse/install/navfuse:/home/zyme/ros_ws/microros_ws/install/micro_ros_setup:/home/zyme/ros_ws/microros_ws/install/micro_ros_agent:/home/zyme/ros_ws/microros_ws/install/micro_ros_msgs:/home/zyme/ros_ws/mini_pepper/install/mini_pupper_driver:/opt/ros/humble PATH=/home/zyme/ros_ws/mini_pepper/install/champ_base/bin:/home/zyme/ros_ws/mini_pepper/install/champ_gazebo/bin:/opt/ros/humble/bin:/home/zyme/.local/bin:/usr/local/sbin:/usr/local/bin:/usr/sbin:/usr/bin:/sbin:/bin:/usr/games:/usr/local/games:/snap/bin /usr/bin/cmake /home/zyme/ros_ws/mini_pepper/src/champ/champ/champ_bringup -DCMAKE_INSTALL_PREFIX=/home/zyme/ros_ws/mini_pepper/install/champ_bringup
[1.109s] Invoking command in '/home/zyme/ros_ws/mini_pepper/build/champ_bringup': CMAKE_PREFIX_PATH=/home/zyme/ros_ws/mini_pepper/install/champ_base:/home/zyme/ros_ws/mini_pepper/install/champ_msgs:/home/zyme/ros_ws/mini_pepper/install/champ_description:/home/zyme/ros_ws/mini_pepper/install/champ:/home/zyme/ros_ws/mini_pepper/install/mini_pupper_navigation:/home/zyme/ros_ws/mini_pepper/install/mini_pupper_gazebo:/home/zyme/ros_ws/mini_pepper/install/mini_pupper_description:/home/zyme/ros_ws/mini_pepper/install/mini_pupper_bringup:/home/zyme/ros_ws/mini_pepper/install/ldlidar_stl_ros2:/home/zyme/ros_ws/mini_pepper/install/champ_teleop:/home/zyme/ros_ws/mini_pepper/install/champ_navigation:/home/zyme/ros_ws/mini_pepper/install/champ_gazebo:/home/zyme/ros_ws/mini_pepper/install/champ_bringup:/home/zyme/ros_ws/mini_pepper/install/champ_config:/home/zyme/ros_ws/robot_localization/install/robot_localization:/home/zyme/ros_ws/navfuse/install/navfuse:/home/zyme/ros_ws/microros_ws/install/micro_ros_setup:/home/zyme/ros_ws/microros_ws/install/micro_ros_agent:/home/zyme/ros_ws/microros_ws/install/micro_ros_msgs:/home/zyme/ros_ws/mini_pepper/install/mini_pupper_driver:/opt/ros/humble PATH=/home/zyme/ros_ws/mini_pepper/install/champ_base/bin:/home/zyme/ros_ws/mini_pepper/install/champ_gazebo/bin:/opt/ros/humble/bin:/home/zyme/.local/bin:/usr/local/sbin:/usr/local/bin:/usr/sbin:/usr/bin:/sbin:/bin:/usr/games:/usr/local/games:/snap/bin /usr/bin/cmake --build /home/zyme/ros_ws/mini_pepper/build/champ_bringup -- -j12 -l12
[1.170s] Built target ament_cmake_python_copy_champ_bringup
[1.514s] running egg_info
[1.514s] creating champ_bringup.egg-info
[1.514s] writing champ_bringup.egg-info/PKG-INFO
[1.515s] writing dependency_links to champ_bringup.egg-info/dependency_links.txt
[1.515s] writing top-level names to champ_bringup.egg-info/top_level.txt
[1.515s] writing manifest file 'champ_bringup.egg-info/SOURCES.txt'
[1.517s] reading manifest file 'champ_bringup.egg-info/SOURCES.txt'
[1.517s] writing manifest file 'champ_bringup.egg-info/SOURCES.txt'
[1.543s] Built target ament_cmake_python_build_champ_bringup_egg
[1.554s] Invoked command in '/home/zyme/ros_ws/mini_pepper/build/champ_bringup' returned '0': CMAKE_PREFIX_PATH=/home/zyme/ros_ws/mini_pepper/install/champ_base:/home/zyme/ros_ws/mini_pepper/install/champ_msgs:/home/zyme/ros_ws/mini_pepper/install/champ_description:/home/zyme/ros_ws/mini_pepper/install/champ:/home/zyme/ros_ws/mini_pepper/install/mini_pupper_navigation:/home/zyme/ros_ws/mini_pepper/install/mini_pupper_gazebo:/home/zyme/ros_ws/mini_pepper/install/mini_pupper_description:/home/zyme/ros_ws/mini_pepper/install/mini_pupper_bringup:/home/zyme/ros_ws/mini_pepper/install/ldlidar_stl_ros2:/home/zyme/ros_ws/mini_pepper/install/champ_teleop:/home/zyme/ros_ws/mini_pepper/install/champ_navigation:/home/zyme/ros_ws/mini_pepper/install/champ_gazebo:/home/zyme/ros_ws/mini_pepper/install/champ_bringup:/home/zyme/ros_ws/mini_pepper/install/champ_config:/home/zyme/ros_ws/robot_localization/install/robot_localization:/home/zyme/ros_ws/navfuse/install/navfuse:/home/zyme/ros_ws/microros_ws/install/micro_ros_setup:/home/zyme/ros_ws/microros_ws/install/micro_ros_agent:/home/zyme/ros_ws/microros_ws/install/micro_ros_msgs:/home/zyme/ros_ws/mini_pepper/install/mini_pupper_driver:/opt/ros/humble PATH=/home/zyme/ros_ws/mini_pepper/install/champ_base/bin:/home/zyme/ros_ws/mini_pepper/install/champ_gazebo/bin:/opt/ros/humble/bin:/home/zyme/.local/bin:/usr/local/sbin:/usr/local/bin:/usr/sbin:/usr/bin:/sbin:/bin:/usr/games:/usr/local/games:/snap/bin /usr/bin/cmake --build /home/zyme/ros_ws/mini_pepper/build/champ_bringup -- -j12 -l12
[1.582s] Invoking command in '/home/zyme/ros_ws/mini_pepper/build/champ_bringup': CMAKE_PREFIX_PATH=/home/zyme/ros_ws/mini_pepper/install/champ_base:/home/zyme/ros_ws/mini_pepper/install/champ_msgs:/home/zyme/ros_ws/mini_pepper/install/champ_description:/home/zyme/ros_ws/mini_pepper/install/champ:/home/zyme/ros_ws/mini_pepper/install/mini_pupper_navigation:/home/zyme/ros_ws/mini_pepper/install/mini_pupper_gazebo:/home/zyme/ros_ws/mini_pepper/install/mini_pupper_description:/home/zyme/ros_ws/mini_pepper/install/mini_pupper_bringup:/home/zyme/ros_ws/mini_pepper/install/ldlidar_stl_ros2:/home/zyme/ros_ws/mini_pepper/install/champ_teleop:/home/zyme/ros_ws/mini_pepper/install/champ_navigation:/home/zyme/ros_ws/mini_pepper/install/champ_gazebo:/home/zyme/ros_ws/mini_pepper/install/champ_bringup:/home/zyme/ros_ws/mini_pepper/install/champ_config:/home/zyme/ros_ws/robot_localization/install/robot_localization:/home/zyme/ros_ws/navfuse/install/navfuse:/home/zyme/ros_ws/microros_ws/install/micro_ros_setup:/home/zyme/ros_ws/microros_ws/install/micro_ros_agent:/home/zyme/ros_ws/microros_ws/install/micro_ros_msgs:/home/zyme/ros_ws/mini_pepper/install/mini_pupper_driver:/opt/ros/humble PATH=/home/zyme/ros_ws/mini_pepper/install/champ_base/bin:/home/zyme/ros_ws/mini_pepper/install/champ_gazebo/bin:/opt/ros/humble/bin:/home/zyme/.local/bin:/usr/local/sbin:/usr/local/bin:/usr/sbin:/usr/bin:/sbin:/bin:/usr/games:/usr/local/games:/snap/bin /usr/bin/cmake --install /home/zyme/ros_ws/mini_pepper/build/champ_bringup
[1.589s] -- Install configuration: ""
[1.589s] -- Installing: /home/zyme/ros_ws/mini_pepper/install/champ_bringup/share/champ_bringup/launch
[1.589s] -- Installing: /home/zyme/ros_ws/mini_pepper/install/champ_bringup/share/champ_bringup/launch/joints_gui.launch.py
[1.589s] -- Installing: /home/zyme/ros_ws/mini_pepper/install/champ_bringup/share/champ_bringup/launch/joints_gui.launch
[1.590s] -- Installing: /home/zyme/ros_ws/mini_pepper/install/champ_bringup/share/champ_bringup/launch/include
[1.590s] -- Installing: /home/zyme/ros_ws/mini_pepper/install/champ_bringup/share/champ_bringup/launch/include/velocity_smoother.launch
[1.590s] -- Installing: /home/zyme/ros_ws/mini_pepper/install/champ_bringup/share/champ_bringup/launch/include/laser
[1.590s] -- Installing: /home/zyme/ros_ws/mini_pepper/install/champ_bringup/share/champ_bringup/launch/include/laser/rplidar.launch
[1.591s] -- Installing: /home/zyme/ros_ws/mini_pepper/install/champ_bringup/share/champ_bringup/launch/include/laser/sweep.launch
[1.591s] -- Installing: /home/zyme/ros_ws/mini_pepper/install/champ_bringup/share/champ_bringup/launch/include/laser/ydlidar.launch
[1.591s] -- Installing: /home/zyme/ros_ws/mini_pepper/install/champ_bringup/share/champ_bringup/launch/include/laser/realsense.launch
[1.591s] -- Installing: /home/zyme/ros_ws/mini_pepper/install/champ_bringup/share/champ_bringup/launch/include/laser/xv11.launch
[1.591s] -- Installing: /home/zyme/ros_ws/mini_pepper/install/champ_bringup/share/champ_bringup/launch/include/laser/hokuyo.launch
[1.592s] -- Installing: /home/zyme/ros_ws/mini_pepper/install/champ_bringup/share/champ_bringup/launch/include/laser/kinect.launch
[1.592s] -- Installing: /home/zyme/ros_ws/mini_pepper/install/champ_bringup/share/champ_bringup/launch/include/laser/sim.launch
[1.592s] -- Installing: /home/zyme/ros_ws/mini_pepper/install/champ_bringup/share/champ_bringup/launch/include/laser/d435.launch
[1.592s] -- Installing: /home/zyme/ros_ws/mini_pepper/install/champ_bringup/share/champ_bringup/launch/include/laser/lms1xx.launch
[1.592s] -- Installing: /home/zyme/ros_ws/mini_pepper/install/champ_bringup/share/champ_bringup/launch/bringup.launch.py
[1.593s] -- Installing: /home/zyme/ros_ws/mini_pepper/install/champ_bringup/share/champ_bringup/launch/bringup.launch
[1.593s] -- Installing: /home/zyme/ros_ws/mini_pepper/install/champ_bringup/share/champ_bringup/environment/pythonpath.sh
[1.593s] -- Installing: /home/zyme/ros_ws/mini_pepper/install/champ_bringup/share/champ_bringup/environment/pythonpath.dsv
[1.594s] -- Installing: /home/zyme/ros_ws/mini_pepper/install/champ_bringup/local/lib/python3.10/dist-packages/champ_bringup-0.1.0-py3.10.egg-info
[1.594s] -- Installing: /home/zyme/ros_ws/mini_pepper/install/champ_bringup/local/lib/python3.10/dist-packages/champ_bringup-0.1.0-py3.10.egg-info/top_level.txt
[1.594s] -- Installing: /home/zyme/ros_ws/mini_pepper/install/champ_bringup/local/lib/python3.10/dist-packages/champ_bringup-0.1.0-py3.10.egg-info/PKG-INFO
[1.595s] -- Installing: /home/zyme/ros_ws/mini_pepper/install/champ_bringup/local/lib/python3.10/dist-packages/champ_bringup-0.1.0-py3.10.egg-info/SOURCES.txt
[1.595s] -- Installing: /home/zyme/ros_ws/mini_pepper/install/champ_bringup/local/lib/python3.10/dist-packages/champ_bringup-0.1.0-py3.10.egg-info/dependency_links.txt
[1.595s] -- Installing: /home/zyme/ros_ws/mini_pepper/install/champ_bringup/local/lib/python3.10/dist-packages/champ_bringup
[1.595s] -- Installing: /home/zyme/ros_ws/mini_pepper/install/champ_bringup/local/lib/python3.10/dist-packages/champ_bringup/__init__.py
[1.595s] -- Installing: /home/zyme/ros_ws/mini_pepper/install/champ_bringup/local/lib/python3.10/dist-packages/champ_bringup/joint_calibrator_relay.py
[1.628s] Listing '/home/zyme/ros_ws/mini_pepper/install/champ_bringup/local/lib/python3.10/dist-packages/champ_bringup'...
[1.628s] Compiling '/home/zyme/ros_ws/mini_pepper/install/champ_bringup/local/lib/python3.10/dist-packages/champ_bringup/__init__.py'...
[1.628s] Compiling '/home/zyme/ros_ws/mini_pepper/install/champ_bringup/local/lib/python3.10/dist-packages/champ_bringup/joint_calibrator_relay.py'...
[1.631s] -- Installing: /home/zyme/ros_ws/mini_pepper/install/champ_bringup/lib/champ_bringup/joint_calibrator_relay.py
[1.632s] -- Installing: /home/zyme/ros_ws/mini_pepper/install/champ_bringup/share/ament_index/resource_index/package_run_dependencies/champ_bringup
[1.632s] -- Installing: /home/zyme/ros_ws/mini_pepper/install/champ_bringup/share/ament_index/resource_index/parent_prefix_path/champ_bringup
[1.632s] -- Installing: /home/zyme/ros_ws/mini_pepper/install/champ_bringup/share/champ_bringup/environment/ament_prefix_path.sh
[1.632s] -- Installing: /home/zyme/ros_ws/mini_pepper/install/champ_bringup/share/champ_bringup/environment/ament_prefix_path.dsv
[1.632s] -- Installing: /home/zyme/ros_ws/mini_pepper/install/champ_bringup/share/champ_bringup/environment/path.sh
[1.633s] -- Installing: /home/zyme/ros_ws/mini_pepper/install/champ_bringup/share/champ_bringup/environment/path.dsv
[1.633s] -- Installing: /home/zyme/ros_ws/mini_pepper/install/champ_bringup/share/champ_bringup/local_setup.bash
[1.633s] -- Installing: /home/zyme/ros_ws/mini_pepper/install/champ_bringup/share/champ_bringup/local_setup.sh
[1.633s] -- Installing: /home/zyme/ros_ws/mini_pepper/install/champ_bringup/share/champ_bringup/local_setup.zsh
[1.633s] -- Installing: /home/zyme/ros_ws/mini_pepper/install/champ_bringup/share/champ_bringup/local_setup.dsv
[1.633s] -- Installing: /home/zyme/ros_ws/mini_pepper/install/champ_bringup/share/champ_bringup/package.dsv
[1.634s] -- Installing: /home/zyme/ros_ws/mini_pepper/install/champ_bringup/share/ament_index/resource_index/packages/champ_bringup
[1.634s] -- Installing: /home/zyme/ros_ws/mini_pepper/install/champ_bringup/share/champ_bringup/cmake/champ_bringupConfig.cmake
[1.634s] -- Installing: /home/zyme/ros_ws/mini_pepper/install/champ_bringup/share/champ_bringup/cmake/champ_bringupConfig-version.cmake
[1.634s] -- Installing: /home/zyme/ros_ws/mini_pepper/install/champ_bringup/share/champ_bringup/package.xml
[1.636s] Invoked command in '/home/zyme/ros_ws/mini_pepper/build/champ_bringup' returned '0': CMAKE_PREFIX_PATH=/home/zyme/ros_ws/mini_pepper/install/champ_base:/home/zyme/ros_ws/mini_pepper/install/champ_msgs:/home/zyme/ros_ws/mini_pepper/install/champ_description:/home/zyme/ros_ws/mini_pepper/install/champ:/home/zyme/ros_ws/mini_pepper/install/mini_pupper_navigation:/home/zyme/ros_ws/mini_pepper/install/mini_pupper_gazebo:/home/zyme/ros_ws/mini_pepper/install/mini_pupper_description:/home/zyme/ros_ws/mini_pepper/install/mini_pupper_bringup:/home/zyme/ros_ws/mini_pepper/install/ldlidar_stl_ros2:/home/zyme/ros_ws/mini_pepper/install/champ_teleop:/home/zyme/ros_ws/mini_pepper/install/champ_navigation:/home/zyme/ros_ws/mini_pepper/install/champ_gazebo:/home/zyme/ros_ws/mini_pepper/install/champ_bringup:/home/zyme/ros_ws/mini_pepper/install/champ_config:/home/zyme/ros_ws/robot_localization/install/robot_localization:/home/zyme/ros_ws/navfuse/install/navfuse:/home/zyme/ros_ws/microros_ws/install/micro_ros_setup:/home/zyme/ros_ws/microros_ws/install/micro_ros_agent:/home/zyme/ros_ws/microros_ws/install/micro_ros_msgs:/home/zyme/ros_ws/mini_pepper/install/mini_pupper_driver:/opt/ros/humble PATH=/home/zyme/ros_ws/mini_pepper/install/champ_base/bin:/home/zyme/ros_ws/mini_pepper/install/champ_gazebo/bin:/opt/ros/humble/bin:/home/zyme/.local/bin:/usr/local/sbin:/usr/local/bin:/usr/sbin:/usr/bin:/sbin:/bin:/usr/games:/usr/local/games:/snap/bin /usr/bin/cmake --install /home/zyme/ros_ws/mini_pepper/build/champ_bringup
