[0.125s] Invoking command in '/home/zyme/ros_ws/mini_pepper/build/mini_pupper_bringup': CMAKE_PREFIX_PATH=/home/zyme/ros_ws/mini_pepper/install/champ_base:/home/zyme/ros_ws/mini_pepper/install/champ_msgs:/home/zyme/ros_ws/mini_pepper/install/champ:/home/zyme/ros_ws/mini_pepper/install/mini_pupper_navigation:/home/zyme/ros_ws/mini_pepper/install/mini_pupper_gazebo:/home/zyme/ros_ws/mini_pepper/install/mini_pupper_description:/home/zyme/ros_ws/mini_pepper/install/mini_pupper_bringup:/home/zyme/ros_ws/mini_pepper/install/ldlidar_stl_ros2:/home/zyme/ros_ws/mini_pepper/install/champ_teleop:/home/zyme/ros_ws/mini_pepper/install/champ_navigation:/home/zyme/ros_ws/mini_pepper/install/champ_gazebo:/home/zyme/ros_ws/mini_pepper/install/champ_bringup:/home/zyme/ros_ws/mini_pepper/install/champ_description:/home/zyme/ros_ws/mini_pepper/install/champ_config:/home/zyme/ros_ws/robot_localization/install/robot_localization:/home/zyme/ros_ws/navfuse/install/navfuse:/home/zyme/ros_ws/microros_ws/install/micro_ros_setup:/home/zyme/ros_ws/microros_ws/install/micro_ros_agent:/home/zyme/ros_ws/microros_ws/install/micro_ros_msgs:/home/zyme/ros_ws/mini_pepper/install/mini_pupper_driver:/opt/ros/humble PATH=/home/zyme/ros_ws/mini_pepper/install/champ_base/bin:/home/zyme/ros_ws/mini_pepper/install/champ_gazebo/bin:/opt/ros/humble/bin:/home/zyme/.local/bin:/usr/local/sbin:/usr/local/bin:/usr/sbin:/usr/bin:/sbin:/bin:/usr/games:/usr/local/games:/snap/bin /usr/bin/cmake /home/zyme/ros_ws/mini_pepper/src/mini_pupper_ros/mini_pupper_bringup -DCMAKE_INSTALL_PREFIX=/home/zyme/ros_ws/mini_pepper/install/mini_pupper_bringup
[0.212s] -- The C compiler identification is GNU 11.4.0
[0.269s] -- The CXX compiler identification is GNU 11.4.0
[0.279s] -- Detecting C compiler ABI info
[0.352s] -- Detecting C compiler ABI info - done
[0.360s] -- Check for working C compiler: /usr/bin/cc - skipped
[0.360s] -- Detecting C compile features
[0.360s] -- Detecting C compile features - done
[0.364s] -- Detecting CXX compiler ABI info
[0.449s] -- Detecting CXX compiler ABI info - done
[0.456s] -- Check for working CXX compiler: /usr/bin/c++ - skipped
[0.456s] -- Detecting CXX compile features
[0.457s] -- Detecting CXX compile features - done
[0.471s] -- Found ament_cmake: 1.3.6 (/opt/ros/humble/share/ament_cmake/cmake)
[0.691s] -- Found Python3: /usr/bin/python3.10 (found version "3.10.12") found components: Interpreter 
[0.835s] -- Found ament_lint_auto: 0.12.9 (/opt/ros/humble/share/ament_lint_auto/cmake)
[0.947s] -- Added test 'copyright' to check source files copyright and LICENSE
[0.950s] -- Added test 'flake8' to check Python code syntax and style conventions
[0.950s] -- Added test 'lint_cmake' to check CMake code style
[0.951s] -- Added test 'pep257' to check Python code against some of the docstring style conventions in PEP 257
[0.953s] -- Added test 'xmllint' to check XML markup files
[0.955s] -- Configuring done
[0.958s] -- Generating done
[0.958s] -- Build files have been written to: /home/zyme/ros_ws/mini_pepper/build/mini_pupper_bringup
[0.962s] Invoked command in '/home/zyme/ros_ws/mini_pepper/build/mini_pupper_bringup' returned '0': CMAKE_PREFIX_PATH=/home/zyme/ros_ws/mini_pepper/install/champ_base:/home/zyme/ros_ws/mini_pepper/install/champ_msgs:/home/zyme/ros_ws/mini_pepper/install/champ:/home/zyme/ros_ws/mini_pepper/install/mini_pupper_navigation:/home/zyme/ros_ws/mini_pepper/install/mini_pupper_gazebo:/home/zyme/ros_ws/mini_pepper/install/mini_pupper_description:/home/zyme/ros_ws/mini_pepper/install/mini_pupper_bringup:/home/zyme/ros_ws/mini_pepper/install/ldlidar_stl_ros2:/home/zyme/ros_ws/mini_pepper/install/champ_teleop:/home/zyme/ros_ws/mini_pepper/install/champ_navigation:/home/zyme/ros_ws/mini_pepper/install/champ_gazebo:/home/zyme/ros_ws/mini_pepper/install/champ_bringup:/home/zyme/ros_ws/mini_pepper/install/champ_description:/home/zyme/ros_ws/mini_pepper/install/champ_config:/home/zyme/ros_ws/robot_localization/install/robot_localization:/home/zyme/ros_ws/navfuse/install/navfuse:/home/zyme/ros_ws/microros_ws/install/micro_ros_setup:/home/zyme/ros_ws/microros_ws/install/micro_ros_agent:/home/zyme/ros_ws/microros_ws/install/micro_ros_msgs:/home/zyme/ros_ws/mini_pepper/install/mini_pupper_driver:/opt/ros/humble PATH=/home/zyme/ros_ws/mini_pepper/install/champ_base/bin:/home/zyme/ros_ws/mini_pepper/install/champ_gazebo/bin:/opt/ros/humble/bin:/home/zyme/.local/bin:/usr/local/sbin:/usr/local/bin:/usr/sbin:/usr/bin:/sbin:/bin:/usr/games:/usr/local/games:/snap/bin /usr/bin/cmake /home/zyme/ros_ws/mini_pepper/src/mini_pupper_ros/mini_pupper_bringup -DCMAKE_INSTALL_PREFIX=/home/zyme/ros_ws/mini_pepper/install/mini_pupper_bringup
[0.964s] Invoking command in '/home/zyme/ros_ws/mini_pepper/build/mini_pupper_bringup': CMAKE_PREFIX_PATH=/home/zyme/ros_ws/mini_pepper/install/champ_base:/home/zyme/ros_ws/mini_pepper/install/champ_msgs:/home/zyme/ros_ws/mini_pepper/install/champ:/home/zyme/ros_ws/mini_pepper/install/mini_pupper_navigation:/home/zyme/ros_ws/mini_pepper/install/mini_pupper_gazebo:/home/zyme/ros_ws/mini_pepper/install/mini_pupper_description:/home/zyme/ros_ws/mini_pepper/install/mini_pupper_bringup:/home/zyme/ros_ws/mini_pepper/install/ldlidar_stl_ros2:/home/zyme/ros_ws/mini_pepper/install/champ_teleop:/home/zyme/ros_ws/mini_pepper/install/champ_navigation:/home/zyme/ros_ws/mini_pepper/install/champ_gazebo:/home/zyme/ros_ws/mini_pepper/install/champ_bringup:/home/zyme/ros_ws/mini_pepper/install/champ_description:/home/zyme/ros_ws/mini_pepper/install/champ_config:/home/zyme/ros_ws/robot_localization/install/robot_localization:/home/zyme/ros_ws/navfuse/install/navfuse:/home/zyme/ros_ws/microros_ws/install/micro_ros_setup:/home/zyme/ros_ws/microros_ws/install/micro_ros_agent:/home/zyme/ros_ws/microros_ws/install/micro_ros_msgs:/home/zyme/ros_ws/mini_pepper/install/mini_pupper_driver:/opt/ros/humble PATH=/home/zyme/ros_ws/mini_pepper/install/champ_base/bin:/home/zyme/ros_ws/mini_pepper/install/champ_gazebo/bin:/opt/ros/humble/bin:/home/zyme/.local/bin:/usr/local/sbin:/usr/local/bin:/usr/sbin:/usr/bin:/sbin:/bin:/usr/games:/usr/local/games:/snap/bin /usr/bin/cmake --build /home/zyme/ros_ws/mini_pepper/build/mini_pupper_bringup -- -j12 -l12
[1.007s] Invoked command in '/home/zyme/ros_ws/mini_pepper/build/mini_pupper_bringup' returned '0': CMAKE_PREFIX_PATH=/home/zyme/ros_ws/mini_pepper/install/champ_base:/home/zyme/ros_ws/mini_pepper/install/champ_msgs:/home/zyme/ros_ws/mini_pepper/install/champ:/home/zyme/ros_ws/mini_pepper/install/mini_pupper_navigation:/home/zyme/ros_ws/mini_pepper/install/mini_pupper_gazebo:/home/zyme/ros_ws/mini_pepper/install/mini_pupper_description:/home/zyme/ros_ws/mini_pepper/install/mini_pupper_bringup:/home/zyme/ros_ws/mini_pepper/install/ldlidar_stl_ros2:/home/zyme/ros_ws/mini_pepper/install/champ_teleop:/home/zyme/ros_ws/mini_pepper/install/champ_navigation:/home/zyme/ros_ws/mini_pepper/install/champ_gazebo:/home/zyme/ros_ws/mini_pepper/install/champ_bringup:/home/zyme/ros_ws/mini_pepper/install/champ_description:/home/zyme/ros_ws/mini_pepper/install/champ_config:/home/zyme/ros_ws/robot_localization/install/robot_localization:/home/zyme/ros_ws/navfuse/install/navfuse:/home/zyme/ros_ws/microros_ws/install/micro_ros_setup:/home/zyme/ros_ws/microros_ws/install/micro_ros_agent:/home/zyme/ros_ws/microros_ws/install/micro_ros_msgs:/home/zyme/ros_ws/mini_pepper/install/mini_pupper_driver:/opt/ros/humble PATH=/home/zyme/ros_ws/mini_pepper/install/champ_base/bin:/home/zyme/ros_ws/mini_pepper/install/champ_gazebo/bin:/opt/ros/humble/bin:/home/zyme/.local/bin:/usr/local/sbin:/usr/local/bin:/usr/sbin:/usr/bin:/sbin:/bin:/usr/games:/usr/local/games:/snap/bin /usr/bin/cmake --build /home/zyme/ros_ws/mini_pepper/build/mini_pupper_bringup -- -j12 -l12
[1.031s] Invoking command in '/home/zyme/ros_ws/mini_pepper/build/mini_pupper_bringup': CMAKE_PREFIX_PATH=/home/zyme/ros_ws/mini_pepper/install/champ_base:/home/zyme/ros_ws/mini_pepper/install/champ_msgs:/home/zyme/ros_ws/mini_pepper/install/champ:/home/zyme/ros_ws/mini_pepper/install/mini_pupper_navigation:/home/zyme/ros_ws/mini_pepper/install/mini_pupper_gazebo:/home/zyme/ros_ws/mini_pepper/install/mini_pupper_description:/home/zyme/ros_ws/mini_pepper/install/mini_pupper_bringup:/home/zyme/ros_ws/mini_pepper/install/ldlidar_stl_ros2:/home/zyme/ros_ws/mini_pepper/install/champ_teleop:/home/zyme/ros_ws/mini_pepper/install/champ_navigation:/home/zyme/ros_ws/mini_pepper/install/champ_gazebo:/home/zyme/ros_ws/mini_pepper/install/champ_bringup:/home/zyme/ros_ws/mini_pepper/install/champ_description:/home/zyme/ros_ws/mini_pepper/install/champ_config:/home/zyme/ros_ws/robot_localization/install/robot_localization:/home/zyme/ros_ws/navfuse/install/navfuse:/home/zyme/ros_ws/microros_ws/install/micro_ros_setup:/home/zyme/ros_ws/microros_ws/install/micro_ros_agent:/home/zyme/ros_ws/microros_ws/install/micro_ros_msgs:/home/zyme/ros_ws/mini_pepper/install/mini_pupper_driver:/opt/ros/humble PATH=/home/zyme/ros_ws/mini_pepper/install/champ_base/bin:/home/zyme/ros_ws/mini_pepper/install/champ_gazebo/bin:/opt/ros/humble/bin:/home/zyme/.local/bin:/usr/local/sbin:/usr/local/bin:/usr/sbin:/usr/bin:/sbin:/bin:/usr/games:/usr/local/games:/snap/bin /usr/bin/cmake --install /home/zyme/ros_ws/mini_pepper/build/mini_pupper_bringup
[1.038s] -- Install configuration: ""
[1.038s] -- Installing: /home/zyme/ros_ws/mini_pepper/install/mini_pupper_bringup/share/mini_pupper_bringup/launch
[1.039s] -- Installing: /home/zyme/ros_ws/mini_pepper/install/mini_pupper_bringup/share/mini_pupper_bringup/launch/lidar.launch.py
[1.039s] -- Installing: /home/zyme/ros_ws/mini_pepper/install/mini_pupper_bringup/share/mini_pupper_bringup/launch/bringup.launch.py
[1.039s] -- Installing: /home/zyme/ros_ws/mini_pepper/install/mini_pupper_bringup/share/ament_index/resource_index/package_run_dependencies/mini_pupper_bringup
[1.039s] -- Installing: /home/zyme/ros_ws/mini_pepper/install/mini_pupper_bringup/share/ament_index/resource_index/parent_prefix_path/mini_pupper_bringup
[1.040s] -- Installing: /home/zyme/ros_ws/mini_pepper/install/mini_pupper_bringup/share/mini_pupper_bringup/environment/ament_prefix_path.sh
[1.040s] -- Installing: /home/zyme/ros_ws/mini_pepper/install/mini_pupper_bringup/share/mini_pupper_bringup/environment/ament_prefix_path.dsv
[1.040s] -- Installing: /home/zyme/ros_ws/mini_pepper/install/mini_pupper_bringup/share/mini_pupper_bringup/environment/path.sh
[1.040s] -- Installing: /home/zyme/ros_ws/mini_pepper/install/mini_pupper_bringup/share/mini_pupper_bringup/environment/path.dsv
[1.040s] -- Installing: /home/zyme/ros_ws/mini_pepper/install/mini_pupper_bringup/share/mini_pupper_bringup/local_setup.bash
[1.040s] -- Installing: /home/zyme/ros_ws/mini_pepper/install/mini_pupper_bringup/share/mini_pupper_bringup/local_setup.sh
[1.040s] -- Installing: /home/zyme/ros_ws/mini_pepper/install/mini_pupper_bringup/share/mini_pupper_bringup/local_setup.zsh
[1.041s] -- Installing: /home/zyme/ros_ws/mini_pepper/install/mini_pupper_bringup/share/mini_pupper_bringup/local_setup.dsv
[1.041s] -- Installing: /home/zyme/ros_ws/mini_pepper/install/mini_pupper_bringup/share/mini_pupper_bringup/package.dsv
[1.041s] -- Installing: /home/zyme/ros_ws/mini_pepper/install/mini_pupper_bringup/share/ament_index/resource_index/packages/mini_pupper_bringup
[1.041s] -- Installing: /home/zyme/ros_ws/mini_pepper/install/mini_pupper_bringup/share/mini_pupper_bringup/cmake/mini_pupper_bringupConfig.cmake
[1.041s] -- Installing: /home/zyme/ros_ws/mini_pepper/install/mini_pupper_bringup/share/mini_pupper_bringup/cmake/mini_pupper_bringupConfig-version.cmake
[1.041s] -- Installing: /home/zyme/ros_ws/mini_pepper/install/mini_pupper_bringup/share/mini_pupper_bringup/package.xml
[1.043s] Invoked command in '/home/zyme/ros_ws/mini_pepper/build/mini_pupper_bringup' returned '0': CMAKE_PREFIX_PATH=/home/zyme/ros_ws/mini_pepper/install/champ_base:/home/zyme/ros_ws/mini_pepper/install/champ_msgs:/home/zyme/ros_ws/mini_pepper/install/champ:/home/zyme/ros_ws/mini_pepper/install/mini_pupper_navigation:/home/zyme/ros_ws/mini_pepper/install/mini_pupper_gazebo:/home/zyme/ros_ws/mini_pepper/install/mini_pupper_description:/home/zyme/ros_ws/mini_pepper/install/mini_pupper_bringup:/home/zyme/ros_ws/mini_pepper/install/ldlidar_stl_ros2:/home/zyme/ros_ws/mini_pepper/install/champ_teleop:/home/zyme/ros_ws/mini_pepper/install/champ_navigation:/home/zyme/ros_ws/mini_pepper/install/champ_gazebo:/home/zyme/ros_ws/mini_pepper/install/champ_bringup:/home/zyme/ros_ws/mini_pepper/install/champ_description:/home/zyme/ros_ws/mini_pepper/install/champ_config:/home/zyme/ros_ws/robot_localization/install/robot_localization:/home/zyme/ros_ws/navfuse/install/navfuse:/home/zyme/ros_ws/microros_ws/install/micro_ros_setup:/home/zyme/ros_ws/microros_ws/install/micro_ros_agent:/home/zyme/ros_ws/microros_ws/install/micro_ros_msgs:/home/zyme/ros_ws/mini_pepper/install/mini_pupper_driver:/opt/ros/humble PATH=/home/zyme/ros_ws/mini_pepper/install/champ_base/bin:/home/zyme/ros_ws/mini_pepper/install/champ_gazebo/bin:/opt/ros/humble/bin:/home/zyme/.local/bin:/usr/local/sbin:/usr/local/bin:/usr/sbin:/usr/bin:/sbin:/bin:/usr/games:/usr/local/games:/snap/bin /usr/bin/cmake --install /home/zyme/ros_ws/mini_pepper/build/mini_pupper_bringup
