[1.330s] Invoking command in '/home/zyme/ros_ws/mini_pepper/build/champ': CMAKE_PREFIX_PATH=${CMAKE_PREFIX_PATH}:/home/zyme/ros_ws/mini_pepper/install/mini_pupper_driver:/opt/ros/humble /usr/bin/cmake /home/zyme/ros_ws/mini_pepper/src/champ/champ/champ -DCMAKE_INSTALL_PREFIX=/home/zyme/ros_ws/mini_pepper/install/champ
[2.218s] -- The C compiler identification is GNU 11.4.0
[2.218s] -- The CXX compiler identification is GNU 11.4.0
[2.218s] -- Detecting C compiler ABI info
[2.218s] -- Detecting C compiler ABI info - done
[2.219s] -- Check for working C compiler: /usr/bin/cc - skipped
[2.219s] -- Detecting C compile features
[2.219s] -- Detecting C compile features - done
[2.219s] -- Detecting CXX compiler ABI info
[2.219s] -- Detecting CXX compiler ABI info - done
[2.219s] -- Check for working CXX compiler: /usr/bin/c++ - skipped
[2.219s] -- Detecting CXX compile features
[2.219s] -- Detecting CXX compile features - done
[2.219s] -- Found ament_cmake: 1.3.6 (/opt/ros/humble/share/ament_cmake/cmake)
[2.440s] -- Found Python3: /usr/bin/python3.10 (found version "3.10.12") found components: Interpreter 
[2.693s] -- Found rclcpp: 16.0.7 (/opt/ros/humble/share/rclcpp/cmake)
[2.830s] -- Found rosidl_generator_c: 3.1.5 (/opt/ros/humble/share/rosidl_generator_c/cmake)
[2.847s] -- Found rosidl_adapter: 3.1.5 (/opt/ros/humble/share/rosidl_adapter/cmake)
[2.877s] -- Found rosidl_generator_cpp: 3.1.5 (/opt/ros/humble/share/rosidl_generator_cpp/cmake)
[2.922s] -- Using all available rosidl_typesupport_c: rosidl_typesupport_fastrtps_c;rosidl_typesupport_introspection_c
[2.979s] -- Using all available rosidl_typesupport_cpp: rosidl_typesupport_fastrtps_cpp;rosidl_typesupport_introspection_cpp
[3.184s] -- Found rmw_implementation_cmake: 6.1.1 (/opt/ros/humble/share/rmw_implementation_cmake/cmake)
[3.191s] -- Found rmw_fastrtps_cpp: 6.2.5 (/opt/ros/humble/share/rmw_fastrtps_cpp/cmake)
[3.392s] -- Found OpenSSL: /usr/lib/x86_64-linux-gnu/libcrypto.so (found version "3.0.2")  
[3.435s] -- Found FastRTPS: /opt/ros/humble/include  
[3.512s] -- Using RMW implementation 'rmw_fastrtps_cpp' as default
[3.532s] -- Looking for pthread.h
[3.656s] -- Looking for pthread.h - found
[3.657s] -- Performing Test CMAKE_HAVE_LIBC_PTHREAD
[3.767s] -- Performing Test CMAKE_HAVE_LIBC_PTHREAD - Success
[3.769s] -- Found Threads: TRUE  
[4.040s] -- Found ament_lint_auto: 0.12.9 (/opt/ros/humble/share/ament_lint_auto/cmake)
[4.129s] -- Configuring done
[4.134s] -- Generating done
[4.135s] -- Build files have been written to: /home/zyme/ros_ws/mini_pepper/build/champ
[4.218s] Invoked command in '/home/zyme/ros_ws/mini_pepper/build/champ' returned '0': CMAKE_PREFIX_PATH=${CMAKE_PREFIX_PATH}:/home/zyme/ros_ws/mini_pepper/install/mini_pupper_driver:/opt/ros/humble /usr/bin/cmake /home/zyme/ros_ws/mini_pepper/src/champ/champ/champ -DCMAKE_INSTALL_PREFIX=/home/zyme/ros_ws/mini_pepper/install/champ
[4.219s] Invoking command in '/home/zyme/ros_ws/mini_pepper/build/champ': CMAKE_PREFIX_PATH=${CMAKE_PREFIX_PATH}:/home/zyme/ros_ws/mini_pepper/install/mini_pupper_driver:/opt/ros/humble /usr/bin/cmake --build /home/zyme/ros_ws/mini_pepper/build/champ -- -j12 -l12
[4.377s] Invoked command in '/home/zyme/ros_ws/mini_pepper/build/champ' returned '0': CMAKE_PREFIX_PATH=${CMAKE_PREFIX_PATH}:/home/zyme/ros_ws/mini_pepper/install/mini_pupper_driver:/opt/ros/humble /usr/bin/cmake --build /home/zyme/ros_ws/mini_pepper/build/champ -- -j12 -l12
[4.527s] Invoking command in '/home/zyme/ros_ws/mini_pepper/build/champ': CMAKE_PREFIX_PATH=${CMAKE_PREFIX_PATH}:/home/zyme/ros_ws/mini_pepper/install/mini_pupper_driver:/opt/ros/humble /usr/bin/cmake --install /home/zyme/ros_ws/mini_pepper/build/champ
[4.539s] -- Install configuration: ""
[4.539s] -- Installing: /home/zyme/ros_ws/mini_pepper/install/champ/include
[4.539s] -- Installing: /home/zyme/ros_ws/mini_pepper/install/champ/include/champ
[4.539s] -- Installing: /home/zyme/ros_ws/mini_pepper/install/champ/include/champ/macros
[4.539s] -- Installing: /home/zyme/ros_ws/mini_pepper/install/champ/include/champ/macros/macros.h
[4.540s] -- Installing: /home/zyme/ros_ws/mini_pepper/install/champ/include/champ/leg_controller
[4.540s] -- Installing: /home/zyme/ros_ws/mini_pepper/install/champ/include/champ/leg_controller/phase_generator.h
[4.540s] -- Installing: /home/zyme/ros_ws/mini_pepper/install/champ/include/champ/leg_controller/trajectory_planner.h
[4.541s] -- Installing: /home/zyme/ros_ws/mini_pepper/install/champ/include/champ/leg_controller/leg_controller.h
[4.541s] -- Installing: /home/zyme/ros_ws/mini_pepper/install/champ/include/champ/utils
[4.541s] -- Installing: /home/zyme/ros_ws/mini_pepper/install/champ/include/champ/utils/xmlrpc_helpers.h
[4.541s] -- Installing: /home/zyme/ros_ws/mini_pepper/install/champ/include/champ/utils/urdf_loader.h
[4.542s] -- Installing: /home/zyme/ros_ws/mini_pepper/install/champ/include/champ/README.md
[4.542s] -- Installing: /home/zyme/ros_ws/mini_pepper/install/champ/include/champ/bla
[4.542s] -- Installing: /home/zyme/ros_ws/mini_pepper/install/champ/include/champ/bla/basic_linear_algebra.h
[4.543s] -- Installing: /home/zyme/ros_ws/mini_pepper/install/champ/include/champ/bla/memory_delegate.h
[4.543s] -- Installing: /home/zyme/ros_ws/mini_pepper/install/champ/include/champ/quadruped_base
[4.543s] -- Installing: /home/zyme/ros_ws/mini_pepper/install/champ/include/champ/quadruped_base/quadruped_base.h
[4.544s] -- Installing: /home/zyme/ros_ws/mini_pepper/install/champ/include/champ/quadruped_base/quadruped_components.h
[4.545s] -- Installing: /home/zyme/ros_ws/mini_pepper/install/champ/include/champ/quadruped_base/quadruped_joint.h
[4.545s] -- Installing: /home/zyme/ros_ws/mini_pepper/install/champ/include/champ/quadruped_base/quadruped_leg.h
[4.545s] -- Installing: /home/zyme/ros_ws/mini_pepper/install/champ/include/champ/geometry
[4.545s] -- Installing: /home/zyme/ros_ws/mini_pepper/install/champ/include/champ/geometry/geometry.h
[4.545s] -- Installing: /home/zyme/ros_ws/mini_pepper/install/champ/include/champ/LICENSE
[4.545s] -- Installing: /home/zyme/ros_ws/mini_pepper/install/champ/include/champ/.git
[4.546s] -- Installing: /home/zyme/ros_ws/mini_pepper/install/champ/include/champ/kinematics
[4.546s] -- Installing: /home/zyme/ros_ws/mini_pepper/install/champ/include/champ/kinematics/kinematics.h
[4.546s] -- Installing: /home/zyme/ros_ws/mini_pepper/install/champ/include/champ/odometry
[4.547s] -- Installing: /home/zyme/ros_ws/mini_pepper/install/champ/include/champ/odometry/odometry.h
[4.547s] -- Installing: /home/zyme/ros_ws/mini_pepper/install/champ/include/champ/body_controller
[4.547s] -- Installing: /home/zyme/ros_ws/mini_pepper/install/champ/include/champ/body_controller/body_controller.h
[4.547s] -- Installing: /home/zyme/ros_ws/mini_pepper/install/champ/share/ament_index/resource_index/package_run_dependencies/champ
[4.548s] -- Installing: /home/zyme/ros_ws/mini_pepper/install/champ/share/ament_index/resource_index/parent_prefix_path/champ
[4.548s] -- Installing: /home/zyme/ros_ws/mini_pepper/install/champ/share/champ/environment/ament_prefix_path.sh
[4.548s] -- Installing: /home/zyme/ros_ws/mini_pepper/install/champ/share/champ/environment/ament_prefix_path.dsv
[4.548s] -- Installing: /home/zyme/ros_ws/mini_pepper/install/champ/share/champ/environment/path.sh
[4.548s] -- Installing: /home/zyme/ros_ws/mini_pepper/install/champ/share/champ/environment/path.dsv
[4.548s] -- Installing: /home/zyme/ros_ws/mini_pepper/install/champ/share/champ/local_setup.bash
[4.549s] -- Installing: /home/zyme/ros_ws/mini_pepper/install/champ/share/champ/local_setup.sh
[4.549s] -- Installing: /home/zyme/ros_ws/mini_pepper/install/champ/share/champ/local_setup.zsh
[4.550s] -- Installing: /home/zyme/ros_ws/mini_pepper/install/champ/share/champ/local_setup.dsv
[4.550s] -- Installing: /home/zyme/ros_ws/mini_pepper/install/champ/share/champ/package.dsv
[4.550s] -- Installing: /home/zyme/ros_ws/mini_pepper/install/champ/share/ament_index/resource_index/packages/champ
[4.550s] -- Installing: /home/zyme/ros_ws/mini_pepper/install/champ/share/champ/cmake/ament_cmake_export_include_directories-extras.cmake
[4.550s] -- Installing: /home/zyme/ros_ws/mini_pepper/install/champ/share/champ/cmake/champConfig.cmake
[4.550s] -- Installing: /home/zyme/ros_ws/mini_pepper/install/champ/share/champ/cmake/champConfig-version.cmake
[4.550s] -- Installing: /home/zyme/ros_ws/mini_pepper/install/champ/share/champ/package.xml
[4.552s] Invoked command in '/home/zyme/ros_ws/mini_pepper/build/champ' returned '0': CMAKE_PREFIX_PATH=${CMAKE_PREFIX_PATH}:/home/zyme/ros_ws/mini_pepper/install/mini_pupper_driver:/opt/ros/humble /usr/bin/cmake --install /home/zyme/ros_ws/mini_pepper/build/champ
