[1.213s] Invoking command in '/home/zyme/ros_ws/mini_pepper/build/champ_msgs': CMAKE_PREFIX_PATH=${CMAKE_PREFIX_PATH}:/home/zyme/ros_ws/mini_pepper/install/mini_pupper_driver:/opt/ros/humble /usr/bin/cmake /home/zyme/ros_ws/mini_pepper/src/champ/champ/champ_msgs -DCMAKE_INSTALL_PREFIX=/home/zyme/ros_ws/mini_pepper/install/champ_msgs
[2.099s] -- The C compiler identification is GNU 11.4.0
[2.103s] -- The CXX compiler identification is GNU 11.4.0
[2.104s] -- Detecting C compiler ABI info
[2.105s] -- Detecting C compiler ABI info - done
[2.106s] -- Check for working C compiler: /usr/bin/cc - skipped
[2.107s] -- Detecting C compile features
[2.108s] -- Detecting C compile features - done
[2.109s] -- Detecting CXX compiler ABI info
[2.109s] -- Detecting CXX compiler ABI info - done
[2.109s] -- Check for working CXX compiler: /usr/bin/c++ - skipped
[2.109s] -- Detecting CXX compile features
[2.110s] -- Detecting CXX compile features - done
[2.110s] -- Found ament_cmake: 1.3.6 (/opt/ros/humble/share/ament_cmake/cmake)
[2.387s] -- Found Python3: /usr/bin/python3.10 (found version "3.10.12") found components: Interpreter 
[2.651s] -- Found rosidl_default_generators: 1.2.0 (/opt/ros/humble/share/rosidl_default_generators/cmake)
[2.666s] -- Using all available rosidl_typesupport_c: rosidl_typesupport_fastrtps_c;rosidl_typesupport_introspection_c
[2.686s] -- Found rosidl_adapter: 3.1.5 (/opt/ros/humble/share/rosidl_adapter/cmake)
[2.812s] -- Using all available rosidl_typesupport_cpp: rosidl_typesupport_fastrtps_cpp;rosidl_typesupport_introspection_cpp
[2.917s] -- Found std_msgs: 4.2.3 (/opt/ros/humble/share/std_msgs/cmake)
[3.082s] -- Found geometry_msgs: 4.2.3 (/opt/ros/humble/share/geometry_msgs/cmake)
[3.715s] -- Found ament_cmake_ros: 0.10.0 (/opt/ros/humble/share/ament_cmake_ros/cmake)
[4.111s] -- Using all available rosidl_typesupport_c: rosidl_typesupport_fastrtps_c;rosidl_typesupport_introspection_c
[4.491s] -- Using all available rosidl_typesupport_cpp: rosidl_typesupport_fastrtps_cpp;rosidl_typesupport_introspection_cpp
[4.554s] -- Found PythonInterp: /usr/bin/python3 (found suitable version "3.10.12", minimum required is "3.6") 
[4.560s] -- Found python_cmake_module: 0.10.0 (/opt/ros/humble/share/python_cmake_module/cmake)
[4.622s] -- Found PythonLibs: /usr/lib/x86_64-linux-gnu/libpython3.10.so (found suitable version "3.10.12", minimum required is "3.5") 
[4.623s] -- Using PYTHON_EXECUTABLE: /usr/bin/python3
[4.623s] -- Using PYTHON_INCLUDE_DIRS: /usr/include/python3.10
[4.624s] -- Using PYTHON_LIBRARIES: /usr/lib/x86_64-linux-gnu/libpython3.10.so
[4.676s] -- Found PythonExtra: .so  
[4.854s] -- Found ament_lint_auto: 0.12.9 (/opt/ros/humble/share/ament_lint_auto/cmake)
[4.871s] -- Configuring done
[4.983s] -- Generating done
[4.989s] -- Build files have been written to: /home/zyme/ros_ws/mini_pepper/build/champ_msgs
[5.007s] Invoked command in '/home/zyme/ros_ws/mini_pepper/build/champ_msgs' returned '0': CMAKE_PREFIX_PATH=${CMAKE_PREFIX_PATH}:/home/zyme/ros_ws/mini_pepper/install/mini_pupper_driver:/opt/ros/humble /usr/bin/cmake /home/zyme/ros_ws/mini_pepper/src/champ/champ/champ_msgs -DCMAKE_INSTALL_PREFIX=/home/zyme/ros_ws/mini_pepper/install/champ_msgs
[5.009s] Invoking command in '/home/zyme/ros_ws/mini_pepper/build/champ_msgs': CMAKE_PREFIX_PATH=${CMAKE_PREFIX_PATH}:/home/zyme/ros_ws/mini_pepper/install/mini_pupper_driver:/opt/ros/humble /usr/bin/cmake --build /home/zyme/ros_ws/mini_pepper/build/champ_msgs -- -j12 -l12
[5.077s] [  1%] [34m[1mGenerating C code for ROS interfaces[0m
[5.104s] [  2%] [34m[1mGenerating C++ code for ROS interfaces[0m
[5.118s] [  2%] Built target ament_cmake_python_copy_champ_msgs
[5.671s] running egg_info
[5.672s] creating champ_msgs.egg-info
[5.672s] writing champ_msgs.egg-info/PKG-INFO
[5.672s] writing dependency_links to champ_msgs.egg-info/dependency_links.txt
[5.672s] writing top-level names to champ_msgs.egg-info/top_level.txt
[5.673s] writing manifest file 'champ_msgs.egg-info/SOURCES.txt'
[5.676s] reading manifest file 'champ_msgs.egg-info/SOURCES.txt'
[5.676s] writing manifest file 'champ_msgs.egg-info/SOURCES.txt'
[5.731s] [  2%] Built target ament_cmake_python_build_champ_msgs_egg
[6.180s] [  2%] Built target champ_msgs__cpp
[6.210s] [  3%] [34m[1mGenerating C++ type support dispatch for ROS interfaces[0m
[6.221s] [  4%] [34m[1mGenerating C++ introspection for ROS interfaces[0m
[6.228s] [  5%] [34m[1mGenerating C++ type support for eProsima Fast-RTPS[0m
[6.332s] [  7%] [32mBuilding C object CMakeFiles/champ_msgs__rosidl_generator_c.dir/rosidl_generator_c/champ_msgs/msg/detail/pid__functions.c.o[0m
[6.334s] [  7%] [32mBuilding C object CMakeFiles/champ_msgs__rosidl_generator_c.dir/rosidl_generator_c/champ_msgs/msg/detail/contacts__functions.c.o[0m
[6.336s] [  8%] [32mBuilding C object CMakeFiles/champ_msgs__rosidl_generator_c.dir/rosidl_generator_c/champ_msgs/msg/detail/contacts_stamped__functions.c.o[0m
[6.338s] [ 10%] [32mBuilding C object CMakeFiles/champ_msgs__rosidl_generator_c.dir/rosidl_generator_c/champ_msgs/msg/detail/joints__functions.c.o[0m
[6.339s] [ 10%] [32mBuilding C object CMakeFiles/champ_msgs__rosidl_generator_c.dir/rosidl_generator_c/champ_msgs/msg/detail/imu__functions.c.o[0m
[6.342s] [ 11%] [32mBuilding C object CMakeFiles/champ_msgs__rosidl_generator_c.dir/rosidl_generator_c/champ_msgs/msg/detail/velocities__functions.c.o[0m
[6.342s] [ 12%] [32mBuilding C object CMakeFiles/champ_msgs__rosidl_generator_c.dir/rosidl_generator_c/champ_msgs/msg/detail/point__functions.c.o[0m
[6.345s] [ 13%] [32mBuilding C object CMakeFiles/champ_msgs__rosidl_generator_c.dir/rosidl_generator_c/champ_msgs/msg/detail/pose__functions.c.o[0m
[6.346s] [ 14%] [32mBuilding C object CMakeFiles/champ_msgs__rosidl_generator_c.dir/rosidl_generator_c/champ_msgs/msg/detail/point_array__functions.c.o[0m
[6.472s] [ 15%] [32m[1mLinking C shared library libchamp_msgs__rosidl_generator_c.so[0m
[6.522s] [ 15%] Built target champ_msgs__rosidl_generator_c
[6.541s] [ 16%] [34m[1mGenerating C type support for eProsima Fast-RTPS[0m
[6.542s] [ 18%] [34m[1mGenerating C introspection for ROS interfaces[0m
[6.542s] [ 18%] [34m[1mGenerating C type support dispatch for ROS interfaces[0m
[6.994s] [ 20%] [32mBuilding CXX object CMakeFiles/champ_msgs__rosidl_typesupport_cpp.dir/rosidl_typesupport_cpp/champ_msgs/msg/pid__type_support.cpp.o[0m
[6.994s] [ 21%] [32mBuilding CXX object CMakeFiles/champ_msgs__rosidl_typesupport_cpp.dir/rosidl_typesupport_cpp/champ_msgs/msg/imu__type_support.cpp.o[0m
[6.997s] [ 22%] [32mBuilding CXX object CMakeFiles/champ_msgs__rosidl_typesupport_cpp.dir/rosidl_typesupport_cpp/champ_msgs/msg/point__type_support.cpp.o[0m
[6.999s] [ 23%] [32mBuilding CXX object CMakeFiles/champ_msgs__rosidl_typesupport_cpp.dir/rosidl_typesupport_cpp/champ_msgs/msg/velocities__type_support.cpp.o[0m
[7.002s] [ 24%] [32mBuilding CXX object CMakeFiles/champ_msgs__rosidl_typesupport_cpp.dir/rosidl_typesupport_cpp/champ_msgs/msg/point_array__type_support.cpp.o[0m
[7.007s] [ 25%] [32mBuilding CXX object CMakeFiles/champ_msgs__rosidl_typesupport_cpp.dir/rosidl_typesupport_cpp/champ_msgs/msg/contacts__type_support.cpp.o[0m
[7.009s] [ 26%] [32mBuilding CXX object CMakeFiles/champ_msgs__rosidl_typesupport_cpp.dir/rosidl_typesupport_cpp/champ_msgs/msg/joints__type_support.cpp.o[0m
[7.573s] [ 27%] [32mBuilding CXX object CMakeFiles/champ_msgs__rosidl_typesupport_c.dir/rosidl_typesupport_c/champ_msgs/msg/velocities__type_support.cpp.o[0m
[7.669s] [ 28%] [32mBuilding CXX object CMakeFiles/champ_msgs__rosidl_typesupport_c.dir/rosidl_typesupport_c/champ_msgs/msg/pid__type_support.cpp.o[0m
[7.722s] [ 29%] [32mBuilding CXX object CMakeFiles/champ_msgs__rosidl_typesupport_cpp.dir/rosidl_typesupport_cpp/champ_msgs/msg/contacts_stamped__type_support.cpp.o[0m
[7.728s] [ 30%] [32mBuilding CXX object CMakeFiles/champ_msgs__rosidl_typesupport_cpp.dir/rosidl_typesupport_cpp/champ_msgs/msg/pose__type_support.cpp.o[0m
[7.738s] [ 31%] [32mBuilding CXX object CMakeFiles/champ_msgs__rosidl_typesupport_c.dir/rosidl_typesupport_c/champ_msgs/msg/imu__type_support.cpp.o[0m
[7.745s] [ 32%] [32mBuilding CXX object CMakeFiles/champ_msgs__rosidl_typesupport_c.dir/rosidl_typesupport_c/champ_msgs/msg/point__type_support.cpp.o[0m
[7.754s] [ 33%] [32mBuilding CXX object CMakeFiles/champ_msgs__rosidl_typesupport_introspection_cpp.dir/rosidl_typesupport_introspection_cpp/champ_msgs/msg/detail/velocities__type_support.cpp.o[0m
[7.760s] [ 34%] [32mBuilding CXX object CMakeFiles/champ_msgs__rosidl_typesupport_c.dir/rosidl_typesupport_c/champ_msgs/msg/point_array__type_support.cpp.o[0m
[7.764s] [ 35%] [32mBuilding CXX object CMakeFiles/champ_msgs__rosidl_typesupport_introspection_cpp.dir/rosidl_typesupport_introspection_cpp/champ_msgs/msg/detail/pid__type_support.cpp.o[0m
[7.802s] [ 36%] [32mBuilding CXX object CMakeFiles/champ_msgs__rosidl_typesupport_introspection_cpp.dir/rosidl_typesupport_introspection_cpp/champ_msgs/msg/detail/imu__type_support.cpp.o[0m
[7.814s] [ 37%] [32mBuilding CXX object CMakeFiles/champ_msgs__rosidl_typesupport_fastrtps_cpp.dir/rosidl_typesupport_fastrtps_cpp/champ_msgs/msg/detail/dds_fastrtps/velocities__type_support.cpp.o[0m
[7.850s] [ 38%] [32mBuilding CXX object CMakeFiles/champ_msgs__rosidl_typesupport_fastrtps_cpp.dir/rosidl_typesupport_fastrtps_cpp/champ_msgs/msg/detail/dds_fastrtps/pid__type_support.cpp.o[0m
[7.861s] [ 40%] [32mBuilding CXX object CMakeFiles/champ_msgs__rosidl_typesupport_c.dir/rosidl_typesupport_c/champ_msgs/msg/joints__type_support.cpp.o[0m
[7.870s] [ 41%] [32mBuilding CXX object CMakeFiles/champ_msgs__rosidl_typesupport_introspection_cpp.dir/rosidl_typesupport_introspection_cpp/champ_msgs/msg/detail/point__type_support.cpp.o[0m
[7.872s] [ 42%] [32mBuilding CXX object CMakeFiles/champ_msgs__rosidl_typesupport_fastrtps_cpp.dir/rosidl_typesupport_fastrtps_cpp/champ_msgs/msg/detail/dds_fastrtps/imu__type_support.cpp.o[0m
[7.903s] [ 43%] [32mBuilding C object CMakeFiles/champ_msgs__rosidl_typesupport_introspection_c.dir/rosidl_typesupport_introspection_c/champ_msgs/msg/detail/velocities__type_support.c.o[0m
[7.960s] [ 44%] [32mBuilding CXX object CMakeFiles/champ_msgs__rosidl_typesupport_c.dir/rosidl_typesupport_c/champ_msgs/msg/contacts__type_support.cpp.o[0m
[8.016s] [ 45%] [32mBuilding C object CMakeFiles/champ_msgs__rosidl_typesupport_introspection_c.dir/rosidl_typesupport_introspection_c/champ_msgs/msg/detail/pid__type_support.c.o[0m
[8.049s] [ 46%] [32mBuilding CXX object CMakeFiles/champ_msgs__rosidl_typesupport_c.dir/rosidl_typesupport_c/champ_msgs/msg/contacts_stamped__type_support.cpp.o[0m
[8.168s] [ 47%] [32mBuilding C object CMakeFiles/champ_msgs__rosidl_typesupport_introspection_c.dir/rosidl_typesupport_introspection_c/champ_msgs/msg/detail/imu__type_support.c.o[0m
[8.169s] [ 48%] [32mBuilding CXX object CMakeFiles/champ_msgs__rosidl_typesupport_c.dir/rosidl_typesupport_c/champ_msgs/msg/pose__type_support.cpp.o[0m
[8.170s] [ 49%] [32mBuilding CXX object CMakeFiles/champ_msgs__rosidl_typesupport_fastrtps_c.dir/rosidl_typesupport_fastrtps_c/champ_msgs/msg/detail/velocities__type_support_c.cpp.o[0m
[8.291s] [ 50%] [32m[1mLinking CXX shared library libchamp_msgs__rosidl_typesupport_c.so[0m
[8.315s] [ 51%] [32mBuilding C object CMakeFiles/champ_msgs__rosidl_typesupport_introspection_c.dir/rosidl_typesupport_introspection_c/champ_msgs/msg/detail/point__type_support.c.o[0m
[8.358s] [ 52%] [32mBuilding CXX object CMakeFiles/champ_msgs__rosidl_typesupport_fastrtps_c.dir/rosidl_typesupport_fastrtps_c/champ_msgs/msg/detail/pid__type_support_c.cpp.o[0m
[8.400s] [ 52%] Built target champ_msgs__rosidl_typesupport_c
[8.421s] [ 53%] [32mBuilding C object CMakeFiles/champ_msgs__rosidl_typesupport_introspection_c.dir/rosidl_typesupport_introspection_c/champ_msgs/msg/detail/point_array__type_support.c.o[0m
[8.425s] [ 54%] [32m[1mLinking CXX shared library libchamp_msgs__rosidl_typesupport_cpp.so[0m
[8.441s] [ 55%] [32mBuilding CXX object CMakeFiles/champ_msgs__rosidl_typesupport_fastrtps_c.dir/rosidl_typesupport_fastrtps_c/champ_msgs/msg/detail/imu__type_support_c.cpp.o[0m
[8.538s] [ 56%] [32mBuilding C object CMakeFiles/champ_msgs__rosidl_typesupport_introspection_c.dir/rosidl_typesupport_introspection_c/champ_msgs/msg/detail/joints__type_support.c.o[0m
[8.612s] [ 56%] Built target champ_msgs__rosidl_typesupport_cpp
[8.676s] [ 57%] [32mBuilding C object CMakeFiles/champ_msgs__rosidl_typesupport_introspection_c.dir/rosidl_typesupport_introspection_c/champ_msgs/msg/detail/contacts__type_support.c.o[0m
[8.679s] [ 58%] [32mBuilding CXX object CMakeFiles/champ_msgs__rosidl_typesupport_fastrtps_c.dir/rosidl_typesupport_fastrtps_c/champ_msgs/msg/detail/point__type_support_c.cpp.o[0m
[8.726s] [ 60%] [32mBuilding CXX object CMakeFiles/champ_msgs__rosidl_typesupport_fastrtps_cpp.dir/rosidl_typesupport_fastrtps_cpp/champ_msgs/msg/detail/dds_fastrtps/point_array__type_support.cpp.o[0m
[8.750s] [ 61%] [32mBuilding CXX object CMakeFiles/champ_msgs__rosidl_typesupport_fastrtps_cpp.dir/rosidl_typesupport_fastrtps_cpp/champ_msgs/msg/detail/dds_fastrtps/point__type_support.cpp.o[0m
[8.786s] [ 62%] [32mBuilding C object CMakeFiles/champ_msgs__rosidl_typesupport_introspection_c.dir/rosidl_typesupport_introspection_c/champ_msgs/msg/detail/contacts_stamped__type_support.c.o[0m
[8.798s] [ 63%] [32mBuilding CXX object CMakeFiles/champ_msgs__rosidl_typesupport_introspection_cpp.dir/rosidl_typesupport_introspection_cpp/champ_msgs/msg/detail/point_array__type_support.cpp.o[0m
[8.804s] [ 64%] [32mBuilding CXX object CMakeFiles/champ_msgs__rosidl_typesupport_fastrtps_cpp.dir/rosidl_typesupport_fastrtps_cpp/champ_msgs/msg/detail/dds_fastrtps/joints__type_support.cpp.o[0m
[8.824s] [ 65%] [32mBuilding CXX object CMakeFiles/champ_msgs__rosidl_typesupport_fastrtps_cpp.dir/rosidl_typesupport_fastrtps_cpp/champ_msgs/msg/detail/dds_fastrtps/contacts__type_support.cpp.o[0m
[8.857s] [ 66%] [32mBuilding CXX object CMakeFiles/champ_msgs__rosidl_typesupport_introspection_cpp.dir/rosidl_typesupport_introspection_cpp/champ_msgs/msg/detail/joints__type_support.cpp.o[0m
[8.911s] [ 67%] [32mBuilding CXX object CMakeFiles/champ_msgs__rosidl_typesupport_fastrtps_cpp.dir/rosidl_typesupport_fastrtps_cpp/champ_msgs/msg/detail/dds_fastrtps/contacts_stamped__type_support.cpp.o[0m
[8.916s] [ 68%] [32mBuilding C object CMakeFiles/champ_msgs__rosidl_typesupport_introspection_c.dir/rosidl_typesupport_introspection_c/champ_msgs/msg/detail/pose__type_support.c.o[0m
[8.933s] [ 69%] [32mBuilding CXX object CMakeFiles/champ_msgs__rosidl_typesupport_fastrtps_c.dir/rosidl_typesupport_fastrtps_c/champ_msgs/msg/detail/point_array__type_support_c.cpp.o[0m
[9.093s] [ 70%] [32m[1mLinking C shared library libchamp_msgs__rosidl_typesupport_introspection_c.so[0m
[9.221s] [ 71%] [32mBuilding CXX object CMakeFiles/champ_msgs__rosidl_typesupport_fastrtps_cpp.dir/rosidl_typesupport_fastrtps_cpp/champ_msgs/msg/detail/dds_fastrtps/pose__type_support.cpp.o[0m
[9.247s] [ 71%] Built target champ_msgs__rosidl_typesupport_introspection_c
[9.269s] [ 72%] [32mBuilding CXX object CMakeFiles/champ_msgs__rosidl_typesupport_fastrtps_c.dir/rosidl_typesupport_fastrtps_c/champ_msgs/msg/detail/joints__type_support_c.cpp.o[0m
[9.294s] [ 73%] [32mBuilding CXX object CMakeFiles/champ_msgs__rosidl_typesupport_fastrtps_c.dir/rosidl_typesupport_fastrtps_c/champ_msgs/msg/detail/contacts__type_support_c.cpp.o[0m
[9.539s] [ 74%] [32mBuilding CXX object CMakeFiles/champ_msgs__rosidl_typesupport_fastrtps_c.dir/rosidl_typesupport_fastrtps_c/champ_msgs/msg/detail/contacts_stamped__type_support_c.cpp.o[0m
[9.735s] [ 75%] [32mBuilding CXX object CMakeFiles/champ_msgs__rosidl_typesupport_fastrtps_c.dir/rosidl_typesupport_fastrtps_c/champ_msgs/msg/detail/pose__type_support_c.cpp.o[0m
[9.827s] [ 76%] [32mBuilding CXX object CMakeFiles/champ_msgs__rosidl_typesupport_introspection_cpp.dir/rosidl_typesupport_introspection_cpp/champ_msgs/msg/detail/contacts__type_support.cpp.o[0m
[9.892s] [ 77%] [32mBuilding CXX object CMakeFiles/champ_msgs__rosidl_typesupport_introspection_cpp.dir/rosidl_typesupport_introspection_cpp/champ_msgs/msg/detail/contacts_stamped__type_support.cpp.o[0m
[9.944s] [ 78%] [32mBuilding CXX object CMakeFiles/champ_msgs__rosidl_typesupport_introspection_cpp.dir/rosidl_typesupport_introspection_cpp/champ_msgs/msg/detail/pose__type_support.cpp.o[0m
[10.088s] [ 80%] [32m[1mLinking CXX shared library libchamp_msgs__rosidl_typesupport_fastrtps_cpp.so[0m
[10.230s] [ 80%] Built target champ_msgs__rosidl_typesupport_fastrtps_cpp
[10.382s] [ 81%] [32m[1mLinking CXX shared library libchamp_msgs__rosidl_typesupport_fastrtps_c.so[0m
[10.507s] [ 81%] Built target champ_msgs__rosidl_typesupport_fastrtps_c
[10.599s] [ 82%] [32m[1mLinking CXX shared library libchamp_msgs__rosidl_typesupport_introspection_cpp.so[0m
[10.694s] [ 82%] Built target champ_msgs__rosidl_typesupport_introspection_cpp
[10.716s] [ 82%] Built target champ_msgs
[10.740s] [ 83%] [34m[1mGenerating Python code for ROS interfaces[0m
[11.679s] [ 83%] Built target champ_msgs__py
[11.707s] [ 84%] [32mBuilding C object CMakeFiles/champ_msgs__rosidl_generator_py.dir/rosidl_generator_py/champ_msgs/msg/_velocities_s.c.o[0m
[11.709s] [ 86%] [32mBuilding C object CMakeFiles/champ_msgs__rosidl_generator_py.dir/rosidl_generator_py/champ_msgs/msg/_imu_s.c.o[0m
[11.710s] [ 86%] [32mBuilding C object CMakeFiles/champ_msgs__rosidl_generator_py.dir/rosidl_generator_py/champ_msgs/msg/_pid_s.c.o[0m
[11.710s] [ 88%] [32mBuilding C object CMakeFiles/champ_msgs__rosidl_generator_py.dir/rosidl_generator_py/champ_msgs/msg/_contacts_s.c.o[0m
[11.710s] [ 88%] [32mBuilding C object CMakeFiles/champ_msgs__rosidl_generator_py.dir/rosidl_generator_py/champ_msgs/msg/_point_array_s.c.o[0m
[11.711s] [ 90%] [32mBuilding C object CMakeFiles/champ_msgs__rosidl_generator_py.dir/rosidl_generator_py/champ_msgs/msg/_point_s.c.o[0m
[11.711s] [ 90%] [32mBuilding C object CMakeFiles/champ_msgs__rosidl_generator_py.dir/rosidl_generator_py/champ_msgs/msg/_joints_s.c.o[0m
[11.713s] [ 91%] [32mBuilding C object CMakeFiles/champ_msgs__rosidl_generator_py.dir/rosidl_generator_py/champ_msgs/msg/_pose_s.c.o[0m
[11.714s] [ 92%] [32mBuilding C object CMakeFiles/champ_msgs__rosidl_generator_py.dir/rosidl_generator_py/champ_msgs/msg/_contacts_stamped_s.c.o[0m
[11.946s] [ 93%] [32m[1mLinking C shared library rosidl_generator_py/champ_msgs/libchamp_msgs__rosidl_generator_py.so[0m
[11.995s] [ 93%] Built target champ_msgs__rosidl_generator_py
[12.018s] [ 96%] [32mBuilding C object CMakeFiles/champ_msgs__rosidl_typesupport_fastrtps_c__pyext.dir/rosidl_generator_py/champ_msgs/_champ_msgs_s.ep.rosidl_typesupport_fastrtps_c.c.o[0m
[12.019s] [ 96%] [32mBuilding C object CMakeFiles/champ_msgs__rosidl_typesupport_c__pyext.dir/rosidl_generator_py/champ_msgs/_champ_msgs_s.ep.rosidl_typesupport_c.c.o[0m
[12.019s] [ 96%] [32mBuilding C object CMakeFiles/champ_msgs__rosidl_typesupport_introspection_c__pyext.dir/rosidl_generator_py/champ_msgs/_champ_msgs_s.ep.rosidl_typesupport_introspection_c.c.o[0m
[12.166s] [ 97%] [32m[1mLinking C shared library rosidl_generator_py/champ_msgs/champ_msgs_s__rosidl_typesupport_c.cpython-310-x86_64-linux-gnu.so[0m
[12.168s] [100%] [32m[1mLinking C shared library rosidl_generator_py/champ_msgs/champ_msgs_s__rosidl_typesupport_introspection_c.cpython-310-x86_64-linux-gnu.so[0m
[12.168s] [100%] [32m[1mLinking C shared library rosidl_generator_py/champ_msgs/champ_msgs_s__rosidl_typesupport_fastrtps_c.cpython-310-x86_64-linux-gnu.so[0m
[12.217s] [100%] Built target champ_msgs__rosidl_typesupport_introspection_c__pyext
[12.217s] [100%] Built target champ_msgs__rosidl_typesupport_fastrtps_c__pyext
[12.217s] [100%] Built target champ_msgs__rosidl_typesupport_c__pyext
[12.232s] Invoked command in '/home/zyme/ros_ws/mini_pepper/build/champ_msgs' returned '0': CMAKE_PREFIX_PATH=${CMAKE_PREFIX_PATH}:/home/zyme/ros_ws/mini_pepper/install/mini_pupper_driver:/opt/ros/humble /usr/bin/cmake --build /home/zyme/ros_ws/mini_pepper/build/champ_msgs -- -j12 -l12
[12.496s] Invoking command in '/home/zyme/ros_ws/mini_pepper/build/champ_msgs': CMAKE_PREFIX_PATH=${CMAKE_PREFIX_PATH}:/home/zyme/ros_ws/mini_pepper/install/mini_pupper_driver:/opt/ros/humble /usr/bin/cmake --install /home/zyme/ros_ws/mini_pepper/build/champ_msgs
[12.505s] -- Install configuration: ""
[12.505s] -- Installing: /home/zyme/ros_ws/mini_pepper/install/champ_msgs/share/ament_index/resource_index/rosidl_interfaces/champ_msgs
[12.506s] -- Installing: /home/zyme/ros_ws/mini_pepper/install/champ_msgs/include/champ_msgs/champ_msgs
[12.506s] -- Installing: /home/zyme/ros_ws/mini_pepper/install/champ_msgs/include/champ_msgs/champ_msgs/msg
[12.506s] -- Installing: /home/zyme/ros_ws/mini_pepper/install/champ_msgs/include/champ_msgs/champ_msgs/msg/joints.h
[12.506s] -- Installing: /home/zyme/ros_ws/mini_pepper/install/champ_msgs/include/champ_msgs/champ_msgs/msg/point_array.h
[12.506s] -- Installing: /home/zyme/ros_ws/mini_pepper/install/champ_msgs/include/champ_msgs/champ_msgs/msg/point.h
[12.506s] -- Installing: /home/zyme/ros_ws/mini_pepper/install/champ_msgs/include/champ_msgs/champ_msgs/msg/imu.h
[12.506s] -- Installing: /home/zyme/ros_ws/mini_pepper/install/champ_msgs/include/champ_msgs/champ_msgs/msg/pose.h
[12.506s] -- Installing: /home/zyme/ros_ws/mini_pepper/install/champ_msgs/include/champ_msgs/champ_msgs/msg/contacts.h
[12.506s] -- Installing: /home/zyme/ros_ws/mini_pepper/install/champ_msgs/include/champ_msgs/champ_msgs/msg/velocities.h
[12.507s] -- Installing: /home/zyme/ros_ws/mini_pepper/install/champ_msgs/include/champ_msgs/champ_msgs/msg/rosidl_generator_c__visibility_control.h
[12.507s] -- Installing: /home/zyme/ros_ws/mini_pepper/install/champ_msgs/include/champ_msgs/champ_msgs/msg/contacts_stamped.h
[12.507s] -- Installing: /home/zyme/ros_ws/mini_pepper/install/champ_msgs/include/champ_msgs/champ_msgs/msg/detail
[12.507s] -- Installing: /home/zyme/ros_ws/mini_pepper/install/champ_msgs/include/champ_msgs/champ_msgs/msg/detail/joints__functions.h
[12.507s] -- Installing: /home/zyme/ros_ws/mini_pepper/install/champ_msgs/include/champ_msgs/champ_msgs/msg/detail/point_array__functions.h
[12.507s] -- Installing: /home/zyme/ros_ws/mini_pepper/install/champ_msgs/include/champ_msgs/champ_msgs/msg/detail/contacts_stamped__struct.h
[12.507s] -- Installing: /home/zyme/ros_ws/mini_pepper/install/champ_msgs/include/champ_msgs/champ_msgs/msg/detail/point__functions.c
[12.507s] -- Installing: /home/zyme/ros_ws/mini_pepper/install/champ_msgs/include/champ_msgs/champ_msgs/msg/detail/joints__type_support.h
[12.508s] -- Installing: /home/zyme/ros_ws/mini_pepper/install/champ_msgs/include/champ_msgs/champ_msgs/msg/detail/imu__struct.h
[12.508s] -- Installing: /home/zyme/ros_ws/mini_pepper/install/champ_msgs/include/champ_msgs/champ_msgs/msg/detail/velocities__type_support.h
[12.508s] -- Installing: /home/zyme/ros_ws/mini_pepper/install/champ_msgs/include/champ_msgs/champ_msgs/msg/detail/pid__type_support.h
[12.508s] -- Installing: /home/zyme/ros_ws/mini_pepper/install/champ_msgs/include/champ_msgs/champ_msgs/msg/detail/joints__struct.h
[12.508s] -- Installing: /home/zyme/ros_ws/mini_pepper/install/champ_msgs/include/champ_msgs/champ_msgs/msg/detail/pose__type_support.h
[12.508s] -- Installing: /home/zyme/ros_ws/mini_pepper/install/champ_msgs/include/champ_msgs/champ_msgs/msg/detail/pose__functions.c
[12.508s] -- Installing: /home/zyme/ros_ws/mini_pepper/install/champ_msgs/include/champ_msgs/champ_msgs/msg/detail/point__functions.h
[12.508s] -- Installing: /home/zyme/ros_ws/mini_pepper/install/champ_msgs/include/champ_msgs/champ_msgs/msg/detail/point__struct.h
[12.509s] -- Installing: /home/zyme/ros_ws/mini_pepper/install/champ_msgs/include/champ_msgs/champ_msgs/msg/detail/velocities__functions.h
[12.509s] -- Installing: /home/zyme/ros_ws/mini_pepper/install/champ_msgs/include/champ_msgs/champ_msgs/msg/detail/contacts_stamped__functions.h
[12.509s] -- Installing: /home/zyme/ros_ws/mini_pepper/install/champ_msgs/include/champ_msgs/champ_msgs/msg/detail/pose__functions.h
[12.509s] -- Installing: /home/zyme/ros_ws/mini_pepper/install/champ_msgs/include/champ_msgs/champ_msgs/msg/detail/pid__functions.c
[12.509s] -- Installing: /home/zyme/ros_ws/mini_pepper/install/champ_msgs/include/champ_msgs/champ_msgs/msg/detail/joints__functions.c
[12.509s] -- Installing: /home/zyme/ros_ws/mini_pepper/install/champ_msgs/include/champ_msgs/champ_msgs/msg/detail/imu__functions.c
[12.509s] -- Installing: /home/zyme/ros_ws/mini_pepper/install/champ_msgs/include/champ_msgs/champ_msgs/msg/detail/pid__struct.h
[12.509s] -- Installing: /home/zyme/ros_ws/mini_pepper/install/champ_msgs/include/champ_msgs/champ_msgs/msg/detail/velocities__struct.h
[12.509s] -- Installing: /home/zyme/ros_ws/mini_pepper/install/champ_msgs/include/champ_msgs/champ_msgs/msg/detail/contacts_stamped__functions.c
[12.509s] -- Installing: /home/zyme/ros_ws/mini_pepper/install/champ_msgs/include/champ_msgs/champ_msgs/msg/detail/point_array__struct.h
[12.509s] -- Installing: /home/zyme/ros_ws/mini_pepper/install/champ_msgs/include/champ_msgs/champ_msgs/msg/detail/pose__struct.h
[12.510s] -- Installing: /home/zyme/ros_ws/mini_pepper/install/champ_msgs/include/champ_msgs/champ_msgs/msg/detail/point__type_support.h
[12.510s] -- Installing: /home/zyme/ros_ws/mini_pepper/install/champ_msgs/include/champ_msgs/champ_msgs/msg/detail/contacts__functions.h
[12.510s] -- Installing: /home/zyme/ros_ws/mini_pepper/install/champ_msgs/include/champ_msgs/champ_msgs/msg/detail/contacts__type_support.h
[12.510s] -- Installing: /home/zyme/ros_ws/mini_pepper/install/champ_msgs/include/champ_msgs/champ_msgs/msg/detail/imu__functions.h
[12.510s] -- Installing: /home/zyme/ros_ws/mini_pepper/install/champ_msgs/include/champ_msgs/champ_msgs/msg/detail/contacts__struct.h
[12.510s] -- Installing: /home/zyme/ros_ws/mini_pepper/install/champ_msgs/include/champ_msgs/champ_msgs/msg/detail/point_array__functions.c
[12.510s] -- Installing: /home/zyme/ros_ws/mini_pepper/install/champ_msgs/include/champ_msgs/champ_msgs/msg/detail/velocities__functions.c
[12.510s] -- Installing: /home/zyme/ros_ws/mini_pepper/install/champ_msgs/include/champ_msgs/champ_msgs/msg/detail/point_array__type_support.h
[12.510s] -- Installing: /home/zyme/ros_ws/mini_pepper/install/champ_msgs/include/champ_msgs/champ_msgs/msg/detail/contacts__functions.c
[12.510s] -- Installing: /home/zyme/ros_ws/mini_pepper/install/champ_msgs/include/champ_msgs/champ_msgs/msg/detail/imu__type_support.h
[12.511s] -- Installing: /home/zyme/ros_ws/mini_pepper/install/champ_msgs/include/champ_msgs/champ_msgs/msg/detail/pid__functions.h
[12.511s] -- Installing: /home/zyme/ros_ws/mini_pepper/install/champ_msgs/include/champ_msgs/champ_msgs/msg/detail/contacts_stamped__type_support.h
[12.511s] -- Installing: /home/zyme/ros_ws/mini_pepper/install/champ_msgs/include/champ_msgs/champ_msgs/msg/pid.h
[12.511s] -- Installing: /home/zyme/ros_ws/mini_pepper/install/champ_msgs/share/champ_msgs/environment/library_path.sh
[12.511s] -- Installing: /home/zyme/ros_ws/mini_pepper/install/champ_msgs/share/champ_msgs/environment/library_path.dsv
[12.511s] -- Installing: /home/zyme/ros_ws/mini_pepper/install/champ_msgs/lib/libchamp_msgs__rosidl_generator_c.so
[12.512s] -- Set runtime path of "/home/zyme/ros_ws/mini_pepper/install/champ_msgs/lib/libchamp_msgs__rosidl_generator_c.so" to ""
[12.512s] -- Up-to-date: /home/zyme/ros_ws/mini_pepper/install/champ_msgs/include/champ_msgs/champ_msgs
[12.512s] -- Up-to-date: /home/zyme/ros_ws/mini_pepper/install/champ_msgs/include/champ_msgs/champ_msgs/msg
[12.512s] -- Installing: /home/zyme/ros_ws/mini_pepper/install/champ_msgs/include/champ_msgs/champ_msgs/msg/rosidl_typesupport_fastrtps_c__visibility_control.h
[12.512s] -- Up-to-date: /home/zyme/ros_ws/mini_pepper/install/champ_msgs/include/champ_msgs/champ_msgs/msg/detail
[12.512s] -- Installing: /home/zyme/ros_ws/mini_pepper/install/champ_msgs/include/champ_msgs/champ_msgs/msg/detail/velocities__rosidl_typesupport_fastrtps_c.h
[12.512s] -- Installing: /home/zyme/ros_ws/mini_pepper/install/champ_msgs/include/champ_msgs/champ_msgs/msg/detail/point__rosidl_typesupport_fastrtps_c.h
[12.512s] -- Installing: /home/zyme/ros_ws/mini_pepper/install/champ_msgs/include/champ_msgs/champ_msgs/msg/detail/pose__rosidl_typesupport_fastrtps_c.h
[12.513s] -- Installing: /home/zyme/ros_ws/mini_pepper/install/champ_msgs/include/champ_msgs/champ_msgs/msg/detail/joints__rosidl_typesupport_fastrtps_c.h
[12.513s] -- Installing: /home/zyme/ros_ws/mini_pepper/install/champ_msgs/include/champ_msgs/champ_msgs/msg/detail/contacts__rosidl_typesupport_fastrtps_c.h
[12.513s] -- Installing: /home/zyme/ros_ws/mini_pepper/install/champ_msgs/include/champ_msgs/champ_msgs/msg/detail/point_array__rosidl_typesupport_fastrtps_c.h
[12.513s] -- Installing: /home/zyme/ros_ws/mini_pepper/install/champ_msgs/include/champ_msgs/champ_msgs/msg/detail/pid__rosidl_typesupport_fastrtps_c.h
[12.513s] -- Installing: /home/zyme/ros_ws/mini_pepper/install/champ_msgs/include/champ_msgs/champ_msgs/msg/detail/imu__rosidl_typesupport_fastrtps_c.h
[12.513s] -- Installing: /home/zyme/ros_ws/mini_pepper/install/champ_msgs/include/champ_msgs/champ_msgs/msg/detail/contacts_stamped__rosidl_typesupport_fastrtps_c.h
[12.514s] -- Installing: /home/zyme/ros_ws/mini_pepper/install/champ_msgs/lib/libchamp_msgs__rosidl_typesupport_fastrtps_c.so
[12.514s] -- Set runtime path of "/home/zyme/ros_ws/mini_pepper/install/champ_msgs/lib/libchamp_msgs__rosidl_typesupport_fastrtps_c.so" to ""
[12.514s] -- Up-to-date: /home/zyme/ros_ws/mini_pepper/install/champ_msgs/include/champ_msgs/champ_msgs
[12.514s] -- Up-to-date: /home/zyme/ros_ws/mini_pepper/install/champ_msgs/include/champ_msgs/champ_msgs/msg
[12.515s] -- Installing: /home/zyme/ros_ws/mini_pepper/install/champ_msgs/include/champ_msgs/champ_msgs/msg/rosidl_typesupport_introspection_c__visibility_control.h
[12.515s] -- Up-to-date: /home/zyme/ros_ws/mini_pepper/install/champ_msgs/include/champ_msgs/champ_msgs/msg/detail
[12.515s] -- Installing: /home/zyme/ros_ws/mini_pepper/install/champ_msgs/include/champ_msgs/champ_msgs/msg/detail/pid__type_support.c
[12.515s] -- Installing: /home/zyme/ros_ws/mini_pepper/install/champ_msgs/include/champ_msgs/champ_msgs/msg/detail/joints__rosidl_typesupport_introspection_c.h
[12.515s] -- Installing: /home/zyme/ros_ws/mini_pepper/install/champ_msgs/include/champ_msgs/champ_msgs/msg/detail/point__type_support.c
[12.515s] -- Installing: /home/zyme/ros_ws/mini_pepper/install/champ_msgs/include/champ_msgs/champ_msgs/msg/detail/velocities__type_support.c
[12.515s] -- Installing: /home/zyme/ros_ws/mini_pepper/install/champ_msgs/include/champ_msgs/champ_msgs/msg/detail/contacts_stamped__rosidl_typesupport_introspection_c.h
[12.515s] -- Installing: /home/zyme/ros_ws/mini_pepper/install/champ_msgs/include/champ_msgs/champ_msgs/msg/detail/joints__type_support.c
[12.515s] -- Installing: /home/zyme/ros_ws/mini_pepper/install/champ_msgs/include/champ_msgs/champ_msgs/msg/detail/imu__rosidl_typesupport_introspection_c.h
[12.515s] -- Installing: /home/zyme/ros_ws/mini_pepper/install/champ_msgs/include/champ_msgs/champ_msgs/msg/detail/point_array__type_support.c
[12.515s] -- Installing: /home/zyme/ros_ws/mini_pepper/install/champ_msgs/include/champ_msgs/champ_msgs/msg/detail/point__rosidl_typesupport_introspection_c.h
[12.516s] -- Installing: /home/zyme/ros_ws/mini_pepper/install/champ_msgs/include/champ_msgs/champ_msgs/msg/detail/pose__type_support.c
[12.516s] -- Installing: /home/zyme/ros_ws/mini_pepper/install/champ_msgs/include/champ_msgs/champ_msgs/msg/detail/point_array__rosidl_typesupport_introspection_c.h
[12.516s] -- Installing: /home/zyme/ros_ws/mini_pepper/install/champ_msgs/include/champ_msgs/champ_msgs/msg/detail/velocities__rosidl_typesupport_introspection_c.h
[12.516s] -- Installing: /home/zyme/ros_ws/mini_pepper/install/champ_msgs/include/champ_msgs/champ_msgs/msg/detail/pid__rosidl_typesupport_introspection_c.h
[12.516s] -- Installing: /home/zyme/ros_ws/mini_pepper/install/champ_msgs/include/champ_msgs/champ_msgs/msg/detail/contacts__rosidl_typesupport_introspection_c.h
[12.516s] -- Installing: /home/zyme/ros_ws/mini_pepper/install/champ_msgs/include/champ_msgs/champ_msgs/msg/detail/pose__rosidl_typesupport_introspection_c.h
[12.517s] -- Installing: /home/zyme/ros_ws/mini_pepper/install/champ_msgs/include/champ_msgs/champ_msgs/msg/detail/contacts__type_support.c
[12.517s] -- Installing: /home/zyme/ros_ws/mini_pepper/install/champ_msgs/include/champ_msgs/champ_msgs/msg/detail/contacts_stamped__type_support.c
[12.517s] -- Installing: /home/zyme/ros_ws/mini_pepper/install/champ_msgs/include/champ_msgs/champ_msgs/msg/detail/imu__type_support.c
[12.517s] -- Installing: /home/zyme/ros_ws/mini_pepper/install/champ_msgs/lib/libchamp_msgs__rosidl_typesupport_introspection_c.so
[12.517s] -- Set runtime path of "/home/zyme/ros_ws/mini_pepper/install/champ_msgs/lib/libchamp_msgs__rosidl_typesupport_introspection_c.so" to ""
[12.518s] -- Installing: /home/zyme/ros_ws/mini_pepper/install/champ_msgs/lib/libchamp_msgs__rosidl_typesupport_c.so
[12.518s] -- Set runtime path of "/home/zyme/ros_ws/mini_pepper/install/champ_msgs/lib/libchamp_msgs__rosidl_typesupport_c.so" to ""
[12.518s] -- Up-to-date: /home/zyme/ros_ws/mini_pepper/install/champ_msgs/include/champ_msgs/champ_msgs
[12.518s] -- Up-to-date: /home/zyme/ros_ws/mini_pepper/install/champ_msgs/include/champ_msgs/champ_msgs/msg
[12.518s] -- Installing: /home/zyme/ros_ws/mini_pepper/install/champ_msgs/include/champ_msgs/champ_msgs/msg/pose.hpp
[12.518s] -- Installing: /home/zyme/ros_ws/mini_pepper/install/champ_msgs/include/champ_msgs/champ_msgs/msg/velocities.hpp
[12.519s] -- Installing: /home/zyme/ros_ws/mini_pepper/install/champ_msgs/include/champ_msgs/champ_msgs/msg/contacts.hpp
[12.519s] -- Installing: /home/zyme/ros_ws/mini_pepper/install/champ_msgs/include/champ_msgs/champ_msgs/msg/joints.hpp
[12.519s] -- Installing: /home/zyme/ros_ws/mini_pepper/install/champ_msgs/include/champ_msgs/champ_msgs/msg/point_array.hpp
[12.519s] -- Installing: /home/zyme/ros_ws/mini_pepper/install/champ_msgs/include/champ_msgs/champ_msgs/msg/pid.hpp
[12.519s] -- Up-to-date: /home/zyme/ros_ws/mini_pepper/install/champ_msgs/include/champ_msgs/champ_msgs/msg/detail
[12.519s] -- Installing: /home/zyme/ros_ws/mini_pepper/install/champ_msgs/include/champ_msgs/champ_msgs/msg/detail/pose__struct.hpp
[12.519s] -- Installing: /home/zyme/ros_ws/mini_pepper/install/champ_msgs/include/champ_msgs/champ_msgs/msg/detail/point_array__builder.hpp
[12.519s] -- Installing: /home/zyme/ros_ws/mini_pepper/install/champ_msgs/include/champ_msgs/champ_msgs/msg/detail/joints__struct.hpp
[12.520s] -- Installing: /home/zyme/ros_ws/mini_pepper/install/champ_msgs/include/champ_msgs/champ_msgs/msg/detail/point__traits.hpp
[12.520s] -- Installing: /home/zyme/ros_ws/mini_pepper/install/champ_msgs/include/champ_msgs/champ_msgs/msg/detail/contacts__struct.hpp
[12.520s] -- Installing: /home/zyme/ros_ws/mini_pepper/install/champ_msgs/include/champ_msgs/champ_msgs/msg/detail/velocities__builder.hpp
[12.520s] -- Installing: /home/zyme/ros_ws/mini_pepper/install/champ_msgs/include/champ_msgs/champ_msgs/msg/detail/point_array__struct.hpp
[12.520s] -- Installing: /home/zyme/ros_ws/mini_pepper/install/champ_msgs/include/champ_msgs/champ_msgs/msg/detail/pose__traits.hpp
[12.520s] -- Installing: /home/zyme/ros_ws/mini_pepper/install/champ_msgs/include/champ_msgs/champ_msgs/msg/detail/point__struct.hpp
[12.520s] -- Installing: /home/zyme/ros_ws/mini_pepper/install/champ_msgs/include/champ_msgs/champ_msgs/msg/detail/velocities__traits.hpp
[12.520s] -- Installing: /home/zyme/ros_ws/mini_pepper/install/champ_msgs/include/champ_msgs/champ_msgs/msg/detail/pid__builder.hpp
[12.521s] -- Installing: /home/zyme/ros_ws/mini_pepper/install/champ_msgs/include/champ_msgs/champ_msgs/msg/detail/imu__builder.hpp
[12.521s] -- Installing: /home/zyme/ros_ws/mini_pepper/install/champ_msgs/include/champ_msgs/champ_msgs/msg/detail/imu__traits.hpp
[12.521s] -- Installing: /home/zyme/ros_ws/mini_pepper/install/champ_msgs/include/champ_msgs/champ_msgs/msg/detail/contacts__builder.hpp
[12.521s] -- Installing: /home/zyme/ros_ws/mini_pepper/install/champ_msgs/include/champ_msgs/champ_msgs/msg/detail/contacts__traits.hpp
[12.521s] -- Installing: /home/zyme/ros_ws/mini_pepper/install/champ_msgs/include/champ_msgs/champ_msgs/msg/detail/point__builder.hpp
[12.521s] -- Installing: /home/zyme/ros_ws/mini_pepper/install/champ_msgs/include/champ_msgs/champ_msgs/msg/detail/velocities__struct.hpp
[12.521s] -- Installing: /home/zyme/ros_ws/mini_pepper/install/champ_msgs/include/champ_msgs/champ_msgs/msg/detail/pid__traits.hpp
[12.522s] -- Installing: /home/zyme/ros_ws/mini_pepper/install/champ_msgs/include/champ_msgs/champ_msgs/msg/detail/pose__builder.hpp
[12.522s] -- Installing: /home/zyme/ros_ws/mini_pepper/install/champ_msgs/include/champ_msgs/champ_msgs/msg/detail/pid__struct.hpp
[12.522s] -- Installing: /home/zyme/ros_ws/mini_pepper/install/champ_msgs/include/champ_msgs/champ_msgs/msg/detail/contacts_stamped__builder.hpp
[12.522s] -- Installing: /home/zyme/ros_ws/mini_pepper/install/champ_msgs/include/champ_msgs/champ_msgs/msg/detail/contacts_stamped__traits.hpp
[12.522s] -- Installing: /home/zyme/ros_ws/mini_pepper/install/champ_msgs/include/champ_msgs/champ_msgs/msg/detail/joints__traits.hpp
[12.522s] -- Installing: /home/zyme/ros_ws/mini_pepper/install/champ_msgs/include/champ_msgs/champ_msgs/msg/detail/point_array__traits.hpp
[12.522s] -- Installing: /home/zyme/ros_ws/mini_pepper/install/champ_msgs/include/champ_msgs/champ_msgs/msg/detail/joints__builder.hpp
[12.522s] -- Installing: /home/zyme/ros_ws/mini_pepper/install/champ_msgs/include/champ_msgs/champ_msgs/msg/detail/imu__struct.hpp
[12.523s] -- Installing: /home/zyme/ros_ws/mini_pepper/install/champ_msgs/include/champ_msgs/champ_msgs/msg/detail/contacts_stamped__struct.hpp
[12.523s] -- Installing: /home/zyme/ros_ws/mini_pepper/install/champ_msgs/include/champ_msgs/champ_msgs/msg/contacts_stamped.hpp
[12.523s] -- Installing: /home/zyme/ros_ws/mini_pepper/install/champ_msgs/include/champ_msgs/champ_msgs/msg/imu.hpp
[12.523s] -- Installing: /home/zyme/ros_ws/mini_pepper/install/champ_msgs/include/champ_msgs/champ_msgs/msg/point.hpp
[12.523s] -- Up-to-date: /home/zyme/ros_ws/mini_pepper/install/champ_msgs/include/champ_msgs/champ_msgs
[12.523s] -- Up-to-date: /home/zyme/ros_ws/mini_pepper/install/champ_msgs/include/champ_msgs/champ_msgs/msg
[12.523s] -- Installing: /home/zyme/ros_ws/mini_pepper/install/champ_msgs/include/champ_msgs/champ_msgs/msg/rosidl_typesupport_fastrtps_cpp__visibility_control.h
[12.524s] -- Up-to-date: /home/zyme/ros_ws/mini_pepper/install/champ_msgs/include/champ_msgs/champ_msgs/msg/detail
[12.524s] -- Installing: /home/zyme/ros_ws/mini_pepper/install/champ_msgs/include/champ_msgs/champ_msgs/msg/detail/joints__rosidl_typesupport_fastrtps_cpp.hpp
[12.524s] -- Installing: /home/zyme/ros_ws/mini_pepper/install/champ_msgs/include/champ_msgs/champ_msgs/msg/detail/dds_fastrtps
[12.524s] -- Installing: /home/zyme/ros_ws/mini_pepper/install/champ_msgs/include/champ_msgs/champ_msgs/msg/detail/contacts_stamped__rosidl_typesupport_fastrtps_cpp.hpp
[12.524s] -- Installing: /home/zyme/ros_ws/mini_pepper/install/champ_msgs/include/champ_msgs/champ_msgs/msg/detail/velocities__rosidl_typesupport_fastrtps_cpp.hpp
[12.524s] -- Installing: /home/zyme/ros_ws/mini_pepper/install/champ_msgs/include/champ_msgs/champ_msgs/msg/detail/contacts__rosidl_typesupport_fastrtps_cpp.hpp
[12.524s] -- Installing: /home/zyme/ros_ws/mini_pepper/install/champ_msgs/include/champ_msgs/champ_msgs/msg/detail/pose__rosidl_typesupport_fastrtps_cpp.hpp
[12.524s] -- Installing: /home/zyme/ros_ws/mini_pepper/install/champ_msgs/include/champ_msgs/champ_msgs/msg/detail/pid__rosidl_typesupport_fastrtps_cpp.hpp
[12.524s] -- Installing: /home/zyme/ros_ws/mini_pepper/install/champ_msgs/include/champ_msgs/champ_msgs/msg/detail/imu__rosidl_typesupport_fastrtps_cpp.hpp
[12.525s] -- Installing: /home/zyme/ros_ws/mini_pepper/install/champ_msgs/include/champ_msgs/champ_msgs/msg/detail/point__rosidl_typesupport_fastrtps_cpp.hpp
[12.525s] -- Installing: /home/zyme/ros_ws/mini_pepper/install/champ_msgs/include/champ_msgs/champ_msgs/msg/detail/point_array__rosidl_typesupport_fastrtps_cpp.hpp
[12.525s] -- Installing: /home/zyme/ros_ws/mini_pepper/install/champ_msgs/lib/libchamp_msgs__rosidl_typesupport_fastrtps_cpp.so
[12.526s] -- Set runtime path of "/home/zyme/ros_ws/mini_pepper/install/champ_msgs/lib/libchamp_msgs__rosidl_typesupport_fastrtps_cpp.so" to ""
[12.526s] -- Up-to-date: /home/zyme/ros_ws/mini_pepper/install/champ_msgs/include/champ_msgs/champ_msgs
[12.526s] -- Up-to-date: /home/zyme/ros_ws/mini_pepper/install/champ_msgs/include/champ_msgs/champ_msgs/msg
[12.526s] -- Up-to-date: /home/zyme/ros_ws/mini_pepper/install/champ_msgs/include/champ_msgs/champ_msgs/msg/detail
[12.526s] -- Installing: /home/zyme/ros_ws/mini_pepper/install/champ_msgs/include/champ_msgs/champ_msgs/msg/detail/point_array__rosidl_typesupport_introspection_cpp.hpp
[12.526s] -- Installing: /home/zyme/ros_ws/mini_pepper/install/champ_msgs/include/champ_msgs/champ_msgs/msg/detail/pid__rosidl_typesupport_introspection_cpp.hpp
[12.526s] -- Installing: /home/zyme/ros_ws/mini_pepper/install/champ_msgs/include/champ_msgs/champ_msgs/msg/detail/contacts__type_support.cpp
[12.527s] -- Installing: /home/zyme/ros_ws/mini_pepper/install/champ_msgs/include/champ_msgs/champ_msgs/msg/detail/pose__type_support.cpp
[12.527s] -- Installing: /home/zyme/ros_ws/mini_pepper/install/champ_msgs/include/champ_msgs/champ_msgs/msg/detail/contacts_stamped__rosidl_typesupport_introspection_cpp.hpp
[12.527s] -- Installing: /home/zyme/ros_ws/mini_pepper/install/champ_msgs/include/champ_msgs/champ_msgs/msg/detail/contacts_stamped__type_support.cpp
[12.527s] -- Installing: /home/zyme/ros_ws/mini_pepper/install/champ_msgs/include/champ_msgs/champ_msgs/msg/detail/velocities__rosidl_typesupport_introspection_cpp.hpp
[12.527s] -- Installing: /home/zyme/ros_ws/mini_pepper/install/champ_msgs/include/champ_msgs/champ_msgs/msg/detail/joints__type_support.cpp
[12.527s] -- Installing: /home/zyme/ros_ws/mini_pepper/install/champ_msgs/include/champ_msgs/champ_msgs/msg/detail/imu__type_support.cpp
[12.527s] -- Installing: /home/zyme/ros_ws/mini_pepper/install/champ_msgs/include/champ_msgs/champ_msgs/msg/detail/point_array__type_support.cpp
[12.527s] -- Installing: /home/zyme/ros_ws/mini_pepper/install/champ_msgs/include/champ_msgs/champ_msgs/msg/detail/joints__rosidl_typesupport_introspection_cpp.hpp
[12.527s] -- Installing: /home/zyme/ros_ws/mini_pepper/install/champ_msgs/include/champ_msgs/champ_msgs/msg/detail/point__type_support.cpp
[12.527s] -- Installing: /home/zyme/ros_ws/mini_pepper/install/champ_msgs/include/champ_msgs/champ_msgs/msg/detail/pid__type_support.cpp
[12.528s] -- Installing: /home/zyme/ros_ws/mini_pepper/install/champ_msgs/include/champ_msgs/champ_msgs/msg/detail/pose__rosidl_typesupport_introspection_cpp.hpp
[12.528s] -- Installing: /home/zyme/ros_ws/mini_pepper/install/champ_msgs/include/champ_msgs/champ_msgs/msg/detail/imu__rosidl_typesupport_introspection_cpp.hpp
[12.528s] -- Installing: /home/zyme/ros_ws/mini_pepper/install/champ_msgs/include/champ_msgs/champ_msgs/msg/detail/point__rosidl_typesupport_introspection_cpp.hpp
[12.528s] -- Installing: /home/zyme/ros_ws/mini_pepper/install/champ_msgs/include/champ_msgs/champ_msgs/msg/detail/velocities__type_support.cpp
[12.528s] -- Installing: /home/zyme/ros_ws/mini_pepper/install/champ_msgs/include/champ_msgs/champ_msgs/msg/detail/contacts__rosidl_typesupport_introspection_cpp.hpp
[12.528s] -- Installing: /home/zyme/ros_ws/mini_pepper/install/champ_msgs/lib/libchamp_msgs__rosidl_typesupport_introspection_cpp.so
[12.529s] -- Set runtime path of "/home/zyme/ros_ws/mini_pepper/install/champ_msgs/lib/libchamp_msgs__rosidl_typesupport_introspection_cpp.so" to ""
[12.529s] -- Installing: /home/zyme/ros_ws/mini_pepper/install/champ_msgs/lib/libchamp_msgs__rosidl_typesupport_cpp.so
[12.529s] -- Set runtime path of "/home/zyme/ros_ws/mini_pepper/install/champ_msgs/lib/libchamp_msgs__rosidl_typesupport_cpp.so" to ""
[12.530s] -- Installing: /home/zyme/ros_ws/mini_pepper/install/champ_msgs/share/champ_msgs/environment/pythonpath.sh
[12.530s] -- Installing: /home/zyme/ros_ws/mini_pepper/install/champ_msgs/share/champ_msgs/environment/pythonpath.dsv
[12.530s] -- Installing: /home/zyme/ros_ws/mini_pepper/install/champ_msgs/local/lib/python3.10/dist-packages/champ_msgs-0.1.0-py3.10.egg-info
[12.530s] -- Installing: /home/zyme/ros_ws/mini_pepper/install/champ_msgs/local/lib/python3.10/dist-packages/champ_msgs-0.1.0-py3.10.egg-info/top_level.txt
[12.530s] -- Installing: /home/zyme/ros_ws/mini_pepper/install/champ_msgs/local/lib/python3.10/dist-packages/champ_msgs-0.1.0-py3.10.egg-info/PKG-INFO
[12.530s] -- Installing: /home/zyme/ros_ws/mini_pepper/install/champ_msgs/local/lib/python3.10/dist-packages/champ_msgs-0.1.0-py3.10.egg-info/SOURCES.txt
[12.530s] -- Installing: /home/zyme/ros_ws/mini_pepper/install/champ_msgs/local/lib/python3.10/dist-packages/champ_msgs-0.1.0-py3.10.egg-info/dependency_links.txt
[12.531s] -- Installing: /home/zyme/ros_ws/mini_pepper/install/champ_msgs/local/lib/python3.10/dist-packages/champ_msgs
[12.531s] -- Installing: /home/zyme/ros_ws/mini_pepper/install/champ_msgs/local/lib/python3.10/dist-packages/champ_msgs/champ_msgs_s__rosidl_typesupport_fastrtps_c.cpython-310-x86_64-linux-gnu.so
[12.531s] -- Installing: /home/zyme/ros_ws/mini_pepper/install/champ_msgs/local/lib/python3.10/dist-packages/champ_msgs/champ_msgs_s__rosidl_typesupport_introspection_c.cpython-310-x86_64-linux-gnu.so
[12.531s] -- Installing: /home/zyme/ros_ws/mini_pepper/install/champ_msgs/local/lib/python3.10/dist-packages/champ_msgs/msg
[12.531s] -- Installing: /home/zyme/ros_ws/mini_pepper/install/champ_msgs/local/lib/python3.10/dist-packages/champ_msgs/msg/_pose.py
[12.531s] -- Installing: /home/zyme/ros_ws/mini_pepper/install/champ_msgs/local/lib/python3.10/dist-packages/champ_msgs/msg/_imu.py
[12.531s] -- Installing: /home/zyme/ros_ws/mini_pepper/install/champ_msgs/local/lib/python3.10/dist-packages/champ_msgs/msg/_contacts.py
[12.531s] -- Installing: /home/zyme/ros_ws/mini_pepper/install/champ_msgs/local/lib/python3.10/dist-packages/champ_msgs/msg/_imu_s.c
[12.532s] -- Installing: /home/zyme/ros_ws/mini_pepper/install/champ_msgs/local/lib/python3.10/dist-packages/champ_msgs/msg/_contacts_stamped_s.c
[12.532s] -- Installing: /home/zyme/ros_ws/mini_pepper/install/champ_msgs/local/lib/python3.10/dist-packages/champ_msgs/msg/_pid.py
[12.532s] -- Installing: /home/zyme/ros_ws/mini_pepper/install/champ_msgs/local/lib/python3.10/dist-packages/champ_msgs/msg/_joints_s.c
[12.532s] -- Installing: /home/zyme/ros_ws/mini_pepper/install/champ_msgs/local/lib/python3.10/dist-packages/champ_msgs/msg/_contacts_s.c
[12.532s] -- Installing: /home/zyme/ros_ws/mini_pepper/install/champ_msgs/local/lib/python3.10/dist-packages/champ_msgs/msg/_point_array_s.c
[12.532s] -- Installing: /home/zyme/ros_ws/mini_pepper/install/champ_msgs/local/lib/python3.10/dist-packages/champ_msgs/msg/_pid_s.c
[12.532s] -- Installing: /home/zyme/ros_ws/mini_pepper/install/champ_msgs/local/lib/python3.10/dist-packages/champ_msgs/msg/_point_array.py
[12.532s] -- Installing: /home/zyme/ros_ws/mini_pepper/install/champ_msgs/local/lib/python3.10/dist-packages/champ_msgs/msg/_joints.py
[12.532s] -- Installing: /home/zyme/ros_ws/mini_pepper/install/champ_msgs/local/lib/python3.10/dist-packages/champ_msgs/msg/_point.py
[12.532s] -- Installing: /home/zyme/ros_ws/mini_pepper/install/champ_msgs/local/lib/python3.10/dist-packages/champ_msgs/msg/_pose_s.c
[12.533s] -- Installing: /home/zyme/ros_ws/mini_pepper/install/champ_msgs/local/lib/python3.10/dist-packages/champ_msgs/msg/_velocities.py
[12.533s] -- Installing: /home/zyme/ros_ws/mini_pepper/install/champ_msgs/local/lib/python3.10/dist-packages/champ_msgs/msg/_point_s.c
[12.533s] -- Installing: /home/zyme/ros_ws/mini_pepper/install/champ_msgs/local/lib/python3.10/dist-packages/champ_msgs/msg/__init__.py
[12.533s] -- Installing: /home/zyme/ros_ws/mini_pepper/install/champ_msgs/local/lib/python3.10/dist-packages/champ_msgs/msg/_contacts_stamped.py
[12.533s] -- Installing: /home/zyme/ros_ws/mini_pepper/install/champ_msgs/local/lib/python3.10/dist-packages/champ_msgs/msg/_velocities_s.c
[12.533s] -- Installing: /home/zyme/ros_ws/mini_pepper/install/champ_msgs/local/lib/python3.10/dist-packages/champ_msgs/champ_msgs_s__rosidl_typesupport_c.cpython-310-x86_64-linux-gnu.so
[12.533s] -- Installing: /home/zyme/ros_ws/mini_pepper/install/champ_msgs/local/lib/python3.10/dist-packages/champ_msgs/_champ_msgs_s.ep.rosidl_typesupport_c.c
[12.533s] -- Installing: /home/zyme/ros_ws/mini_pepper/install/champ_msgs/local/lib/python3.10/dist-packages/champ_msgs/_champ_msgs_s.ep.rosidl_typesupport_introspection_c.c
[12.533s] -- Installing: /home/zyme/ros_ws/mini_pepper/install/champ_msgs/local/lib/python3.10/dist-packages/champ_msgs/libchamp_msgs__rosidl_generator_py.so
[12.534s] -- Installing: /home/zyme/ros_ws/mini_pepper/install/champ_msgs/local/lib/python3.10/dist-packages/champ_msgs/__init__.py
[12.534s] -- Installing: /home/zyme/ros_ws/mini_pepper/install/champ_msgs/local/lib/python3.10/dist-packages/champ_msgs/_champ_msgs_s.ep.rosidl_typesupport_fastrtps_c.c
[12.576s] Listing '/home/zyme/ros_ws/mini_pepper/install/champ_msgs/local/lib/python3.10/dist-packages/champ_msgs'...
[12.576s] Compiling '/home/zyme/ros_ws/mini_pepper/install/champ_msgs/local/lib/python3.10/dist-packages/champ_msgs/__init__.py'...
[12.577s] Listing '/home/zyme/ros_ws/mini_pepper/install/champ_msgs/local/lib/python3.10/dist-packages/champ_msgs/msg'...
[12.577s] Compiling '/home/zyme/ros_ws/mini_pepper/install/champ_msgs/local/lib/python3.10/dist-packages/champ_msgs/msg/__init__.py'...
[12.577s] Compiling '/home/zyme/ros_ws/mini_pepper/install/champ_msgs/local/lib/python3.10/dist-packages/champ_msgs/msg/_contacts.py'...
[12.577s] Compiling '/home/zyme/ros_ws/mini_pepper/install/champ_msgs/local/lib/python3.10/dist-packages/champ_msgs/msg/_contacts_stamped.py'...
[12.577s] Compiling '/home/zyme/ros_ws/mini_pepper/install/champ_msgs/local/lib/python3.10/dist-packages/champ_msgs/msg/_imu.py'...
[12.577s] Compiling '/home/zyme/ros_ws/mini_pepper/install/champ_msgs/local/lib/python3.10/dist-packages/champ_msgs/msg/_joints.py'...
[12.577s] Compiling '/home/zyme/ros_ws/mini_pepper/install/champ_msgs/local/lib/python3.10/dist-packages/champ_msgs/msg/_pid.py'...
[12.577s] Compiling '/home/zyme/ros_ws/mini_pepper/install/champ_msgs/local/lib/python3.10/dist-packages/champ_msgs/msg/_point.py'...
[12.578s] Compiling '/home/zyme/ros_ws/mini_pepper/install/champ_msgs/local/lib/python3.10/dist-packages/champ_msgs/msg/_point_array.py'...
[12.578s] Compiling '/home/zyme/ros_ws/mini_pepper/install/champ_msgs/local/lib/python3.10/dist-packages/champ_msgs/msg/_pose.py'...
[12.578s] Compiling '/home/zyme/ros_ws/mini_pepper/install/champ_msgs/local/lib/python3.10/dist-packages/champ_msgs/msg/_velocities.py'...
[12.582s] -- Installing: /home/zyme/ros_ws/mini_pepper/install/champ_msgs/local/lib/python3.10/dist-packages/champ_msgs/champ_msgs_s__rosidl_typesupport_fastrtps_c.cpython-310-x86_64-linux-gnu.so
[12.582s] -- Set runtime path of "/home/zyme/ros_ws/mini_pepper/install/champ_msgs/local/lib/python3.10/dist-packages/champ_msgs/champ_msgs_s__rosidl_typesupport_fastrtps_c.cpython-310-x86_64-linux-gnu.so" to ""
[12.582s] -- Installing: /home/zyme/ros_ws/mini_pepper/install/champ_msgs/local/lib/python3.10/dist-packages/champ_msgs/champ_msgs_s__rosidl_typesupport_introspection_c.cpython-310-x86_64-linux-gnu.so
[12.583s] -- Set runtime path of "/home/zyme/ros_ws/mini_pepper/install/champ_msgs/local/lib/python3.10/dist-packages/champ_msgs/champ_msgs_s__rosidl_typesupport_introspection_c.cpython-310-x86_64-linux-gnu.so" to ""
[12.583s] -- Installing: /home/zyme/ros_ws/mini_pepper/install/champ_msgs/local/lib/python3.10/dist-packages/champ_msgs/champ_msgs_s__rosidl_typesupport_c.cpython-310-x86_64-linux-gnu.so
[12.583s] -- Set runtime path of "/home/zyme/ros_ws/mini_pepper/install/champ_msgs/local/lib/python3.10/dist-packages/champ_msgs/champ_msgs_s__rosidl_typesupport_c.cpython-310-x86_64-linux-gnu.so" to ""
[12.584s] -- Installing: /home/zyme/ros_ws/mini_pepper/install/champ_msgs/lib/libchamp_msgs__rosidl_generator_py.so
[12.584s] -- Set runtime path of "/home/zyme/ros_ws/mini_pepper/install/champ_msgs/lib/libchamp_msgs__rosidl_generator_py.so" to ""
[12.584s] -- Installing: /home/zyme/ros_ws/mini_pepper/install/champ_msgs/share/champ_msgs/msg/Velocities.idl
[12.584s] -- Installing: /home/zyme/ros_ws/mini_pepper/install/champ_msgs/share/champ_msgs/msg/PID.idl
[12.584s] -- Installing: /home/zyme/ros_ws/mini_pepper/install/champ_msgs/share/champ_msgs/msg/Imu.idl
[12.584s] -- Installing: /home/zyme/ros_ws/mini_pepper/install/champ_msgs/share/champ_msgs/msg/Point.idl
[12.585s] -- Installing: /home/zyme/ros_ws/mini_pepper/install/champ_msgs/share/champ_msgs/msg/PointArray.idl
[12.585s] -- Installing: /home/zyme/ros_ws/mini_pepper/install/champ_msgs/share/champ_msgs/msg/Joints.idl
[12.585s] -- Installing: /home/zyme/ros_ws/mini_pepper/install/champ_msgs/share/champ_msgs/msg/Contacts.idl
[12.585s] -- Installing: /home/zyme/ros_ws/mini_pepper/install/champ_msgs/share/champ_msgs/msg/ContactsStamped.idl
[12.585s] -- Installing: /home/zyme/ros_ws/mini_pepper/install/champ_msgs/share/champ_msgs/msg/Pose.idl
[12.585s] -- Installing: /home/zyme/ros_ws/mini_pepper/install/champ_msgs/share/champ_msgs/msg/Velocities.msg
[12.585s] -- Installing: /home/zyme/ros_ws/mini_pepper/install/champ_msgs/share/champ_msgs/msg/PID.msg
[12.585s] -- Installing: /home/zyme/ros_ws/mini_pepper/install/champ_msgs/share/champ_msgs/msg/Imu.msg
[12.585s] -- Installing: /home/zyme/ros_ws/mini_pepper/install/champ_msgs/share/champ_msgs/msg/Point.msg
[12.586s] -- Installing: /home/zyme/ros_ws/mini_pepper/install/champ_msgs/share/champ_msgs/msg/PointArray.msg
[12.586s] -- Installing: /home/zyme/ros_ws/mini_pepper/install/champ_msgs/share/champ_msgs/msg/Joints.msg
[12.586s] -- Installing: /home/zyme/ros_ws/mini_pepper/install/champ_msgs/share/champ_msgs/msg/Contacts.msg
[12.586s] -- Installing: /home/zyme/ros_ws/mini_pepper/install/champ_msgs/share/champ_msgs/msg/ContactsStamped.msg
[12.586s] -- Installing: /home/zyme/ros_ws/mini_pepper/install/champ_msgs/share/champ_msgs/msg/Pose.msg
[12.586s] -- Installing: /home/zyme/ros_ws/mini_pepper/install/champ_msgs/share/ament_index/resource_index/package_run_dependencies/champ_msgs
[12.586s] -- Installing: /home/zyme/ros_ws/mini_pepper/install/champ_msgs/share/ament_index/resource_index/parent_prefix_path/champ_msgs
[12.587s] -- Installing: /home/zyme/ros_ws/mini_pepper/install/champ_msgs/share/champ_msgs/environment/ament_prefix_path.sh
[12.587s] -- Installing: /home/zyme/ros_ws/mini_pepper/install/champ_msgs/share/champ_msgs/environment/ament_prefix_path.dsv
[12.587s] -- Installing: /home/zyme/ros_ws/mini_pepper/install/champ_msgs/share/champ_msgs/environment/path.sh
[12.587s] -- Installing: /home/zyme/ros_ws/mini_pepper/install/champ_msgs/share/champ_msgs/environment/path.dsv
[12.587s] -- Installing: /home/zyme/ros_ws/mini_pepper/install/champ_msgs/share/champ_msgs/local_setup.bash
[12.587s] -- Installing: /home/zyme/ros_ws/mini_pepper/install/champ_msgs/share/champ_msgs/local_setup.sh
[12.587s] -- Installing: /home/zyme/ros_ws/mini_pepper/install/champ_msgs/share/champ_msgs/local_setup.zsh
[12.587s] -- Installing: /home/zyme/ros_ws/mini_pepper/install/champ_msgs/share/champ_msgs/local_setup.dsv
[12.588s] -- Installing: /home/zyme/ros_ws/mini_pepper/install/champ_msgs/share/champ_msgs/package.dsv
[12.588s] -- Installing: /home/zyme/ros_ws/mini_pepper/install/champ_msgs/share/ament_index/resource_index/packages/champ_msgs
[12.588s] -- Installing: /home/zyme/ros_ws/mini_pepper/install/champ_msgs/share/champ_msgs/cmake/export_champ_msgs__rosidl_generator_cExport.cmake
[12.588s] -- Installing: /home/zyme/ros_ws/mini_pepper/install/champ_msgs/share/champ_msgs/cmake/export_champ_msgs__rosidl_generator_cExport-noconfig.cmake
[12.588s] -- Installing: /home/zyme/ros_ws/mini_pepper/install/champ_msgs/share/champ_msgs/cmake/export_champ_msgs__rosidl_typesupport_fastrtps_cExport.cmake
[12.588s] -- Installing: /home/zyme/ros_ws/mini_pepper/install/champ_msgs/share/champ_msgs/cmake/export_champ_msgs__rosidl_typesupport_fastrtps_cExport-noconfig.cmake
[12.588s] -- Installing: /home/zyme/ros_ws/mini_pepper/install/champ_msgs/share/champ_msgs/cmake/champ_msgs__rosidl_typesupport_introspection_cExport.cmake
[12.589s] -- Installing: /home/zyme/ros_ws/mini_pepper/install/champ_msgs/share/champ_msgs/cmake/champ_msgs__rosidl_typesupport_introspection_cExport-noconfig.cmake
[12.589s] -- Installing: /home/zyme/ros_ws/mini_pepper/install/champ_msgs/share/champ_msgs/cmake/champ_msgs__rosidl_typesupport_cExport.cmake
[12.589s] -- Installing: /home/zyme/ros_ws/mini_pepper/install/champ_msgs/share/champ_msgs/cmake/champ_msgs__rosidl_typesupport_cExport-noconfig.cmake
[12.589s] -- Installing: /home/zyme/ros_ws/mini_pepper/install/champ_msgs/share/champ_msgs/cmake/export_champ_msgs__rosidl_generator_cppExport.cmake
[12.589s] -- Installing: /home/zyme/ros_ws/mini_pepper/install/champ_msgs/share/champ_msgs/cmake/export_champ_msgs__rosidl_typesupport_fastrtps_cppExport.cmake
[12.589s] -- Installing: /home/zyme/ros_ws/mini_pepper/install/champ_msgs/share/champ_msgs/cmake/export_champ_msgs__rosidl_typesupport_fastrtps_cppExport-noconfig.cmake
[12.589s] -- Installing: /home/zyme/ros_ws/mini_pepper/install/champ_msgs/share/champ_msgs/cmake/champ_msgs__rosidl_typesupport_introspection_cppExport.cmake
[12.589s] -- Installing: /home/zyme/ros_ws/mini_pepper/install/champ_msgs/share/champ_msgs/cmake/champ_msgs__rosidl_typesupport_introspection_cppExport-noconfig.cmake
[12.589s] -- Installing: /home/zyme/ros_ws/mini_pepper/install/champ_msgs/share/champ_msgs/cmake/champ_msgs__rosidl_typesupport_cppExport.cmake
[12.590s] -- Installing: /home/zyme/ros_ws/mini_pepper/install/champ_msgs/share/champ_msgs/cmake/champ_msgs__rosidl_typesupport_cppExport-noconfig.cmake
[12.590s] -- Installing: /home/zyme/ros_ws/mini_pepper/install/champ_msgs/share/champ_msgs/cmake/export_champ_msgs__rosidl_generator_pyExport.cmake
[12.590s] -- Installing: /home/zyme/ros_ws/mini_pepper/install/champ_msgs/share/champ_msgs/cmake/export_champ_msgs__rosidl_generator_pyExport-noconfig.cmake
[12.590s] -- Installing: /home/zyme/ros_ws/mini_pepper/install/champ_msgs/share/champ_msgs/cmake/rosidl_cmake-extras.cmake
[12.590s] -- Installing: /home/zyme/ros_ws/mini_pepper/install/champ_msgs/share/champ_msgs/cmake/ament_cmake_export_dependencies-extras.cmake
[12.590s] -- Installing: /home/zyme/ros_ws/mini_pepper/install/champ_msgs/share/champ_msgs/cmake/ament_cmake_export_include_directories-extras.cmake
[12.591s] -- Installing: /home/zyme/ros_ws/mini_pepper/install/champ_msgs/share/champ_msgs/cmake/ament_cmake_export_libraries-extras.cmake
[12.591s] -- Installing: /home/zyme/ros_ws/mini_pepper/install/champ_msgs/share/champ_msgs/cmake/ament_cmake_export_targets-extras.cmake
[12.591s] -- Installing: /home/zyme/ros_ws/mini_pepper/install/champ_msgs/share/champ_msgs/cmake/rosidl_cmake_export_typesupport_targets-extras.cmake
[12.591s] -- Installing: /home/zyme/ros_ws/mini_pepper/install/champ_msgs/share/champ_msgs/cmake/rosidl_cmake_export_typesupport_libraries-extras.cmake
[12.591s] -- Installing: /home/zyme/ros_ws/mini_pepper/install/champ_msgs/share/champ_msgs/cmake/champ_msgsConfig.cmake
[12.591s] -- Installing: /home/zyme/ros_ws/mini_pepper/install/champ_msgs/share/champ_msgs/cmake/champ_msgsConfig-version.cmake
[12.592s] -- Installing: /home/zyme/ros_ws/mini_pepper/install/champ_msgs/share/champ_msgs/package.xml
[12.595s] Invoked command in '/home/zyme/ros_ws/mini_pepper/build/champ_msgs' returned '0': CMAKE_PREFIX_PATH=${CMAKE_PREFIX_PATH}:/home/zyme/ros_ws/mini_pepper/install/mini_pupper_driver:/opt/ros/humble /usr/bin/cmake --install /home/zyme/ros_ws/mini_pepper/build/champ_msgs
