[0.643s] Invoking command in '/home/zyme/ros_ws/mini_pepper/build/ldlidar_stl_ros2': CMAKE_PREFIX_PATH=${CMAKE_PREFIX_PATH}:/home/zyme/ros_ws/mini_pepper/install/mini_pupper_driver:/opt/ros/humble /usr/bin/cmake /home/zyme/ros_ws/mini_pepper/src/ldlidar_stl_ros -DCMAKE_INSTALL_PREFIX=/home/zyme/ros_ws/mini_pepper/install/ldlidar_stl_ros2
[1.551s] -- The C compiler identification is GNU 11.4.0
[1.551s] -- The CXX compiler identification is GNU 11.4.0
[1.552s] -- Detecting C compiler ABI info
[1.552s] -- Detecting C compiler ABI info - done
[1.552s] -- Check for working C compiler: /usr/bin/cc - skipped
[1.552s] -- Detecting C compile features
[1.552s] -- Detecting C compile features - done
[1.552s] -- Detecting CXX compiler ABI info
[1.553s] -- Detecting CXX compiler ABI info - done
[1.553s] -- Check for working CXX compiler: /usr/bin/c++ - skipped
[1.554s] -- Detecting CXX compile features
[1.554s] -- Detecting CXX compile features - done
[1.554s] -- Found ament_cmake: 1.3.6 (/opt/ros/humble/share/ament_cmake/cmake)
[1.772s] -- Found Python3: /usr/bin/python3.10 (found version "3.10.12") found components: Interpreter 
[2.044s] -- Found rclcpp: 16.0.7 (/opt/ros/humble/share/rclcpp/cmake)
[2.159s] -- Found rosidl_generator_c: 3.1.5 (/opt/ros/humble/share/rosidl_generator_c/cmake)
[2.174s] -- Found rosidl_adapter: 3.1.5 (/opt/ros/humble/share/rosidl_adapter/cmake)
[2.197s] -- Found rosidl_generator_cpp: 3.1.5 (/opt/ros/humble/share/rosidl_generator_cpp/cmake)
[2.238s] -- Using all available rosidl_typesupport_c: rosidl_typesupport_fastrtps_c;rosidl_typesupport_introspection_c
[2.295s] -- Using all available rosidl_typesupport_cpp: rosidl_typesupport_fastrtps_cpp;rosidl_typesupport_introspection_cpp
[2.492s] -- Found rmw_implementation_cmake: 6.1.1 (/opt/ros/humble/share/rmw_implementation_cmake/cmake)
[2.500s] -- Found rmw_fastrtps_cpp: 6.2.5 (/opt/ros/humble/share/rmw_fastrtps_cpp/cmake)
[2.704s] -- Found OpenSSL: /usr/lib/x86_64-linux-gnu/libcrypto.so (found version "3.0.2")  
[2.760s] -- Found FastRTPS: /opt/ros/humble/include  
[2.842s] -- Using RMW implementation 'rmw_fastrtps_cpp' as default
[2.871s] -- Looking for pthread.h
[2.986s] -- Looking for pthread.h - found
[2.987s] -- Performing Test CMAKE_HAVE_LIBC_PTHREAD
[3.088s] -- Performing Test CMAKE_HAVE_LIBC_PTHREAD - Success
[3.089s] -- Found Threads: TRUE  
[3.361s] -- Found sensor_msgs: 4.2.3 (/opt/ros/humble/share/sensor_msgs/cmake)
[3.562s] -- Found ament_lint_auto: 0.12.9 (/opt/ros/humble/share/ament_lint_auto/cmake)
[3.677s] -- Added test 'copyright' to check source files copyright and LICENSE
[3.686s] -- Added test 'cppcheck' to perform static code analysis on C / C++ code
[3.687s] -- Configured cppcheck include dirs: /home/zyme/ros_ws/mini_pepper/src/ldlidar_stl_ros/include;/home/zyme/ros_ws/mini_pepper/src/ldlidar_stl_ros/ldlidar_driver/include/core;/home/zyme/ros_ws/mini_pepper/src/ldlidar_stl_ros/ldlidar_driver/include/dataprocess;/home/zyme/ros_ws/mini_pepper/src/ldlidar_stl_ros/ldlidar_driver/include/filter;/home/zyme/ros_ws/mini_pepper/src/ldlidar_stl_ros/ldlidar_driver/include/logger;/home/zyme/ros_ws/mini_pepper/src/ldlidar_stl_ros/ldlidar_driver/include/networkcom;/home/zyme/ros_ws/mini_pepper/src/ldlidar_stl_ros/ldlidar_driver/include/serialcom
[3.687s] -- Configured cppcheck exclude dirs and/or files: 
[3.695s] -- Added test 'cpplint' to check C / C++ code against the Google style
[3.696s] -- Configured cpplint exclude dirs and/or files: 
[3.696s] -- Added test 'flake8' to check Python code syntax and style conventions
[3.698s] -- Added test 'lint_cmake' to check CMake code style
[3.700s] -- Added test 'pep257' to check Python code against some of the docstring style conventions in PEP 257
[3.706s] -- Added test 'uncrustify' to check C / C++ code style
[3.707s] -- Configured uncrustify additional arguments: 
[3.708s] -- Added test 'xmllint' to check XML markup files
[3.711s] -- Configuring done
[3.721s] -- Generating done
[3.722s] -- Build files have been written to: /home/zyme/ros_ws/mini_pepper/build/ldlidar_stl_ros2
[3.818s] Invoked command in '/home/zyme/ros_ws/mini_pepper/build/ldlidar_stl_ros2' returned '0': CMAKE_PREFIX_PATH=${CMAKE_PREFIX_PATH}:/home/zyme/ros_ws/mini_pepper/install/mini_pupper_driver:/opt/ros/humble /usr/bin/cmake /home/zyme/ros_ws/mini_pepper/src/ldlidar_stl_ros -DCMAKE_INSTALL_PREFIX=/home/zyme/ros_ws/mini_pepper/install/ldlidar_stl_ros2
[3.821s] Invoking command in '/home/zyme/ros_ws/mini_pepper/build/ldlidar_stl_ros2': CMAKE_PREFIX_PATH=${CMAKE_PREFIX_PATH}:/home/zyme/ros_ws/mini_pepper/install/mini_pupper_driver:/opt/ros/humble /usr/bin/cmake --build /home/zyme/ros_ws/mini_pepper/build/ldlidar_stl_ros2 -- -j12 -l12
[3.888s] [ 12%] [32mBuilding CXX object CMakeFiles/ldlidar_stl_ros2_node.dir/ldlidar_driver/src/filter/tofbf.cpp.o[0m
[3.893s] [ 25%] [32mBuilding CXX object CMakeFiles/ldlidar_stl_ros2_node.dir/src/demo.cpp.o[0m
[3.894s] [ 37%] [32mBuilding CXX object CMakeFiles/ldlidar_stl_ros2_node.dir/ldlidar_driver/src/dataprocess/lipkg.cpp.o[0m
[3.895s] [ 50%] [32mBuilding CXX object CMakeFiles/ldlidar_stl_ros2_node.dir/ldlidar_driver/src/core/ldlidar_driver.cpp.o[0m
[3.898s] [ 87%] [32mBuilding CXX object CMakeFiles/ldlidar_stl_ros2_node.dir/ldlidar_driver/src/networkcom/network_socket_interface_linux.cpp.o[0m
[3.899s] [ 87%] [32mBuilding CXX object CMakeFiles/ldlidar_stl_ros2_node.dir/ldlidar_driver/src/logger/log_module.cpp.o[0m
[3.899s] [ 87%] [32mBuilding CXX object CMakeFiles/ldlidar_stl_ros2_node.dir/ldlidar_driver/src/serialcom/serial_interface_linux.cpp.o[0m
[11.694s] [100%] [32m[1mLinking CXX executable ldlidar_stl_ros2_node[0m
[11.944s] [100%] Built target ldlidar_stl_ros2_node
[11.955s] Invoked command in '/home/zyme/ros_ws/mini_pepper/build/ldlidar_stl_ros2' returned '0': CMAKE_PREFIX_PATH=${CMAKE_PREFIX_PATH}:/home/zyme/ros_ws/mini_pepper/install/mini_pupper_driver:/opt/ros/humble /usr/bin/cmake --build /home/zyme/ros_ws/mini_pepper/build/ldlidar_stl_ros2 -- -j12 -l12
[12.003s] Invoking command in '/home/zyme/ros_ws/mini_pepper/build/ldlidar_stl_ros2': CMAKE_PREFIX_PATH=${CMAKE_PREFIX_PATH}:/home/zyme/ros_ws/mini_pepper/install/mini_pupper_driver:/opt/ros/humble /usr/bin/cmake --install /home/zyme/ros_ws/mini_pepper/build/ldlidar_stl_ros2
[12.011s] -- Install configuration: ""
[12.011s] -- Installing: /home/zyme/ros_ws/mini_pepper/install/ldlidar_stl_ros2/lib/ldlidar_stl_ros2/ldlidar_stl_ros2_node
[12.012s] -- Set runtime path of "/home/zyme/ros_ws/mini_pepper/install/ldlidar_stl_ros2/lib/ldlidar_stl_ros2/ldlidar_stl_ros2_node" to ""
[12.013s] -- Installing: /home/zyme/ros_ws/mini_pepper/install/ldlidar_stl_ros2/share/ldlidar_stl_ros2//launch
[12.013s] -- Installing: /home/zyme/ros_ws/mini_pepper/install/ldlidar_stl_ros2/share/ldlidar_stl_ros2//launch/ld06.launch.py
[12.013s] -- Installing: /home/zyme/ros_ws/mini_pepper/install/ldlidar_stl_ros2/share/ldlidar_stl_ros2//launch/viewer_ld19.launch.py
[12.013s] -- Installing: /home/zyme/ros_ws/mini_pepper/install/ldlidar_stl_ros2/share/ldlidar_stl_ros2//launch/viewer_ld06.launch.py
[12.013s] -- Installing: /home/zyme/ros_ws/mini_pepper/install/ldlidar_stl_ros2/share/ldlidar_stl_ros2//launch/stl27l.launch.py
[12.014s] -- Installing: /home/zyme/ros_ws/mini_pepper/install/ldlidar_stl_ros2/share/ldlidar_stl_ros2//launch/viewer_stl27l.launch.py
[12.014s] -- Installing: /home/zyme/ros_ws/mini_pepper/install/ldlidar_stl_ros2/share/ldlidar_stl_ros2//launch/ld19.launch.py
[12.014s] -- Installing: /home/zyme/ros_ws/mini_pepper/install/ldlidar_stl_ros2/share/ldlidar_stl_ros2//rviz2
[12.014s] -- Installing: /home/zyme/ros_ws/mini_pepper/install/ldlidar_stl_ros2/share/ldlidar_stl_ros2//rviz2/ldlidar.rviz
[12.014s] -- Installing: /home/zyme/ros_ws/mini_pepper/install/ldlidar_stl_ros2/share/ament_index/resource_index/package_run_dependencies/ldlidar_stl_ros2
[12.015s] -- Installing: /home/zyme/ros_ws/mini_pepper/install/ldlidar_stl_ros2/share/ament_index/resource_index/parent_prefix_path/ldlidar_stl_ros2
[12.015s] -- Installing: /home/zyme/ros_ws/mini_pepper/install/ldlidar_stl_ros2/share/ldlidar_stl_ros2/environment/ament_prefix_path.sh
[12.015s] -- Installing: /home/zyme/ros_ws/mini_pepper/install/ldlidar_stl_ros2/share/ldlidar_stl_ros2/environment/ament_prefix_path.dsv
[12.016s] -- Installing: /home/zyme/ros_ws/mini_pepper/install/ldlidar_stl_ros2/share/ldlidar_stl_ros2/environment/path.sh
[12.016s] -- Installing: /home/zyme/ros_ws/mini_pepper/install/ldlidar_stl_ros2/share/ldlidar_stl_ros2/environment/path.dsv
[12.016s] -- Installing: /home/zyme/ros_ws/mini_pepper/install/ldlidar_stl_ros2/share/ldlidar_stl_ros2/local_setup.bash
[12.016s] -- Installing: /home/zyme/ros_ws/mini_pepper/install/ldlidar_stl_ros2/share/ldlidar_stl_ros2/local_setup.sh
[12.017s] -- Installing: /home/zyme/ros_ws/mini_pepper/install/ldlidar_stl_ros2/share/ldlidar_stl_ros2/local_setup.zsh
[12.017s] -- Installing: /home/zyme/ros_ws/mini_pepper/install/ldlidar_stl_ros2/share/ldlidar_stl_ros2/local_setup.dsv
[12.017s] -- Installing: /home/zyme/ros_ws/mini_pepper/install/ldlidar_stl_ros2/share/ldlidar_stl_ros2/package.dsv
[12.017s] -- Installing: /home/zyme/ros_ws/mini_pepper/install/ldlidar_stl_ros2/share/ament_index/resource_index/packages/ldlidar_stl_ros2
[12.018s] -- Installing: /home/zyme/ros_ws/mini_pepper/install/ldlidar_stl_ros2/share/ldlidar_stl_ros2/cmake/ldlidar_stl_ros2Config.cmake
[12.018s] -- Installing: /home/zyme/ros_ws/mini_pepper/install/ldlidar_stl_ros2/share/ldlidar_stl_ros2/cmake/ldlidar_stl_ros2Config-version.cmake
[12.018s] -- Installing: /home/zyme/ros_ws/mini_pepper/install/ldlidar_stl_ros2/share/ldlidar_stl_ros2/package.xml
[12.088s] Invoked command in '/home/zyme/ros_ws/mini_pepper/build/ldlidar_stl_ros2' returned '0': CMAKE_PREFIX_PATH=${CMAKE_PREFIX_PATH}:/home/zyme/ros_ws/mini_pepper/install/mini_pupper_driver:/opt/ros/humble /usr/bin/cmake --install /home/zyme/ros_ws/mini_pepper/build/ldlidar_stl_ros2
