[1.129s] Invoking command in '/home/zyme/ros_ws/mini_pepper/build/mini_pupper_gazebo': CMAKE_PREFIX_PATH=${CMAKE_PREFIX_PATH}:/home/zyme/ros_ws/mini_pepper/install/mini_pupper_driver:/opt/ros/humble /usr/bin/cmake /home/zyme/ros_ws/mini_pepper/src/mini_pupper_ros/mini_pupper_gazebo -DCMAKE_INSTALL_PREFIX=/home/zyme/ros_ws/mini_pepper/install/mini_pupper_gazebo
[1.804s] -- The C compiler identification is GNU 11.4.0
[1.804s] -- The CXX compiler identification is GNU 11.4.0
[1.804s] -- Detecting C compiler ABI info
[1.804s] -- Detecting C compiler ABI info - done
[1.804s] -- Check for working C compiler: /usr/bin/cc - skipped
[1.805s] -- Detecting C compile features
[1.805s] -- Detecting C compile features - done
[1.805s] -- Detecting CXX compiler ABI info
[1.909s] -- Detecting CXX compiler ABI info - done
[1.935s] -- Check for working CXX compiler: /usr/bin/c++ - skipped
[1.935s] -- Detecting CXX compile features
[1.935s] -- Detecting CXX compile features - done
[1.945s] -- Found ament_cmake: 1.3.6 (/opt/ros/humble/share/ament_cmake/cmake)
[2.267s] -- Found Python3: /usr/bin/python3.10 (found version "3.10.12") found components: Interpreter 
[2.426s] -- Found ament_lint_auto: 0.12.9 (/opt/ros/humble/share/ament_lint_auto/cmake)
[2.579s] -- Added test 'copyright' to check source files copyright and LICENSE
[2.581s] -- Added test 'flake8' to check Python code syntax and style conventions
[2.582s] -- Added test 'lint_cmake' to check CMake code style
[2.584s] -- Added test 'pep257' to check Python code against some of the docstring style conventions in PEP 257
[2.585s] -- Added test 'xmllint' to check XML markup files
[2.587s] -- Configuring done
[2.591s] -- Generating done
[2.592s] -- Build files have been written to: /home/zyme/ros_ws/mini_pepper/build/mini_pupper_gazebo
[2.803s] Invoked command in '/home/zyme/ros_ws/mini_pepper/build/mini_pupper_gazebo' returned '0': CMAKE_PREFIX_PATH=${CMAKE_PREFIX_PATH}:/home/zyme/ros_ws/mini_pepper/install/mini_pupper_driver:/opt/ros/humble /usr/bin/cmake /home/zyme/ros_ws/mini_pepper/src/mini_pupper_ros/mini_pupper_gazebo -DCMAKE_INSTALL_PREFIX=/home/zyme/ros_ws/mini_pepper/install/mini_pupper_gazebo
[2.805s] Invoking command in '/home/zyme/ros_ws/mini_pepper/build/mini_pupper_gazebo': CMAKE_PREFIX_PATH=${CMAKE_PREFIX_PATH}:/home/zyme/ros_ws/mini_pepper/install/mini_pupper_driver:/opt/ros/humble /usr/bin/cmake --build /home/zyme/ros_ws/mini_pepper/build/mini_pupper_gazebo -- -j12 -l12
[2.933s] Invoked command in '/home/zyme/ros_ws/mini_pepper/build/mini_pupper_gazebo' returned '0': CMAKE_PREFIX_PATH=${CMAKE_PREFIX_PATH}:/home/zyme/ros_ws/mini_pepper/install/mini_pupper_driver:/opt/ros/humble /usr/bin/cmake --build /home/zyme/ros_ws/mini_pepper/build/mini_pupper_gazebo -- -j12 -l12
[3.036s] Invoking command in '/home/zyme/ros_ws/mini_pepper/build/mini_pupper_gazebo': CMAKE_PREFIX_PATH=${CMAKE_PREFIX_PATH}:/home/zyme/ros_ws/mini_pepper/install/mini_pupper_driver:/opt/ros/humble /usr/bin/cmake --install /home/zyme/ros_ws/mini_pepper/build/mini_pupper_gazebo
[3.122s] -- Install configuration: ""
[3.123s] -- Installing: /home/zyme/ros_ws/mini_pepper/install/mini_pupper_gazebo/share/mini_pupper_gazebo/launch
[3.123s] -- Installing: /home/zyme/ros_ws/mini_pepper/install/mini_pupper_gazebo/share/mini_pupper_gazebo/launch/gazebo.launch.py
[3.124s] -- Installing: /home/zyme/ros_ws/mini_pepper/install/mini_pupper_gazebo/share/mini_pupper_gazebo/worlds
[3.125s] -- Installing: /home/zyme/ros_ws/mini_pepper/install/mini_pupper_gazebo/share/mini_pupper_gazebo/worlds/playground.world
[3.125s] -- Installing: /home/zyme/ros_ws/mini_pepper/install/mini_pupper_gazebo/share/mini_pupper_gazebo/worlds/outdoor.world
[3.126s] -- Installing: /home/zyme/ros_ws/mini_pepper/install/mini_pupper_gazebo/share/mini_pupper_gazebo/worlds/default.world
[3.126s] -- Installing: /home/zyme/ros_ws/mini_pepper/install/mini_pupper_gazebo/share/mini_pupper_gazebo/worlds/empty_world
[3.126s] -- Installing: /home/zyme/ros_ws/mini_pepper/install/mini_pupper_gazebo/share/ament_index/resource_index/package_run_dependencies/mini_pupper_gazebo
[3.127s] -- Installing: /home/zyme/ros_ws/mini_pepper/install/mini_pupper_gazebo/share/ament_index/resource_index/parent_prefix_path/mini_pupper_gazebo
[3.127s] -- Installing: /home/zyme/ros_ws/mini_pepper/install/mini_pupper_gazebo/share/mini_pupper_gazebo/environment/ament_prefix_path.sh
[3.127s] -- Installing: /home/zyme/ros_ws/mini_pepper/install/mini_pupper_gazebo/share/mini_pupper_gazebo/environment/ament_prefix_path.dsv
[3.128s] -- Installing: /home/zyme/ros_ws/mini_pepper/install/mini_pupper_gazebo/share/mini_pupper_gazebo/environment/path.sh
[3.128s] -- Installing: /home/zyme/ros_ws/mini_pepper/install/mini_pupper_gazebo/share/mini_pupper_gazebo/environment/path.dsv
[3.128s] -- Installing: /home/zyme/ros_ws/mini_pepper/install/mini_pupper_gazebo/share/mini_pupper_gazebo/local_setup.bash
[3.129s] -- Installing: /home/zyme/ros_ws/mini_pepper/install/mini_pupper_gazebo/share/mini_pupper_gazebo/local_setup.sh
[3.129s] -- Installing: /home/zyme/ros_ws/mini_pepper/install/mini_pupper_gazebo/share/mini_pupper_gazebo/local_setup.zsh
[3.129s] -- Installing: /home/zyme/ros_ws/mini_pepper/install/mini_pupper_gazebo/share/mini_pupper_gazebo/local_setup.dsv
[3.130s] -- Installing: /home/zyme/ros_ws/mini_pepper/install/mini_pupper_gazebo/share/mini_pupper_gazebo/package.dsv
[3.130s] -- Installing: /home/zyme/ros_ws/mini_pepper/install/mini_pupper_gazebo/share/ament_index/resource_index/packages/mini_pupper_gazebo
[3.130s] -- Installing: /home/zyme/ros_ws/mini_pepper/install/mini_pupper_gazebo/share/mini_pupper_gazebo/cmake/mini_pupper_gazeboConfig.cmake
[3.131s] -- Installing: /home/zyme/ros_ws/mini_pepper/install/mini_pupper_gazebo/share/mini_pupper_gazebo/cmake/mini_pupper_gazeboConfig-version.cmake
[3.131s] -- Installing: /home/zyme/ros_ws/mini_pepper/install/mini_pupper_gazebo/share/mini_pupper_gazebo/package.xml
[3.134s] Invoked command in '/home/zyme/ros_ws/mini_pepper/build/mini_pupper_gazebo' returned '0': CMAKE_PREFIX_PATH=${CMAKE_PREFIX_PATH}:/home/zyme/ros_ws/mini_pepper/install/mini_pupper_driver:/opt/ros/humble /usr/bin/cmake --install /home/zyme/ros_ws/mini_pepper/build/mini_pupper_gazebo
