[0.254s] Invoking command in '/home/zyme/ros_ws/mini_pepper/build/champ_base': CMAKE_PREFIX_PATH=/home/zyme/ros_ws/mini_pepper/install/champ_msgs:/home/zyme/ros_ws/mini_pepper/install/champ:/home/zyme/ros_ws/mini_pepper/install/mini_pupper_navigation:/home/zyme/ros_ws/mini_pepper/install/mini_pupper_gazebo:/home/zyme/ros_ws/mini_pepper/install/mini_pupper_description:/home/zyme/ros_ws/mini_pepper/install/mini_pupper_bringup:/home/zyme/ros_ws/mini_pepper/install/ldlidar_stl_ros2:/home/zyme/ros_ws/mini_pepper/install/champ_teleop:/home/zyme/ros_ws/mini_pepper/install/champ_navigation:/home/zyme/ros_ws/mini_pepper/install/champ_gazebo:/home/zyme/ros_ws/mini_pepper/install/champ_bringup:/home/zyme/ros_ws/mini_pepper/install/champ_base:/home/zyme/ros_ws/mini_pepper/install/champ_description:/home/zyme/ros_ws/mini_pepper/install/champ_config:/home/zyme/ros_ws/robot_localization/install/robot_localization:/home/zyme/ros_ws/navfuse/install/navfuse:/home/zyme/ros_ws/microros_ws/install/micro_ros_setup:/home/zyme/ros_ws/microros_ws/install/micro_ros_agent:/home/zyme/ros_ws/microros_ws/install/micro_ros_msgs:/home/zyme/ros_ws/mini_pepper/install/mini_pupper_driver:/opt/ros/humble LD_LIBRARY_PATH=/home/zyme/ros_ws/mini_pepper/install/champ_msgs/lib:/home/zyme/ros_ws/mini_pepper/install/champ_base/lib:/home/zyme/ros_ws/robot_localization/install/robot_localization/lib:/home/zyme/ros_ws/microros_ws/install/micro_ros_agent/lib:/home/zyme/ros_ws/microros_ws/install/micro_ros_msgs/lib:/usr/lib/x86_64-linux-gnu/gazebo-11/plugins:/opt/ros/humble/opt/rviz_ogre_vendor/lib:/opt/ros/humble/lib/x86_64-linux-gnu:/opt/ros/humble/lib /usr/bin/cmake /home/zyme/ros_ws/mini_pepper/src/champ/champ/champ_base -DCMAKE_INSTALL_PREFIX=/home/zyme/ros_ws/mini_pepper/install/champ_base
[0.311s] -- The C compiler identification is GNU 11.4.0
[0.367s] -- The CXX compiler identification is GNU 11.4.0
[0.374s] -- Detecting C compiler ABI info
[0.446s] -- Detecting C compiler ABI info - done
[0.453s] -- Check for working C compiler: /usr/bin/cc - skipped
[0.453s] -- Detecting C compile features
[0.453s] -- Detecting C compile features - done
[0.456s] -- Detecting CXX compiler ABI info
[0.537s] -- Detecting CXX compiler ABI info - done
[0.544s] -- Check for working CXX compiler: /usr/bin/c++ - skipped
[0.545s] -- Detecting CXX compile features
[0.545s] -- Detecting CXX compile features - done
[0.550s] -- Found ament_cmake: 1.3.6 (/opt/ros/humble/share/ament_cmake/cmake)
[0.734s] -- Found Python3: /usr/bin/python3.10 (found version "3.10.12") found components: Interpreter 
[0.854s] -- Found rclcpp: 16.0.7 (/opt/ros/humble/share/rclcpp/cmake)
[0.917s] -- Found rosidl_generator_c: 3.1.5 (/opt/ros/humble/share/rosidl_generator_c/cmake)
[0.925s] -- Found rosidl_adapter: 3.1.5 (/opt/ros/humble/share/rosidl_adapter/cmake)
[0.937s] -- Found rosidl_generator_cpp: 3.1.5 (/opt/ros/humble/share/rosidl_generator_cpp/cmake)
[0.954s] -- Using all available rosidl_typesupport_c: rosidl_typesupport_fastrtps_c;rosidl_typesupport_introspection_c
[0.979s] -- Using all available rosidl_typesupport_cpp: rosidl_typesupport_fastrtps_cpp;rosidl_typesupport_introspection_cpp
[1.067s] -- Found rmw_implementation_cmake: 6.1.1 (/opt/ros/humble/share/rmw_implementation_cmake/cmake)
[1.072s] -- Found rmw_fastrtps_cpp: 6.2.5 (/opt/ros/humble/share/rmw_fastrtps_cpp/cmake)
[1.190s] -- Found OpenSSL: /usr/lib/x86_64-linux-gnu/libcrypto.so (found version "3.0.2")  
[1.221s] -- Found FastRTPS: /opt/ros/humble/include  
[1.274s] -- Using RMW implementation 'rmw_fastrtps_cpp' as default
[1.289s] -- Looking for pthread.h
[1.363s] -- Looking for pthread.h - found
[1.364s] -- Performing Test CMAKE_HAVE_LIBC_PTHREAD
[1.440s] -- Performing Test CMAKE_HAVE_LIBC_PTHREAD - Success
[1.441s] -- Found Threads: TRUE  
[1.628s] -- Found rclpy: 3.3.11 (/opt/ros/humble/share/rclpy/cmake)
[1.628s] -- Found champ_msgs: 0.1.0 (/home/zyme/ros_ws/mini_pepper/install/champ_msgs/share/champ_msgs/cmake)
[1.752s] -- Found visualization_msgs: 4.2.3 (/opt/ros/humble/share/visualization_msgs/cmake)
[1.990s] -- Found trajectory_msgs: 4.2.3 (/opt/ros/humble/share/trajectory_msgs/cmake)
[2.080s] -- Found nav_msgs: 4.2.3 (/opt/ros/humble/share/nav_msgs/cmake)
[2.171s] -- Found tf2_ros: 0.25.5 (/opt/ros/humble/share/tf2_ros/cmake)
[2.563s] -- Found urdf: 2.6.0 (/opt/ros/humble/share/urdf/cmake)
[2.600s] -- Found champ: 0.1.0 (/home/zyme/ros_ws/mini_pepper/install/champ/share/champ/cmake)
[2.704s] -- Configuring done
[2.750s] -- Generating done
[2.752s] -- Build files have been written to: /home/zyme/ros_ws/mini_pepper/build/champ_base
[2.763s] Invoked command in '/home/zyme/ros_ws/mini_pepper/build/champ_base' returned '0': CMAKE_PREFIX_PATH=/home/zyme/ros_ws/mini_pepper/install/champ_msgs:/home/zyme/ros_ws/mini_pepper/install/champ:/home/zyme/ros_ws/mini_pepper/install/mini_pupper_navigation:/home/zyme/ros_ws/mini_pepper/install/mini_pupper_gazebo:/home/zyme/ros_ws/mini_pepper/install/mini_pupper_description:/home/zyme/ros_ws/mini_pepper/install/mini_pupper_bringup:/home/zyme/ros_ws/mini_pepper/install/ldlidar_stl_ros2:/home/zyme/ros_ws/mini_pepper/install/champ_teleop:/home/zyme/ros_ws/mini_pepper/install/champ_navigation:/home/zyme/ros_ws/mini_pepper/install/champ_gazebo:/home/zyme/ros_ws/mini_pepper/install/champ_bringup:/home/zyme/ros_ws/mini_pepper/install/champ_base:/home/zyme/ros_ws/mini_pepper/install/champ_description:/home/zyme/ros_ws/mini_pepper/install/champ_config:/home/zyme/ros_ws/robot_localization/install/robot_localization:/home/zyme/ros_ws/navfuse/install/navfuse:/home/zyme/ros_ws/microros_ws/install/micro_ros_setup:/home/zyme/ros_ws/microros_ws/install/micro_ros_agent:/home/zyme/ros_ws/microros_ws/install/micro_ros_msgs:/home/zyme/ros_ws/mini_pepper/install/mini_pupper_driver:/opt/ros/humble LD_LIBRARY_PATH=/home/zyme/ros_ws/mini_pepper/install/champ_msgs/lib:/home/zyme/ros_ws/mini_pepper/install/champ_base/lib:/home/zyme/ros_ws/robot_localization/install/robot_localization/lib:/home/zyme/ros_ws/microros_ws/install/micro_ros_agent/lib:/home/zyme/ros_ws/microros_ws/install/micro_ros_msgs/lib:/usr/lib/x86_64-linux-gnu/gazebo-11/plugins:/opt/ros/humble/opt/rviz_ogre_vendor/lib:/opt/ros/humble/lib/x86_64-linux-gnu:/opt/ros/humble/lib /usr/bin/cmake /home/zyme/ros_ws/mini_pepper/src/champ/champ/champ_base -DCMAKE_INSTALL_PREFIX=/home/zyme/ros_ws/mini_pepper/install/champ_base
[2.764s] Invoking command in '/home/zyme/ros_ws/mini_pepper/build/champ_base': CMAKE_PREFIX_PATH=/home/zyme/ros_ws/mini_pepper/install/champ_msgs:/home/zyme/ros_ws/mini_pepper/install/champ:/home/zyme/ros_ws/mini_pepper/install/mini_pupper_navigation:/home/zyme/ros_ws/mini_pepper/install/mini_pupper_gazebo:/home/zyme/ros_ws/mini_pepper/install/mini_pupper_description:/home/zyme/ros_ws/mini_pepper/install/mini_pupper_bringup:/home/zyme/ros_ws/mini_pepper/install/ldlidar_stl_ros2:/home/zyme/ros_ws/mini_pepper/install/champ_teleop:/home/zyme/ros_ws/mini_pepper/install/champ_navigation:/home/zyme/ros_ws/mini_pepper/install/champ_gazebo:/home/zyme/ros_ws/mini_pepper/install/champ_bringup:/home/zyme/ros_ws/mini_pepper/install/champ_base:/home/zyme/ros_ws/mini_pepper/install/champ_description:/home/zyme/ros_ws/mini_pepper/install/champ_config:/home/zyme/ros_ws/robot_localization/install/robot_localization:/home/zyme/ros_ws/navfuse/install/navfuse:/home/zyme/ros_ws/microros_ws/install/micro_ros_setup:/home/zyme/ros_ws/microros_ws/install/micro_ros_agent:/home/zyme/ros_ws/microros_ws/install/micro_ros_msgs:/home/zyme/ros_ws/mini_pepper/install/mini_pupper_driver:/opt/ros/humble LD_LIBRARY_PATH=/home/zyme/ros_ws/mini_pepper/install/champ_msgs/lib:/home/zyme/ros_ws/mini_pepper/install/champ_base/lib:/home/zyme/ros_ws/robot_localization/install/robot_localization/lib:/home/zyme/ros_ws/microros_ws/install/micro_ros_agent/lib:/home/zyme/ros_ws/microros_ws/install/micro_ros_msgs/lib:/usr/lib/x86_64-linux-gnu/gazebo-11/plugins:/opt/ros/humble/opt/rviz_ogre_vendor/lib:/opt/ros/humble/lib/x86_64-linux-gnu:/opt/ros/humble/lib /usr/bin/cmake --build /home/zyme/ros_ws/mini_pepper/build/champ_base -- -j12 -l12
[2.820s] [ 25%] [32mBuilding CXX object CMakeFiles/quadruped_controller.dir/src/quadruped_controller.cpp.o[0m
[2.821s] [ 25%] [32mBuilding CXX object CMakeFiles/state_estimation.dir/src/state_estimation.cpp.o[0m
[2.821s] [ 25%] [32mBuilding CXX object CMakeFiles/message_relay.dir/src/message_relay.cpp.o[0m
[17.369s] [ 33%] [32m[1mLinking CXX shared library libquadruped_controller.so[0m
[18.625s] [ 33%] Built target quadruped_controller
[18.651s] [ 41%] [32mBuilding CXX object CMakeFiles/quadruped_controller_node.dir/src/quadruped_controller_node.cpp.o[0m
[20.842s] [ 50%] [32m[1mLinking CXX shared library libmessage_relay.so[0m
[22.426s] [ 50%] Built target message_relay
[22.450s] [ 58%] [32mBuilding CXX object CMakeFiles/message_relay_node.dir/src/message_relay_node.cpp.o[0m
[22.880s] [ 66%] [32m[1mLinking CXX executable quadruped_controller_node[0m
[23.422s] [ 75%] [32m[1mLinking CXX shared library libstate_estimation.so[0m
[23.555s] [ 75%] Built target quadruped_controller_node
[25.056s] [ 75%] Built target state_estimation
[25.081s] [ 83%] [32mBuilding CXX object CMakeFiles/state_estimation_node.dir/src/state_estimation_node.cpp.o[0m
[26.614s] [ 91%] [32m[1mLinking CXX executable message_relay_node[0m
[27.595s] [ 91%] Built target message_relay_node
[31.590s] [100%] [32m[1mLinking CXX executable state_estimation_node[0m
[32.048s] [100%] Built target state_estimation_node
[32.059s] Invoked command in '/home/zyme/ros_ws/mini_pepper/build/champ_base' returned '0': CMAKE_PREFIX_PATH=/home/zyme/ros_ws/mini_pepper/install/champ_msgs:/home/zyme/ros_ws/mini_pepper/install/champ:/home/zyme/ros_ws/mini_pepper/install/mini_pupper_navigation:/home/zyme/ros_ws/mini_pepper/install/mini_pupper_gazebo:/home/zyme/ros_ws/mini_pepper/install/mini_pupper_description:/home/zyme/ros_ws/mini_pepper/install/mini_pupper_bringup:/home/zyme/ros_ws/mini_pepper/install/ldlidar_stl_ros2:/home/zyme/ros_ws/mini_pepper/install/champ_teleop:/home/zyme/ros_ws/mini_pepper/install/champ_navigation:/home/zyme/ros_ws/mini_pepper/install/champ_gazebo:/home/zyme/ros_ws/mini_pepper/install/champ_bringup:/home/zyme/ros_ws/mini_pepper/install/champ_base:/home/zyme/ros_ws/mini_pepper/install/champ_description:/home/zyme/ros_ws/mini_pepper/install/champ_config:/home/zyme/ros_ws/robot_localization/install/robot_localization:/home/zyme/ros_ws/navfuse/install/navfuse:/home/zyme/ros_ws/microros_ws/install/micro_ros_setup:/home/zyme/ros_ws/microros_ws/install/micro_ros_agent:/home/zyme/ros_ws/microros_ws/install/micro_ros_msgs:/home/zyme/ros_ws/mini_pepper/install/mini_pupper_driver:/opt/ros/humble LD_LIBRARY_PATH=/home/zyme/ros_ws/mini_pepper/install/champ_msgs/lib:/home/zyme/ros_ws/mini_pepper/install/champ_base/lib:/home/zyme/ros_ws/robot_localization/install/robot_localization/lib:/home/zyme/ros_ws/microros_ws/install/micro_ros_agent/lib:/home/zyme/ros_ws/microros_ws/install/micro_ros_msgs/lib:/usr/lib/x86_64-linux-gnu/gazebo-11/plugins:/opt/ros/humble/opt/rviz_ogre_vendor/lib:/opt/ros/humble/lib/x86_64-linux-gnu:/opt/ros/humble/lib /usr/bin/cmake --build /home/zyme/ros_ws/mini_pepper/build/champ_base -- -j12 -l12
[32.108s] Invoking command in '/home/zyme/ros_ws/mini_pepper/build/champ_base': CMAKE_PREFIX_PATH=/home/zyme/ros_ws/mini_pepper/install/champ_msgs:/home/zyme/ros_ws/mini_pepper/install/champ:/home/zyme/ros_ws/mini_pepper/install/mini_pupper_navigation:/home/zyme/ros_ws/mini_pepper/install/mini_pupper_gazebo:/home/zyme/ros_ws/mini_pepper/install/mini_pupper_description:/home/zyme/ros_ws/mini_pepper/install/mini_pupper_bringup:/home/zyme/ros_ws/mini_pepper/install/ldlidar_stl_ros2:/home/zyme/ros_ws/mini_pepper/install/champ_teleop:/home/zyme/ros_ws/mini_pepper/install/champ_navigation:/home/zyme/ros_ws/mini_pepper/install/champ_gazebo:/home/zyme/ros_ws/mini_pepper/install/champ_bringup:/home/zyme/ros_ws/mini_pepper/install/champ_base:/home/zyme/ros_ws/mini_pepper/install/champ_description:/home/zyme/ros_ws/mini_pepper/install/champ_config:/home/zyme/ros_ws/robot_localization/install/robot_localization:/home/zyme/ros_ws/navfuse/install/navfuse:/home/zyme/ros_ws/microros_ws/install/micro_ros_setup:/home/zyme/ros_ws/microros_ws/install/micro_ros_agent:/home/zyme/ros_ws/microros_ws/install/micro_ros_msgs:/home/zyme/ros_ws/mini_pepper/install/mini_pupper_driver:/opt/ros/humble LD_LIBRARY_PATH=/home/zyme/ros_ws/mini_pepper/install/champ_msgs/lib:/home/zyme/ros_ws/mini_pepper/install/champ_base/lib:/home/zyme/ros_ws/robot_localization/install/robot_localization/lib:/home/zyme/ros_ws/microros_ws/install/micro_ros_agent/lib:/home/zyme/ros_ws/microros_ws/install/micro_ros_msgs/lib:/usr/lib/x86_64-linux-gnu/gazebo-11/plugins:/opt/ros/humble/opt/rviz_ogre_vendor/lib:/opt/ros/humble/lib/x86_64-linux-gnu:/opt/ros/humble/lib /usr/bin/cmake --install /home/zyme/ros_ws/mini_pepper/build/champ_base
[32.116s] -- Install configuration: ""
[32.116s] -- Installing: /home/zyme/ros_ws/mini_pepper/install/champ_base/share/champ_base/config
[32.116s] -- Installing: /home/zyme/ros_ws/mini_pepper/install/champ_base/share/champ_base/config/velocity_smoother
[32.116s] -- Installing: /home/zyme/ros_ws/mini_pepper/install/champ_base/share/champ_base/config/velocity_smoother/velocity_smoother.yaml
[32.117s] -- Installing: /home/zyme/ros_ws/mini_pepper/install/champ_base/share/champ_base/config/ekf
[32.117s] -- Installing: /home/zyme/ros_ws/mini_pepper/install/champ_base/share/champ_base/config/ekf/base_to_footprint.yaml
[32.117s] -- Installing: /home/zyme/ros_ws/mini_pepper/install/champ_base/share/champ_base/config/ekf/footprint_to_odom.yaml
[32.117s] -- Installing: /home/zyme/ros_ws/mini_pepper/install/champ_base/lib/libquadruped_controller.so
[32.129s] -- Set runtime path of "/home/zyme/ros_ws/mini_pepper/install/champ_base/lib/libquadruped_controller.so" to ""
[32.129s] -- Installing: /home/zyme/ros_ws/mini_pepper/install/champ_base/bin/quadruped_controller_node
[32.130s] -- Set runtime path of "/home/zyme/ros_ws/mini_pepper/install/champ_base/bin/quadruped_controller_node" to ""
[32.130s] -- Installing: /home/zyme/ros_ws/mini_pepper/install/champ_base/lib/libmessage_relay.so
[32.145s] -- Set runtime path of "/home/zyme/ros_ws/mini_pepper/install/champ_base/lib/libmessage_relay.so" to ""
[32.145s] -- Installing: /home/zyme/ros_ws/mini_pepper/install/champ_base/bin/message_relay_node
[32.145s] -- Set runtime path of "/home/zyme/ros_ws/mini_pepper/install/champ_base/bin/message_relay_node" to ""
[32.145s] -- Installing: /home/zyme/ros_ws/mini_pepper/install/champ_base/lib/libstate_estimation.so
[32.161s] -- Set runtime path of "/home/zyme/ros_ws/mini_pepper/install/champ_base/lib/libstate_estimation.so" to ""
[32.161s] -- Installing: /home/zyme/ros_ws/mini_pepper/install/champ_base/bin/state_estimation_node
[32.162s] -- Set runtime path of "/home/zyme/ros_ws/mini_pepper/install/champ_base/bin/state_estimation_node" to ""
[32.162s] -- Installing: /home/zyme/ros_ws/mini_pepper/install/champ_base/lib/champ_base/quadruped_controller_node
[32.163s] -- Set runtime path of "/home/zyme/ros_ws/mini_pepper/install/champ_base/lib/champ_base/quadruped_controller_node" to ""
[32.163s] -- Installing: /home/zyme/ros_ws/mini_pepper/install/champ_base/lib/champ_base/message_relay_node
[32.163s] -- Set runtime path of "/home/zyme/ros_ws/mini_pepper/install/champ_base/lib/champ_base/message_relay_node" to ""
[32.163s] -- Installing: /home/zyme/ros_ws/mini_pepper/install/champ_base/lib/champ_base/state_estimation_node
[32.164s] -- Set runtime path of "/home/zyme/ros_ws/mini_pepper/install/champ_base/lib/champ_base/state_estimation_node" to ""
[32.164s] -- Installing: /home/zyme/ros_ws/mini_pepper/install/champ_base/share/ament_index/resource_index/package_run_dependencies/champ_base
[32.164s] -- Installing: /home/zyme/ros_ws/mini_pepper/install/champ_base/share/ament_index/resource_index/parent_prefix_path/champ_base
[32.164s] -- Installing: /home/zyme/ros_ws/mini_pepper/install/champ_base/share/champ_base/environment/ament_prefix_path.sh
[32.165s] -- Installing: /home/zyme/ros_ws/mini_pepper/install/champ_base/share/champ_base/environment/ament_prefix_path.dsv
[32.165s] -- Installing: /home/zyme/ros_ws/mini_pepper/install/champ_base/share/champ_base/environment/path.sh
[32.165s] -- Installing: /home/zyme/ros_ws/mini_pepper/install/champ_base/share/champ_base/environment/path.dsv
[32.165s] -- Installing: /home/zyme/ros_ws/mini_pepper/install/champ_base/share/champ_base/local_setup.bash
[32.165s] -- Installing: /home/zyme/ros_ws/mini_pepper/install/champ_base/share/champ_base/local_setup.sh
[32.165s] -- Installing: /home/zyme/ros_ws/mini_pepper/install/champ_base/share/champ_base/local_setup.zsh
[32.166s] -- Installing: /home/zyme/ros_ws/mini_pepper/install/champ_base/share/champ_base/local_setup.dsv
[32.166s] -- Installing: /home/zyme/ros_ws/mini_pepper/install/champ_base/share/champ_base/package.dsv
[32.166s] -- Installing: /home/zyme/ros_ws/mini_pepper/install/champ_base/share/ament_index/resource_index/packages/champ_base
[32.166s] -- Installing: /home/zyme/ros_ws/mini_pepper/install/champ_base/share/champ_base/cmake/ament_cmake_export_include_directories-extras.cmake
[32.166s] -- Installing: /home/zyme/ros_ws/mini_pepper/install/champ_base/share/champ_base/cmake/ament_cmake_export_dependencies-extras.cmake
[32.166s] -- Installing: /home/zyme/ros_ws/mini_pepper/install/champ_base/share/champ_base/cmake/champ_baseConfig.cmake
[32.167s] -- Installing: /home/zyme/ros_ws/mini_pepper/install/champ_base/share/champ_base/cmake/champ_baseConfig-version.cmake
[32.167s] -- Installing: /home/zyme/ros_ws/mini_pepper/install/champ_base/share/champ_base/package.xml
[32.169s] Invoked command in '/home/zyme/ros_ws/mini_pepper/build/champ_base' returned '0': CMAKE_PREFIX_PATH=/home/zyme/ros_ws/mini_pepper/install/champ_msgs:/home/zyme/ros_ws/mini_pepper/install/champ:/home/zyme/ros_ws/mini_pepper/install/mini_pupper_navigation:/home/zyme/ros_ws/mini_pepper/install/mini_pupper_gazebo:/home/zyme/ros_ws/mini_pepper/install/mini_pupper_description:/home/zyme/ros_ws/mini_pepper/install/mini_pupper_bringup:/home/zyme/ros_ws/mini_pepper/install/ldlidar_stl_ros2:/home/zyme/ros_ws/mini_pepper/install/champ_teleop:/home/zyme/ros_ws/mini_pepper/install/champ_navigation:/home/zyme/ros_ws/mini_pepper/install/champ_gazebo:/home/zyme/ros_ws/mini_pepper/install/champ_bringup:/home/zyme/ros_ws/mini_pepper/install/champ_base:/home/zyme/ros_ws/mini_pepper/install/champ_description:/home/zyme/ros_ws/mini_pepper/install/champ_config:/home/zyme/ros_ws/robot_localization/install/robot_localization:/home/zyme/ros_ws/navfuse/install/navfuse:/home/zyme/ros_ws/microros_ws/install/micro_ros_setup:/home/zyme/ros_ws/microros_ws/install/micro_ros_agent:/home/zyme/ros_ws/microros_ws/install/micro_ros_msgs:/home/zyme/ros_ws/mini_pepper/install/mini_pupper_driver:/opt/ros/humble LD_LIBRARY_PATH=/home/zyme/ros_ws/mini_pepper/install/champ_msgs/lib:/home/zyme/ros_ws/mini_pepper/install/champ_base/lib:/home/zyme/ros_ws/robot_localization/install/robot_localization/lib:/home/zyme/ros_ws/microros_ws/install/micro_ros_agent/lib:/home/zyme/ros_ws/microros_ws/install/micro_ros_msgs/lib:/usr/lib/x86_64-linux-gnu/gazebo-11/plugins:/opt/ros/humble/opt/rviz_ogre_vendor/lib:/opt/ros/humble/lib/x86_64-linux-gnu:/opt/ros/humble/lib /usr/bin/cmake --install /home/zyme/ros_ws/mini_pepper/build/champ_base
