[0.986s] Invoking command in '/home/zyme/ros_ws/mini_pepper/build/champ_config': CMAKE_PREFIX_PATH=${CMAKE_PREFIX_PATH}:/home/zyme/ros_ws/mini_pepper/install/mini_pupper_driver:/opt/ros/humble /usr/bin/cmake /home/zyme/ros_ws/mini_pepper/src/champ/champ/champ_config -DCMAKE_INSTALL_PREFIX=/home/zyme/ros_ws/mini_pepper/install/champ_config
[1.891s] -- The C compiler identification is GNU 11.4.0
[1.891s] -- The CXX compiler identification is GNU 11.4.0
[1.892s] -- Detecting C compiler ABI info
[1.892s] -- Detecting C compiler ABI info - done
[1.892s] -- Check for working C compiler: /usr/bin/cc - skipped
[1.893s] -- Detecting C compile features
[1.893s] -- Detecting C compile features - done
[1.894s] -- Detecting CXX compiler ABI info
[1.894s] -- Detecting CXX compiler ABI info - done
[1.894s] -- Check for working CXX compiler: /usr/bin/c++ - skipped
[1.895s] -- Detecting CXX compile features
[1.903s] -- Detecting CXX compile features - done
[1.903s] -- Found ament_cmake: 1.3.6 (/opt/ros/humble/share/ament_cmake/cmake)
[2.111s] -- Found Python3: /usr/bin/python3.10 (found version "3.10.12") found components: Interpreter 
[2.545s] -- Configuring done
[2.549s] -- Generating done
[2.551s] -- Build files have been written to: /home/zyme/ros_ws/mini_pepper/build/champ_config
[2.565s] Invoked command in '/home/zyme/ros_ws/mini_pepper/build/champ_config' returned '0': CMAKE_PREFIX_PATH=${CMAKE_PREFIX_PATH}:/home/zyme/ros_ws/mini_pepper/install/mini_pupper_driver:/opt/ros/humble /usr/bin/cmake /home/zyme/ros_ws/mini_pepper/src/champ/champ/champ_config -DCMAKE_INSTALL_PREFIX=/home/zyme/ros_ws/mini_pepper/install/champ_config
[2.566s] Invoking command in '/home/zyme/ros_ws/mini_pepper/build/champ_config': CMAKE_PREFIX_PATH=${CMAKE_PREFIX_PATH}:/home/zyme/ros_ws/mini_pepper/install/mini_pupper_driver:/opt/ros/humble /usr/bin/cmake --build /home/zyme/ros_ws/mini_pepper/build/champ_config -- -j12 -l12
[2.665s] Invoked command in '/home/zyme/ros_ws/mini_pepper/build/champ_config' returned '0': CMAKE_PREFIX_PATH=${CMAKE_PREFIX_PATH}:/home/zyme/ros_ws/mini_pepper/install/mini_pupper_driver:/opt/ros/humble /usr/bin/cmake --build /home/zyme/ros_ws/mini_pepper/build/champ_config -- -j12 -l12
[2.722s] Invoking command in '/home/zyme/ros_ws/mini_pepper/build/champ_config': CMAKE_PREFIX_PATH=${CMAKE_PREFIX_PATH}:/home/zyme/ros_ws/mini_pepper/install/mini_pupper_driver:/opt/ros/humble /usr/bin/cmake --install /home/zyme/ros_ws/mini_pepper/build/champ_config
[2.740s] -- Install configuration: ""
[2.741s] -- Installing: /home/zyme/ros_ws/mini_pepper/install/champ_config/share/champ_config/launch
[2.743s] -- Installing: /home/zyme/ros_ws/mini_pepper/install/champ_config/share/champ_config/launch/navigate.launch.py
[2.744s] -- Installing: /home/zyme/ros_ws/mini_pepper/install/champ_config/share/champ_config/launch/slam.launch.py
[2.744s] -- Installing: /home/zyme/ros_ws/mini_pepper/install/champ_config/share/champ_config/launch/gazebo.launch.py
[2.745s] -- Installing: /home/zyme/ros_ws/mini_pepper/install/champ_config/share/champ_config/launch/bringup.launch.py
[2.746s] -- Installing: /home/zyme/ros_ws/mini_pepper/install/champ_config/share/champ_config/config
[2.746s] -- Installing: /home/zyme/ros_ws/mini_pepper/install/champ_config/share/champ_config/config/gait
[2.747s] -- Installing: /home/zyme/ros_ws/mini_pepper/install/champ_config/share/champ_config/config/gait/gait.yaml
[2.747s] -- Installing: /home/zyme/ros_ws/mini_pepper/install/champ_config/share/champ_config/config/autonomy
[2.748s] -- Installing: /home/zyme/ros_ws/mini_pepper/install/champ_config/share/champ_config/config/autonomy/slam.yaml
[2.748s] -- Installing: /home/zyme/ros_ws/mini_pepper/install/champ_config/share/champ_config/config/autonomy/navigation.yaml
[2.748s] -- Installing: /home/zyme/ros_ws/mini_pepper/install/champ_config/share/champ_config/config/links
[2.748s] -- Installing: /home/zyme/ros_ws/mini_pepper/install/champ_config/share/champ_config/config/links/links.yaml
[2.748s] -- Installing: /home/zyme/ros_ws/mini_pepper/install/champ_config/share/champ_config/config/joints
[2.748s] -- Installing: /home/zyme/ros_ws/mini_pepper/install/champ_config/share/champ_config/config/joints/joints.yaml
[2.749s] -- Installing: /home/zyme/ros_ws/mini_pepper/install/champ_config/share/champ_config/maps
[2.749s] -- Installing: /home/zyme/ros_ws/mini_pepper/install/champ_config/share/champ_config/maps/map.yaml
[2.749s] -- Installing: /home/zyme/ros_ws/mini_pepper/install/champ_config/share/champ_config/maps/playground.pgm
[2.750s] -- Installing: /home/zyme/ros_ws/mini_pepper/install/champ_config/share/champ_config/maps/playground.yaml
[2.750s] -- Installing: /home/zyme/ros_ws/mini_pepper/install/champ_config/share/champ_config/maps/map.pgm
[2.778s] -- Installing: /home/zyme/ros_ws/mini_pepper/install/champ_config/share/champ_config/worlds
[2.779s] -- Installing: /home/zyme/ros_ws/mini_pepper/install/champ_config/share/champ_config/worlds/playground.world
[2.780s] -- Installing: /home/zyme/ros_ws/mini_pepper/install/champ_config/share/champ_config/worlds/outdoor.world
[2.781s] -- Installing: /home/zyme/ros_ws/mini_pepper/install/champ_config/share/champ_config/worlds/default.world
[2.782s] -- Installing: /home/zyme/ros_ws/mini_pepper/install/champ_config/share/ament_index/resource_index/package_run_dependencies/champ_config
[2.785s] -- Installing: /home/zyme/ros_ws/mini_pepper/install/champ_config/share/ament_index/resource_index/parent_prefix_path/champ_config
[2.789s] -- Installing: /home/zyme/ros_ws/mini_pepper/install/champ_config/share/champ_config/environment/ament_prefix_path.sh
[2.789s] -- Installing: /home/zyme/ros_ws/mini_pepper/install/champ_config/share/champ_config/environment/ament_prefix_path.dsv
[2.790s] -- Installing: /home/zyme/ros_ws/mini_pepper/install/champ_config/share/champ_config/environment/path.sh
[2.791s] -- Installing: /home/zyme/ros_ws/mini_pepper/install/champ_config/share/champ_config/environment/path.dsv
[2.791s] -- Installing: /home/zyme/ros_ws/mini_pepper/install/champ_config/share/champ_config/local_setup.bash
[2.791s] -- Installing: /home/zyme/ros_ws/mini_pepper/install/champ_config/share/champ_config/local_setup.sh
[2.791s] -- Installing: /home/zyme/ros_ws/mini_pepper/install/champ_config/share/champ_config/local_setup.zsh
[2.791s] -- Installing: /home/zyme/ros_ws/mini_pepper/install/champ_config/share/champ_config/local_setup.dsv
[2.792s] -- Installing: /home/zyme/ros_ws/mini_pepper/install/champ_config/share/champ_config/package.dsv
[2.792s] -- Installing: /home/zyme/ros_ws/mini_pepper/install/champ_config/share/ament_index/resource_index/packages/champ_config
[2.792s] -- Installing: /home/zyme/ros_ws/mini_pepper/install/champ_config/share/champ_config/cmake/champ_configConfig.cmake
[2.792s] -- Installing: /home/zyme/ros_ws/mini_pepper/install/champ_config/share/champ_config/cmake/champ_configConfig-version.cmake
[2.792s] -- Installing: /home/zyme/ros_ws/mini_pepper/install/champ_config/share/champ_config/package.xml
[3.104s] Invoked command in '/home/zyme/ros_ws/mini_pepper/build/champ_config' returned '0': CMAKE_PREFIX_PATH=${CMAKE_PREFIX_PATH}:/home/zyme/ros_ws/mini_pepper/install/mini_pupper_driver:/opt/ros/humble /usr/bin/cmake --install /home/zyme/ros_ws/mini_pepper/build/champ_config
